{"name": "PATCH /projects/project_id/move", "status": "failed", "statusDetails": {"message": "AssertionError: assert 500 == 400\n +  where 500 = <Response [500]>.status_code", "trace": "login_projects = <requests.sessions.Session object at 0x000001BF5B54D390>, project_id = 122222222222222222...2222222222222222222\n\n    @allure.title(\"PATCH /projects/project_id/move\")\n    @pytest.mark.parametrize(\"project_id\", invalid_space_id)\n    def test_27_move_project_with_invalid_id(login_projects, project_id):\n        response = login_projects.patch(\n            HOST + f\"/projects/{project_id}/move\", json={\"columnId\": 0, \"order\": 0}\n        )\n>       assert response.status_code == 400\nE       assert 500 == 400\nE        +  where 500 = <Response [500]>.status_code\n\ntests\\4 test_projects\\test_projects.py:379: AssertionError"}, "parameters": [{"name": "project_id", "value": "12222222222222222222222222222222222222222222222222222222222222222222222222222222222"}], "start": 1694700804234, "stop": 1694700804245, "uuid": "e54be411-ddfe-426d-b473-88c0ac4451c2", "historyId": "9857c3d58b0f1629bce32136172f20a4", "testCaseId": "d56083ce07e45b54859ed5d68e29f1b2", "fullName": "tests.4 test_projects.test_projects#test_27_move_project_with_invalid_id", "labels": [{"name": "parentSuite", "value": "tests.4 test_projects"}, {"name": "suite", "value": "test_projects"}, {"name": "host", "value": "WIN-V4MLJNPG1BI"}, {"name": "thread", "value": "17340-MainThread"}, {"name": "framework", "value": "pytest"}, {"name": "language", "value": "cpython3"}, {"name": "package", "value": "tests.4 test_projects.test_projects"}]}