{"name": "PATCH /tasks/updateTaskResponsible/task_id", "status": "failed", "statusDetails": {"message": "AssertionError: assert 500 == 400\n +  where 500 = <Response [500]>.status_code", "trace": "login_tasks = <requests.sessions.Session object at 0x000001B19ECB4B10>, space_member_id = 7\n\n    @allure.title(\"PATCH /tasks/updateTaskResponsible/task_id\")\n    @pytest.mark.parametrize(\"space_member_id\", valid_ids)\n    def test_56_update_task_responsible(login_tasks, space_member_id):\n        project = login_tasks.get(HOST + \"/projects/all-projects\").json()[0]\n        project_id = project[\"id\"]\n        task = login_tasks.get(HOST + f\"/projects/{project_id}/tasks\").json()[0]\n        task_id = task[\"id\"]\n        response = login_tasks.patch(\n            HOST + f\"/tasks/updateTaskResponsible/{task_id}\",\n            json={\"responsibleId\": space_member_id},\n        )\n>       assert response.status_code == 400\nE       assert 500 == 400\nE        +  where 500 = <Response [500]>.status_code\n\ntests\\5 test_tasks\\test_tasks.py:698: AssertionError"}, "parameters": [{"name": "space_member_id", "value": "7"}], "start": 1694612038077, "stop": 1694612038176, "uuid": "16d55604-17a0-427b-8a29-8762f6c0a7a2", "historyId": "ff7e31836a52292e46c0901e64058894", "testCaseId": "0288fbceef3ab751e44c1d4a33c06f27", "fullName": "tests.5 test_tasks.test_tasks#test_56_update_task_responsible", "labels": [{"name": "parentSuite", "value": "tests.5 test_tasks"}, {"name": "suite", "value": "test_tasks"}, {"name": "host", "value": "WIN-V4MLJNPG1BI"}, {"name": "thread", "value": "12412-MainThread"}, {"name": "framework", "value": "pytest"}, {"name": "language", "value": "cpython3"}, {"name": "package", "value": "tests.5 test_tasks.test_tasks"}]}