{"name": "GET /projects/project_id/storageTasks/page", "status": "failed", "statusDetails": {"message": "AssertionError: assert 500 == 400\n +  where 500 = <Response [500]>.status_code", "trace": "login_projects = <requests.sessions.Session object at 0x000001BF5B54D390>, project_id = 3\n\n    @allure.title(\"GET /projects/project_id/storageTasks/page\")\n    @pytest.mark.parametrize(\"project_id\", valid_ids)\n    def test_85_get_storage_task_into_project(login_projects, project_id):\n        response = login_projects.get(HOST + f\"/projects/{project_id}/storageTasks/1\")\n>       assert response.status_code == 400\nE       assert 500 == 400\nE        +  where 500 = <Response [500]>.status_code\n\ntests\\4 test_projects\\test_projects.py:1014: AssertionError"}, "parameters": [{"name": "project_id", "value": "3"}], "start": 1694700820792, "stop": 1694700820803, "uuid": "23fd15ba-4ba6-45c3-9a97-0890d44315a6", "historyId": "069afe2e2203757e6baec5f762b1d6fa", "testCaseId": "4351d61f651f2ca651cdb692ddac8a23", "fullName": "tests.4 test_projects.test_projects#test_85_get_storage_task_into_project", "labels": [{"name": "parentSuite", "value": "tests.4 test_projects"}, {"name": "suite", "value": "test_projects"}, {"name": "host", "value": "WIN-V4MLJNPG1BI"}, {"name": "thread", "value": "17340-MainThread"}, {"name": "framework", "value": "pytest"}, {"name": "language", "value": "cpython3"}, {"name": "package", "value": "tests.4 test_projects.test_projects"}]}