{"name": "PATCH /tasks/task_id/changeTaskDate", "status": "failed", "statusDetails": {"message": "AssertionError: assert 500 == 400\n +  where 500 = <Response [500]>.status_code", "trace": "login_tasks = <requests.sessions.Session object at 0x000001B19ECB4B10>, task_id = 6\n\n    @allure.title(\"PATCH /tasks/task_id/changeTaskDate\")\n    @pytest.mark.parametrize(\"task_id\", valid_ids)\n    def test_75_change_task_date(login_tasks, task_id):\n        response = login_tasks.patch(\n            HOST + f\"/tasks/{task_id}/changeTaskDate\",\n            json={\"dateBegin\": time_now(), \"dateEnd\": time_now()},\n        )\n>       assert response.status_code == 400\nE       assert 500 == 400\nE        +  where 500 = <Response [500]>.status_code\n\ntests\\5 test_tasks\\test_tasks.py:918: AssertionError"}, "parameters": [{"name": "task_id", "value": "6"}], "start": 1694612045973, "stop": 1694612045996, "uuid": "bc9b8a2a-98f1-418a-b4a0-aa2cbd80b09b", "historyId": "baaeb28cc0bb6b24cd7a926dcb0fe46a", "testCaseId": "df576f5b256fb92f24c0e212d8c836be", "fullName": "tests.5 test_tasks.test_tasks#test_75_change_task_date", "labels": [{"name": "parentSuite", "value": "tests.5 test_tasks"}, {"name": "suite", "value": "test_tasks"}, {"name": "host", "value": "WIN-V4MLJNPG1BI"}, {"name": "thread", "value": "12412-MainThread"}, {"name": "framework", "value": "pytest"}, {"name": "language", "value": "cpython3"}, {"name": "package", "value": "tests.5 test_tasks.test_tasks"}]}