{"name": "GET /projects/project_id/storageTasks/page", "status": "failed", "statusDetails": {"message": "AssertionError: assert 500 == 400\n +  where 500 = <Response [500]>.status_code", "trace": "login_projects = <requests.sessions.Session object at 0x000001BF5B54D390>, page = -10\n\n    @allure.title(\"GET /projects/project_id/storageTasks/page\")\n    @pytest.mark.parametrize(\"page\", invalid_space_id)\n    def test_87_get_storage_task_into_project(login_projects, page):\n        project = login_projects.get(HOST + \"/projects/all-projects\").json()[0]\n        project_id = project[\"id\"]\n        response = login_projects.get(HOST + f\"/projects/{project_id}/storageTasks/{page}\")\n>       assert response.status_code == 400\nE       assert 500 == 400\nE        +  where 500 = <Response [500]>.status_code\n\ntests\\4 test_projects\\test_projects.py:1032: AssertionError"}, "parameters": [{"name": "page", "value": "-10"}], "start": 1694700821877, "stop": 1694700821924, "uuid": "75d67b7b-9c90-4324-a1c3-6255d16d4b16", "historyId": "310686dff10198bbef2ebf8324bca068", "testCaseId": "46486a79eeaf9731a992672f2146844a", "fullName": "tests.4 test_projects.test_projects#test_87_get_storage_task_into_project", "labels": [{"name": "parentSuite", "value": "tests.4 test_projects"}, {"name": "suite", "value": "test_projects"}, {"name": "host", "value": "WIN-V4MLJNPG1BI"}, {"name": "thread", "value": "17340-MainThread"}, {"name": "framework", "value": "pytest"}, {"name": "language", "value": "cpython3"}, {"name": "package", "value": "tests.4 test_projects.test_projects"}]}