{"name": "DELETE /tasks/task_id/cover", "status": "failed", "statusDetails": {"message": "AssertionError: assert 500 == 400\n +  where 500 = <Response [500]>.status_code", "trace": "login_tasks = <requests.sessions.Session object at 0x000001B19ECB4B10>, task_id = 6\n\n    @allure.title(\"DELETE /tasks/task_id/cover\")\n    @pytest.mark.parametrize(\"task_id\", valid_ids)\n    def test_92_delete_cover_task(login_tasks, task_id):\n        response = login_tasks.delete(HOST + f\"/tasks/{task_id}/cover\")\n>       assert response.status_code == 400\nE       assert 500 == 400\nE        +  where 500 = <Response [500]>.status_code\n\ntests\\5 test_tasks\\test_tasks.py:1105: AssertionError"}, "parameters": [{"name": "task_id", "value": "6"}], "start": 1694612054046, "stop": 1694612054070, "uuid": "67683d5c-5d12-4f6f-a995-cb2f78a8e9b6", "historyId": "b3069bfd318fd709070d32901252c176", "testCaseId": "ea3f83f4ce337123350baf453ee8e761", "fullName": "tests.5 test_tasks.test_tasks#test_92_delete_cover_task", "labels": [{"name": "parentSuite", "value": "tests.5 test_tasks"}, {"name": "suite", "value": "test_tasks"}, {"name": "host", "value": "WIN-V4MLJNPG1BI"}, {"name": "thread", "value": "12412-MainThread"}, {"name": "framework", "value": "pytest"}, {"name": "language", "value": "cpython3"}, {"name": "package", "value": "tests.5 test_tasks.test_tasks"}]}