{"name": "PATCH /projects/updateProjectStage/moveProject", "status": "failed", "statusDetails": {"message": "AssertionError: assert 500 == 400\n +  where 500 = <Response [500]>.status_code", "trace": "login_projects = <requests.sessions.Session object at 0x000001B1A2B795D0>, project_id = 666\n\n    @allure.title(\"PATCH /projects/updateProjectStage/moveProject\")\n    @pytest.mark.parametrize(\"project_id\", valid_ids)\n    def test_69_update_project_stage(login_projects, project_id):\n        project = login_projects.get(HOST + \"/projects/all-projects\").json()[0]\n        project_stage_id = project[\"stages\"][0][\"id\"]\n        response = login_projects.patch(\n            HOST + f\"/projects/updateProjectStage/moveProject\",\n            json={\"stageId\": project_stage_id, \"newProjectId\": project_id},\n        )\n>       assert response.status_code == 400\nE       assert 500 == 400\nE        +  where 500 = <Response [500]>.status_code\n\ntests\\4 test_projects\\test_projects.py:868: AssertionError"}, "parameters": [{"name": "project_id", "value": "666"}], "start": 1694612002841, "stop": 1694612002893, "uuid": "1af61411-487f-4176-80ae-2e128257f5dc", "historyId": "ffd06711e85405b5c53a8966c9ad74b5", "testCaseId": "b99dc3e223b1b508a2a02eda4c332db7", "fullName": "tests.4 test_projects.test_projects#test_69_update_project_stage", "labels": [{"name": "parentSuite", "value": "tests.4 test_projects"}, {"name": "suite", "value": "test_projects"}, {"name": "host", "value": "WIN-V4MLJNPG1BI"}, {"name": "thread", "value": "12412-MainThread"}, {"name": "framework", "value": "pytest"}, {"name": "language", "value": "cpython3"}, {"name": "package", "value": "tests.4 test_projects.test_projects"}]}