{"name": "GET /projects/project_id/archiveTasks/page", "status": "failed", "statusDetails": {"message": "AssertionError: assert 500 == 400\n +  where 500 = <Response [500]>.status_code", "trace": "login_projects = <requests.sessions.Session object at 0x000001B1A2B795D0>, page = -10\n\n    @allure.title(\"GET /projects/project_id/archiveTasks/page\")\n    @pytest.mark.parametrize(\"page\", invalid_space_id)\n    def test_82_get_archive_task_into_project(login_projects, page):\n        project = login_projects.get(HOST + \"/projects/all-projects\").json()[0]\n        project_id = project[\"id\"]\n        response = login_projects.get(HOST + f\"/projects/{project_id}/archiveTasks/{page}\")\n>       assert response.status_code == 400\nE       assert 500 == 400\nE        +  where 500 = <Response [500]>.status_code\n\ntests\\4 test_projects\\test_projects.py:992: AssertionError"}, "parameters": [{"name": "page", "value": "-10"}], "start": 1694612007162, "stop": 1694612007226, "uuid": "584d1252-f9e7-4c17-bc46-e3c28332568a", "historyId": "85269d46dcf91ae2887dada82b39e410", "testCaseId": "a7d5bf869be3c663b394645ab9c41ca5", "fullName": "tests.4 test_projects.test_projects#test_82_get_archive_task_into_project", "labels": [{"name": "parentSuite", "value": "tests.4 test_projects"}, {"name": "suite", "value": "test_projects"}, {"name": "host", "value": "WIN-V4MLJNPG1BI"}, {"name": "thread", "value": "12412-MainThread"}, {"name": "framework", "value": "pytest"}, {"name": "language", "value": "cpython3"}, {"name": "package", "value": "tests.4 test_projects.test_projects"}]}