{"name": "PATCH /projects/project_id", "status": "failed", "statusDetails": {"message": "AssertionError: assert 200 == 400\n +  where 200 = <Response [200]>.status_code", "trace": "login_projects = <requests.sessions.Session object at 0x000001BF5B54D390>, name = ''\n\n    @allure.title(\"PATCH /projects/project_id\")\n    @pytest.mark.parametrize(\"name\", invalid_names)\n    def test_11_change_project_with_invalid_name(login_projects, name):\n        project = login_projects.get(HOST + \"/projects/all-projects\").json()[0]\n        project_id = project[\"id\"]\n        response = login_projects.patch(\n            HOST + f\"/projects/{project_id}\",\n            json={\n                \"name\": name,\n                \"color\": \"string\",\n                \"responsibleId\": None,\n                \"postponingTaskDayCount\": 0,\n            },\n        )\n>       assert response.status_code == 400\nE       assert 200 == 400\nE        +  where 200 = <Response [200]>.status_code\n\ntests\\4 test_projects\\test_projects.py:195: AssertionError"}, "parameters": [{"name": "name", "value": "''"}], "start": 1694700800317, "stop": 1694700800403, "uuid": "be1a30eb-bd49-4698-856c-87444b82c603", "historyId": "cda448a3fb2bd26ee46db5c05937a966", "testCaseId": "cda448a3fb2bd26ee46db5c05937a966", "fullName": "tests.4 test_projects.test_projects#test_11_change_project_with_invalid_name", "labels": [{"name": "parentSuite", "value": "tests.4 test_projects"}, {"name": "suite", "value": "test_projects"}, {"name": "host", "value": "WIN-V4MLJNPG1BI"}, {"name": "thread", "value": "17340-MainThread"}, {"name": "framework", "value": "pytest"}, {"name": "language", "value": "cpython3"}, {"name": "package", "value": "tests.4 test_projects.test_projects"}]}