{"name": "PATCH /tasks/updateTaskName/task_id", "status": "failed", "statusDetails": {"message": "AssertionError: assert 500 == 400\n +  where 500 = <Response [500]>.status_code", "trace": "login_tasks = <requests.sessions.Session object at 0x000001BF5BD60B50>, task_id = 1\n\n    @allure.title(\"PATCH /tasks/updateTaskName/task_id\")\n    @pytest.mark.parametrize(\"task_id\", valid_ids)\n    def test_50_change_name_into_task(login_tasks, task_id):\n        response = login_tasks.patch(\n            HOST + f\"/tasks/updateTaskName/{task_id}\", json={\"name\": \"123\"}\n        )\n>       assert response.status_code == 400\nE       assert 500 == 400\nE        +  where 500 = <Response [500]>.status_code\n\ntests\\5 test_tasks\\test_tasks.py:625: AssertionError"}, "parameters": [{"name": "task_id", "value": "1"}], "start": 1694700844225, "stop": 1694700844247, "uuid": "d447bde2-e2c9-4636-a5ab-ce8ed9717206", "historyId": "b8e5b0343924329347faceaaf9afacfc", "testCaseId": "9d317ec428b10dbfbe31529dbc0fc576", "fullName": "tests.5 test_tasks.test_tasks#test_50_change_name_into_task", "labels": [{"name": "parentSuite", "value": "tests.5 test_tasks"}, {"name": "suite", "value": "test_tasks"}, {"name": "host", "value": "WIN-V4MLJNPG1BI"}, {"name": "thread", "value": "17340-MainThread"}, {"name": "framework", "value": "pytest"}, {"name": "language", "value": "cpython3"}, {"name": "package", "value": "tests.5 test_tasks.test_tasks"}]}