{"name": "PATCH /projects/project_id/changeColumn/column_id", "status": "failed", "statusDetails": {"message": "AssertionError: assert 500 == 400\n +  where 500 = <Response [500]>.status_code", "trace": "login_projects = <requests.sessions.Session object at 0x000001B1A2B795D0>, project_id = 3\n\n    @allure.title(\"PATCH /projects/project_id/changeColumn/column_id\")\n    @pytest.mark.parametrize(\"project_id\", valid_ids)\n    def test_107_change_project_into_new_column(login_projects, project_id):\n        space = login_projects.get(HOST + \"/spaces\").json()[0]\n        space_column_id = space[\"columns\"][0][\"id\"]\n        response = login_projects.patch(\n            HOST + f\"/projects/{project_id}/changeColumn/{space_column_id}\"\n        )\n>       assert response.status_code == 400\nE       assert 500 == 400\nE        +  where 500 = <Response [500]>.status_code\n\ntests\\4 test_projects\\test_projects.py:1260: AssertionError"}, "parameters": [{"name": "project_id", "value": "3"}], "start": 1694612013642, "stop": 1694612013678, "uuid": "2e16002f-04ec-41a2-a268-bb86fc1b990c", "historyId": "ca18a6bc2992deb856d700888c84a02e", "testCaseId": "441643fa3a0e3f6b91242e50802f7398", "fullName": "tests.4 test_projects.test_projects#test_107_change_project_into_new_column", "labels": [{"name": "parentSuite", "value": "tests.4 test_projects"}, {"name": "suite", "value": "test_projects"}, {"name": "host", "value": "WIN-V4MLJNPG1BI"}, {"name": "thread", "value": "12412-MainThread"}, {"name": "framework", "value": "pytest"}, {"name": "language", "value": "cpython3"}, {"name": "package", "value": "tests.4 test_projects.test_projects"}]}