{"name": "POST /tasks", "status": "failed", "statusDetails": {"message": "AssertionError: assert 500 == 400\n +  where 500 = <Response [500]>.status_code", "trace": "login_tasks = <requests.sessions.Session object at 0x000001B19ECB4B10>\n\n    @allure.title(\"POST /tasks\")  # невалидная дата\n    def test_11_create_task(login_tasks):\n        project = login_tasks.get(HOST + \"/projects/all-projects\").json()[0]\n        project_stage_id = project[\"stages\"][0][\"id\"]\n        response = login_tasks.post(\n            HOST + \"/tasks\",\n            json={\n                \"name\": \"Задача\",\n                \"stageId\": project_stage_id,\n                \"order\": 0,\n                \"responsibleUserId\": None,\n                \"description\": \"string\",\n                \"color\": \"string\",\n                \"dateBegin\": \"abc\",\n                \"dateEnd\": \"abc\",\n            },\n        )\n>       assert response.status_code == 400\nE       assert 500 == 400\nE        +  where 500 = <Response [500]>.status_code\n\ntests\\5 test_tasks\\test_tasks.py:225: AssertionError"}, "start": 1694612019081, "stop": 1694612019145, "uuid": "b075f7d2-bddc-4b5c-adcf-a1d801ed50cd", "historyId": "b44a2f75ad52e8571893d06a97e393d1", "testCaseId": "b44a2f75ad52e8571893d06a97e393d1", "fullName": "tests.5 test_tasks.test_tasks#test_11_create_task", "labels": [{"name": "parentSuite", "value": "tests.5 test_tasks"}, {"name": "suite", "value": "test_tasks"}, {"name": "host", "value": "WIN-V4MLJNPG1BI"}, {"name": "thread", "value": "12412-MainThread"}, {"name": "framework", "value": "pytest"}, {"name": "language", "value": "cpython3"}, {"name": "package", "value": "tests.5 test_tasks.test_tasks"}]}