{"name": "PATCH /projects/project_id/changeColumn/column_id", "status": "failed", "statusDetails": {"message": "AssertionError: assert 500 == 400\n +  where 500 = <Response [500]>.status_code", "trace": "login_projects = <requests.sessions.Session object at 0x000001BF5B54D390>, project_id = 4\n\n    @allure.title(\"PATCH /projects/project_id/changeColumn/column_id\")\n    @pytest.mark.parametrize(\"project_id\", valid_ids)\n    def test_107_change_project_into_new_column(login_projects, project_id):\n        space = login_projects.get(HOST + \"/spaces\").json()[0]\n        space_column_id = space[\"columns\"][0][\"id\"]\n        response = login_projects.patch(\n            HOST + f\"/projects/{project_id}/changeColumn/{space_column_id}\"\n        )\n>       assert response.status_code == 400\nE       assert 500 == 400\nE        +  where 500 = <Response [500]>.status_code\n\ntests\\4 test_projects\\test_projects.py:1260: AssertionError"}, "parameters": [{"name": "project_id", "value": "4"}], "start": 1694700825956, "stop": 1694700825985, "uuid": "57ee1109-58da-452d-a314-bc5248bd16a0", "historyId": "02ebb95616cce6a8e07454121909f28d", "testCaseId": "441643fa3a0e3f6b91242e50802f7398", "fullName": "tests.4 test_projects.test_projects#test_107_change_project_into_new_column", "labels": [{"name": "parentSuite", "value": "tests.4 test_projects"}, {"name": "suite", "value": "test_projects"}, {"name": "host", "value": "WIN-V4MLJNPG1BI"}, {"name": "thread", "value": "17340-MainThread"}, {"name": "framework", "value": "pytest"}, {"name": "language", "value": "cpython3"}, {"name": "package", "value": "tests.4 test_projects.test_projects"}]}