{"name": "PATCH /tasks/complete", "status": "failed", "statusDetails": {"message": "AssertionError: assert 500 == 400\n +  where 500 = <Response [500]>.status_code", "trace": "login_tasks = <requests.sessions.Session object at 0x000001BF5BD60B50>, task_id = 2\n\n    @allure.title(\"PATCH /tasks/complete\")\n    @pytest.mark.parametrize(\"task_id\", valid_ids)\n    def test_23_task_complete(login_tasks, task_id):\n        project = login_tasks.get(HOST + \"/projects/all-projects\").json()[0]\n        project_stage_id = project[\"stages\"][0][\"id\"]\n        response = login_tasks.patch(\n            HOST + \"/tasks/complete\",\n            json={\"stageId\": project_stage_id, \"tasksIds\": [task_id]},\n        )\n>       assert response.status_code == 400\nE       assert 500 == 400\nE        +  where 500 = <Response [500]>.status_code\n\ntests\\5 test_tasks\\test_tasks.py:360: AssertionError"}, "parameters": [{"name": "task_id", "value": "2"}], "start": 1694700834933, "stop": 1694700834983, "uuid": "f39de1bd-eb20-4ce2-9449-ccdec36a761c", "historyId": "f71763a2a48ebb0dfd474502ae103b8c", "testCaseId": "a3079e9355c8516d1d1d4f80b9c9a2b2", "fullName": "tests.5 test_tasks.test_tasks#test_23_task_complete", "labels": [{"name": "parentSuite", "value": "tests.5 test_tasks"}, {"name": "suite", "value": "test_tasks"}, {"name": "host", "value": "WIN-V4MLJNPG1BI"}, {"name": "thread", "value": "17340-MainThread"}, {"name": "framework", "value": "pytest"}, {"name": "language", "value": "cpython3"}, {"name": "package", "value": "tests.5 test_tasks.test_tasks"}]}