{"name": "PATCH /spaces/space_id/reglaments-columns/column_id/name", "status": "failed", "statusDetails": {"message": "AssertionError: assert 200 == 400\n +  where 200 = <Response [200]>.status_code", "trace": "login_spaces = <requests.sessions.Session object at 0x000001B1A22681D0>, name = ' '\n\n    @allure.title(\"PATCH /spaces/space_id/reglaments-columns/column_id/name\")\n    @pytest.mark.parametrize(\"name\", invalid_names)\n    def test_75_change_reglament_column_space_name_with_invalid_name(login_spaces, name):\n        space = login_spaces.get(HOST + \"/spaces\").json()[0]\n        space_id = space[\"id\"]\n        space_reglament_column_id = space[\"reglamentColumns\"][0][\"id\"]\n        response = login_spaces.patch(\n            HOST + f\"/spaces/{space_id}/reglament-columns/{space_reglament_column_id}/name\",\n            json={\"name\": name},\n        )\n>       assert response.status_code == 400\nE       assert 200 == 400\nE        +  where 200 = <Response [200]>.status_code\n\ntests\\3 test_spaces\\test_spaces.py:755: AssertionError"}, "parameters": [{"name": "name", "value": "' '"}], "start": 1694611967835, "stop": 1694611967881, "uuid": "95005b0a-ca2a-4bcb-9b30-c511cfa68abb", "historyId": "083a87d5aa2828c5de199bb89833c445", "testCaseId": "0f9546e4825762258687192fb1ccee05", "fullName": "tests.3 test_spaces.test_spaces#test_75_change_reglament_column_space_name_with_invalid_name", "labels": [{"name": "parentSuite", "value": "tests.3 test_spaces"}, {"name": "suite", "value": "test_spaces"}, {"name": "host", "value": "WIN-V4MLJNPG1BI"}, {"name": "thread", "value": "12412-MainThread"}, {"name": "framework", "value": "pytest"}, {"name": "language", "value": "cpython3"}, {"name": "package", "value": "tests.3 test_spaces.test_spaces"}]}