{"name": "POST /reglaments", "status": "failed", "statusDetails": {"message": "AssertionError: assert 500 == 400\n +  where 500 = <Response [500]>.status_code", "trace": "login_reglaments = <requests.sessions.Session object at 0x0000018DF436C850>, reglament_column_id = 122222222222222222...2222222222222222222\n\n    @allure.title('POST /reglaments')\n    @pytest.mark.parametrize('reglament_column_id', invalid_space_id)\n    def test_3_create_reglament(login_reglaments, reglament_column_id):\n        response = login_reglaments.post(HOST + '/reglaments', json={\n            \"name\": \"string\",\n            \"reglamentColumnId\": reglament_column_id,\n            \"content\": \"string\",\n            \"order\": 0\n        })\n>       assert response.status_code == 400\nE       assert 500 == 400\nE        +  where 500 = <Response [500]>.status_code\n\ntests\\6 test_reglaments\\test_reglaments.py:35: AssertionError"}, "parameters": [{"name": "reglament_column_id", "value": "12222222222222222222222222222222222222222222222222222222222222222222222222222222222"}], "start": 1694694443528, "stop": 1694694443540, "uuid": "2b46cd24-37b5-4f3f-86ea-54efd38e273e", "historyId": "22ea5afe9c4e9a750176e5e7d3e1178d", "testCaseId": "b9dfb62ccbc15360b17f94059219b111", "fullName": "tests.6 test_reglaments.test_reglaments#test_3_create_reglament", "labels": [{"name": "parentSuite", "value": "tests.6 test_reglaments"}, {"name": "suite", "value": "test_reglaments"}, {"name": "host", "value": "WIN-V4MLJNPG1BI"}, {"name": "thread", "value": "14740-MainThread"}, {"name": "framework", "value": "pytest"}, {"name": "language", "value": "cpython3"}, {"name": "package", "value": "tests.6 test_reglaments.test_reglaments"}]}