{"name": "Непонятный запрос PATCH /tasks/task_id/tag/tag_id", "status": "failed", "statusDetails": {"message": "AssertionError: assert 500 == 400\n +  where 500 = <Response [500]>.status_code", "trace": "login_tasks = <requests.sessions.Session object at 0x000001BF5BD60B50>, tag_id = 3\n\n    @allure.title(\"Непонятный запрос PATCH /tasks/task_id/tag/tag_id\")\n    @pytest.mark.parametrize(\"tag_id\", valid_ids)\n    def test_39_delete_tag_from_task(login_tasks, tag_id):\n        project = login_tasks.get(HOST + \"/projects/all-projects\").json()[0]\n        project_id = project[\"id\"]\n        task = login_tasks.get(HOST + f\"/projects/{project_id}/tasks\").json()[0]\n        task_id = task[\"id\"]\n        response = login_tasks.patch(HOST + f\"/tasks/{task_id}/tag/{tag_id}\")\n>       assert response.status_code == 400\nE       assert 500 == 400\nE        +  where 500 = <Response [500]>.status_code\n\ntests\\5 test_tasks\\test_tasks.py:513: AssertionError"}, "parameters": [{"name": "tag_id", "value": "3"}], "start": 1694700840959, "stop": 1694700841030, "uuid": "03b41e98-6a2d-48ba-b99e-7eb1b839da1a", "historyId": "03a1c2c987b2a1e128910609d0077d97", "testCaseId": "a592d822927a00aa1f9a7e76c7cd224c", "fullName": "tests.5 test_tasks.test_tasks#test_39_delete_tag_from_task", "labels": [{"name": "parentSuite", "value": "tests.5 test_tasks"}, {"name": "suite", "value": "test_tasks"}, {"name": "host", "value": "WIN-V4MLJNPG1BI"}, {"name": "thread", "value": "17340-MainThread"}, {"name": "framework", "value": "pytest"}, {"name": "language", "value": "cpython3"}, {"name": "package", "value": "tests.5 test_tasks.test_tasks"}]}