{"name": "PATCH /tasks/updateTaskName/task_id", "status": "failed", "statusDetails": {"message": "AssertionError: assert 500 == 400\n +  where 500 = <Response [500]>.status_code", "trace": "login_tasks = <requests.sessions.Session object at 0x000001BF5BD60B50>, task_id = 3\n\n    @allure.title(\"PATCH /tasks/updateTaskName/task_id\")\n    @pytest.mark.parametrize(\"task_id\", valid_ids)\n    def test_50_change_name_into_task(login_tasks, task_id):\n        response = login_tasks.patch(\n            HOST + f\"/tasks/updateTaskName/{task_id}\", json={\"name\": \"123\"}\n        )\n>       assert response.status_code == 400\nE       assert 500 == 400\nE        +  where 500 = <Response [500]>.status_code\n\ntests\\5 test_tasks\\test_tasks.py:625: AssertionError"}, "parameters": [{"name": "task_id", "value": "3"}], "start": 1694700844381, "stop": 1694700844399, "uuid": "3e36620a-6802-4204-a6e2-7c0dd52b657e", "historyId": "67d59aea6c34398527d91c009f9dc0c3", "testCaseId": "9d317ec428b10dbfbe31529dbc0fc576", "fullName": "tests.5 test_tasks.test_tasks#test_50_change_name_into_task", "labels": [{"name": "parentSuite", "value": "tests.5 test_tasks"}, {"name": "suite", "value": "test_tasks"}, {"name": "host", "value": "WIN-V4MLJNPG1BI"}, {"name": "thread", "value": "17340-MainThread"}, {"name": "framework", "value": "pytest"}, {"name": "language", "value": "cpython3"}, {"name": "package", "value": "tests.5 test_tasks.test_tasks"}]}