{"name": "POST /spaces/space_id/share", "status": "failed", "statusDetails": {"message": "AssertionError: assert 403 == 400\n +  where 403 = <Response [403]>.status_code", "trace": "login_spaces = <requests.sessions.Session object at 0x000001BF5AE33690>, space_id = 9\n\n    @pytest.mark.parametrize(\"space_id\", valid_ids)\n    @allure.title(\"POST /spaces/space_id/share\")\n    def test_91_share_valid_email_to_space(login_spaces, space_id):\n        response = login_spaces.post(\n            HOST + f\"/spaces/{space_id}/share\", json={\"email\": \"test@test.ru\"}\n        )\n>       assert response.status_code == 400\nE       assert 403 == 400\nE        +  where 403 = <Response [403]>.status_code\n\ntests\\3 test_spaces\\test_spaces.py:941: AssertionError"}, "parameters": [{"name": "space_id", "value": "9"}], "start": 1694700795469, "stop": 1694700795477, "uuid": "d0b52773-cd94-442c-af6a-26b3ebaa6af3", "historyId": "4e02cdb277c0505ac8d15fa72e8d8c32", "testCaseId": "f3a2142254a15863f0704dd212031bac", "fullName": "tests.3 test_spaces.test_spaces#test_91_share_valid_email_to_space", "labels": [{"name": "parentSuite", "value": "tests.3 test_spaces"}, {"name": "suite", "value": "test_spaces"}, {"name": "host", "value": "WIN-V4MLJNPG1BI"}, {"name": "thread", "value": "17340-MainThread"}, {"name": "framework", "value": "pytest"}, {"name": "language", "value": "cpython3"}, {"name": "package", "value": "tests.3 test_spaces.test_spaces"}]}