{"name": "PATCH /spaces/space_id/columns/column_id/name", "status": "failed", "statusDetails": {"message": "AssertionError: assert 200 == 400\n +  where 200 = <Response [200]>.status_code", "trace": "login_spaces = <requests.sessions.Session object at 0x000001B1A22681D0>, name = ' '\n\n    @allure.title(\"PATCH /spaces/space_id/columns/column_id/name\")\n    @pytest.mark.parametrize(\"name\", invalid_names)\n    def test_59_change_column_space_name_with_invalid_name(login_spaces, name):\n        space = login_spaces.get(HOST + \"/spaces\").json()[0]\n        space_id = space[\"id\"]\n        space_column_id = space[\"columns\"][0][\"id\"]\n        response = login_spaces.patch(\n            HOST + f\"/spaces/{space_id}/columns/{space_column_id}/name\",\n            json={\"name\": name},\n        )\n>       assert response.status_code == 400\nE       assert 200 == 400\nE        +  where 200 = <Response [200]>.status_code\n\ntests\\3 test_spaces\\test_spaces.py:578: AssertionError"}, "parameters": [{"name": "name", "value": "' '"}], "start": 1694611964616, "stop": 1694611964666, "uuid": "424d9aa7-e152-4f02-b88d-709181c3b749", "historyId": "74d2399157120e9cdf99889c5148a02e", "testCaseId": "468e38b36dcfb48160f88003a86ff24e", "fullName": "tests.3 test_spaces.test_spaces#test_59_change_column_space_name_with_invalid_name", "labels": [{"name": "parentSuite", "value": "tests.3 test_spaces"}, {"name": "suite", "value": "test_spaces"}, {"name": "host", "value": "WIN-V4MLJNPG1BI"}, {"name": "thread", "value": "12412-MainThread"}, {"name": "framework", "value": "pytest"}, {"name": "language", "value": "cpython3"}, {"name": "package", "value": "tests.3 test_spaces.test_spaces"}]}