{"name": "PATCH /spaces/space_id/columns/column_id/name", "status": "failed", "statusDetails": {"message": "AssertionError: assert 403 == 400\n +  where 403 = <Response [403]>.status_code", "trace": "login_spaces = <requests.sessions.Session object at 0x000001B1A22681D0>, space_id = -10\n\n    @allure.title(\"PATCH /spaces/space_id/columns/column_id/name\")\n    @pytest.mark.parametrize(\"space_id\", invalid_space_id)\n    def test_55_change_column_name_with_invalid_space_and_invalid_column(\n        login_spaces, space_id\n    ):\n        response = login_spaces.patch(\n            HOST + f\"/spaces/{space_id}/columns/231123/name\",\n            json={\"name\": \"Колонка\"},\n        )\n>       assert response.status_code == 400\nE       assert 403 == 400\nE        +  where 403 = <Response [403]>.status_code\n\ntests\\3 test_spaces\\test_spaces.py:529: AssertionError"}, "parameters": [{"name": "space_id", "value": "-10"}], "start": 1694611963118, "stop": 1694611963125, "uuid": "7b1b2f63-c8fa-4a75-abc1-4098f9921eca", "historyId": "ebea47377df9190dffcc0c9d0f08263d", "testCaseId": "5324b537858accce3d7c771630759fc1", "fullName": "tests.3 test_spaces.test_spaces#test_55_change_column_name_with_invalid_space_and_invalid_column", "labels": [{"name": "parentSuite", "value": "tests.3 test_spaces"}, {"name": "suite", "value": "test_spaces"}, {"name": "host", "value": "WIN-V4MLJNPG1BI"}, {"name": "thread", "value": "12412-MainThread"}, {"name": "framework", "value": "pytest"}, {"name": "language", "value": "cpython3"}, {"name": "package", "value": "tests.3 test_spaces.test_spaces"}]}