{"name": "DELETE /reglaments/reglament_id/usersPassed", "status": "failed", "statusDetails": {"message": "AssertionError: assert 404 == 400\n +  where 404 = <Response [404]>.status_code", "trace": "login_reglaments = <requests.sessions.Session object at 0x000002C4F541BC50>, reglament_id = 5\n\n    @allure.title(\"DELETE /reglaments/reglament_id/usersPassed\")\n    @pytest.mark.parametrize(\"reglament_id\", valid_ids)\n    def test_24_delete_users_passed_reglament(login_reglaments, reglament_id):\n        response = login_reglaments.delete(HOST + f\"/reglaments/{reglament_id}/usersPassed\")\n>       assert response.status_code == 400\nE       assert 404 == 400\nE        +  where 404 = <Response [404]>.status_code\n\ntests\\6 test_reglaments\\test_reglaments.py:266: AssertionError"}, "parameters": [{"name": "reglament_id", "value": "5"}], "start": 1694700644120, "stop": 1694700644128, "uuid": "eff83b2a-64ad-400c-a163-87ed25a45a7b", "historyId": "22665a673d8986013c12c9c3d0623a80", "testCaseId": "dc85257ea50058c19c7d3f6dcab8c28e", "fullName": "tests.6 test_reglaments.test_reglaments#test_24_delete_users_passed_reglament", "labels": [{"name": "parentSuite", "value": "tests.6 test_reglaments"}, {"name": "suite", "value": "test_reglaments"}, {"name": "host", "value": "WIN-V4MLJNPG1BI"}, {"name": "thread", "value": "13756-MainThread"}, {"name": "framework", "value": "pytest"}, {"name": "language", "value": "cpython3"}, {"name": "package", "value": "tests.6 test_reglaments.test_reglaments"}]}