{"name": "PATCH /spaces/space_id/order", "status": "failed", "statusDetails": {"message": "AssertionError: assert 403 == 400\n +  where 403 = <Response [403]>.status_code", "trace": "login_spaces = <requests.sessions.Session object at 0x000001BF5AE33690>, order = -10, space_id = 122222222222222222...2222222222222222222\n\n    @allure.title(\"PATCH /spaces/space_id/order\")\n    @pytest.mark.parametrize(\"order\", valid_orders)\n    @pytest.mark.parametrize(\"space_id\", invalid_space_id)\n    def test_35_change_order_invalid_space(login_spaces, order, space_id):\n        response = login_spaces.patch(\n            HOST + f\"/spaces/{space_id}/order\", json={\"order\": order}\n        )\n>       assert response.status_code == 400\nE       assert 403 == 400\nE        +  where 403 = <Response [403]>.status_code\n\ntests\\3 test_spaces\\test_spaces.py:306: AssertionError"}, "parameters": [{"name": "space_id", "value": "12222222222222222222222222222222222222222222222222222222222222222222222222222222222"}, {"name": "order", "value": "-10"}], "start": 1694700761958, "stop": 1694700761968, "uuid": "14f09ea0-cba0-465a-b611-ec7ff38643df", "historyId": "ee1aa852bf93efbe1b28c3f67d1ae2b4", "testCaseId": "4f50262e911d0b044ed04e6a3bf8f8c6", "fullName": "tests.3 test_spaces.test_spaces#test_35_change_order_invalid_space", "labels": [{"name": "parentSuite", "value": "tests.3 test_spaces"}, {"name": "suite", "value": "test_spaces"}, {"name": "host", "value": "WIN-V4MLJNPG1BI"}, {"name": "thread", "value": "17340-MainThread"}, {"name": "framework", "value": "pytest"}, {"name": "language", "value": "cpython3"}, {"name": "package", "value": "tests.3 test_spaces.test_spaces"}]}