{"name": "DELETE /projects/project_id", "status": "failed", "statusDetails": {"message": "AssertionError: assert 500 == 400\n +  where 500 = <Response [500]>.status_code", "trace": "login_projects = <requests.sessions.Session object at 0x000001B1A2B795D0>, project_id = 1\n\n    @allure.title(\"DELETE /projects/project_id\")\n    @pytest.mark.parametrize(\"project_id\", valid_ids)\n    def test_23_get_project_with_invalid_id(login_projects, project_id):\n        response = login_projects.delete(HOST + f\"/projects/{project_id}\")\n>       assert response.status_code == 400\nE       assert 500 == 400\nE        +  where 500 = <Response [500]>.status_code\n\ntests\\4 test_projects\\test_projects.py:342: AssertionError"}, "parameters": [{"name": "project_id", "value": "1"}], "start": 1694611985148, "stop": 1694611985157, "uuid": "6f055b0a-e990-402b-be6f-10d1aac1f533", "historyId": "4ba1523c36965291e7842a07c813b6c9", "testCaseId": "c43855db6a99f2aa6c9714a77ecc1059", "fullName": "tests.4 test_projects.test_projects#test_23_get_project_with_invalid_id", "labels": [{"name": "parentSuite", "value": "tests.4 test_projects"}, {"name": "suite", "value": "test_projects"}, {"name": "host", "value": "WIN-V4MLJNPG1BI"}, {"name": "thread", "value": "12412-MainThread"}, {"name": "framework", "value": "pytest"}, {"name": "language", "value": "cpython3"}, {"name": "package", "value": "tests.4 test_projects.test_projects"}]}