{"name": "POST /tasks/move", "status": "failed", "statusDetails": {"message": "AssertionError: assert 500 == 400\n +  where 500 = <Response [500]>.status_code", "trace": "login_tasks = <requests.sessions.Session object at 0x000001B19ECB4B10>, project_stage_id = 7\n\n    @allure.title(\"POST /tasks/move\")\n    @pytest.mark.parametrize(\"project_stage_id\", valid_ids)\n    def test_17_task_move(login_tasks, project_stage_id):\n        project = login_tasks.get(HOST + \"/projects/all-projects\").json()[0]\n        project_id = project[\"id\"]\n        task = login_tasks.get(HOST + f\"/projects/{project_id}/tasks\").json()[0]\n        task_id = task[\"id\"]\n        response = login_tasks.post(\n            HOST + \"/tasks/move\", json={\"stageId\": project_stage_id, \"taskIds\": [task_id]}\n        )\n>       assert response.status_code == 400\nE       assert 500 == 400\nE        +  where 500 = <Response [500]>.status_code\n\ntests\\5 test_tasks\\test_tasks.py:284: AssertionError"}, "parameters": [{"name": "project_stage_id", "value": "7"}], "start": 1694612020392, "stop": 1694612020461, "uuid": "b896a3f5-7420-4436-8cd6-2bc423f0b64d", "historyId": "d78f17708e0fba5d3839a08f5905b528", "testCaseId": "893f7f03c063d22b94ef82908e1df773", "fullName": "tests.5 test_tasks.test_tasks#test_17_task_move", "labels": [{"name": "parentSuite", "value": "tests.5 test_tasks"}, {"name": "suite", "value": "test_tasks"}, {"name": "host", "value": "WIN-V4MLJNPG1BI"}, {"name": "thread", "value": "12412-MainThread"}, {"name": "framework", "value": "pytest"}, {"name": "language", "value": "cpython3"}, {"name": "package", "value": "tests.5 test_tasks.test_tasks"}]}