{"name": "PATCH /projects/project_id/description", "status": "failed", "statusDetails": {"message": "AssertionError: assert 500 == 400\n +  where 500 = <Response [500]>.status_code", "trace": "login_projects = <requests.sessions.Session object at 0x000001B1A2B795D0>, project_id = 122222222222222222...2222222222222222222\n\n    @allure.title(\"PATCH /projects/project_id/description\")\n    @pytest.mark.parametrize(\"project_id\", invalid_space_id)\n    def test_45_change_project_description_with_invalid_project_id(\n        login_projects, project_id\n    ):\n        response = login_projects.patch(\n            HOST + f\"/projects/{project_id}/description\", json={\"description\": \"\"}\n        )\n>       assert response.status_code == 400\nE       assert 500 == 400\nE        +  where 500 = <Response [500]>.status_code\n\ntests\\4 test_projects\\test_projects.py:580: AssertionError"}, "parameters": [{"name": "project_id", "value": "12222222222222222222222222222222222222222222222222222222222222222222222222222222222"}], "start": 1694611991597, "stop": 1694611991610, "uuid": "37012407-eaca-4f88-aec4-923b3db48454", "historyId": "ec9bc996d280662e786b0f4ec8a1caf5", "testCaseId": "73273001d2b0dd167b3f7831c24db5cd", "fullName": "tests.4 test_projects.test_projects#test_45_change_project_description_with_invalid_project_id", "labels": [{"name": "parentSuite", "value": "tests.4 test_projects"}, {"name": "suite", "value": "test_projects"}, {"name": "host", "value": "WIN-V4MLJNPG1BI"}, {"name": "thread", "value": "12412-MainThread"}, {"name": "framework", "value": "pytest"}, {"name": "language", "value": "cpython3"}, {"name": "package", "value": "tests.4 test_projects.test_projects"}]}