{"name": "DELETE /projects/project_id", "status": "failed", "statusDetails": {"message": "AssertionError: assert 500 == 400\n +  where 500 = <Response [500]>.status_code", "trace": "login_projects = <requests.sessions.Session object at 0x000001BF5B54D390>, project_id = 122222222222222222...2222222222222222222\n\n    @allure.title(\"DELETE /projects/project_id\")\n    @pytest.mark.parametrize(\"project_id\", invalid_space_id)\n    def test_22_get_project_with_invalid_id(login_projects, project_id):\n        response = login_projects.delete(HOST + f\"/projects/{project_id}\")\n>       assert response.status_code == 400\nE       assert 500 == 400\nE        +  where 500 = <Response [500]>.status_code\n\ntests\\4 test_projects\\test_projects.py:335: AssertionError"}, "parameters": [{"name": "project_id", "value": "12222222222222222222222222222222222222222222222222222222222222222222222222222222222"}], "start": 1694700803088, "stop": 1694700803097, "uuid": "a3a419fa-dca4-4593-bf8c-4ee25c4be7fc", "historyId": "3b70e62aabac88c181df9769dcaedd4e", "testCaseId": "14e6b2873848df65dbc9e5b128cf3aab", "fullName": "tests.4 test_projects.test_projects#test_22_get_project_with_invalid_id", "labels": [{"name": "parentSuite", "value": "tests.4 test_projects"}, {"name": "suite", "value": "test_projects"}, {"name": "host", "value": "WIN-V4MLJNPG1BI"}, {"name": "thread", "value": "17340-MainThread"}, {"name": "framework", "value": "pytest"}, {"name": "language", "value": "cpython3"}, {"name": "package", "value": "tests.4 test_projects.test_projects"}]}