{"name": "PATCH /projects/project_id/move", "status": "failed", "statusDetails": {"message": "AssertionError: assert 500 == 400\n +  where 500 = <Response [500]>.status_code", "trace": "login_projects = <requests.sessions.Session object at 0x000001BF5B54D390>, space_column_order = 122222222222222222...2222222222222222222\n\n    @allure.title(\"PATCH /projects/project_id/move\")\n    @pytest.mark.parametrize(\"space_column_order\", invalid_orders)\n    def test_33_move_project_with_invalid_orders(login_projects, space_column_order):\n        space = login_projects.get(HOST + \"/spaces\").json()[0]\n        space_column_id = space[\"columns\"][0][\"id\"]\n        project = login_projects.get(HOST + \"/projects/all-projects\").json()[0]\n        project_id = project[\"id\"]\n        response = login_projects.patch(\n            HOST + f\"/projects/{project_id}/move\",\n            json={\"columnId\": space_column_id, \"order\": space_column_order},\n        )\n>       assert response.status_code == 400\nE       assert 500 == 400\nE        +  where 500 = <Response [500]>.status_code\n\ntests\\4 test_projects\\test_projects.py:453: AssertionError"}, "parameters": [{"name": "space_column_order", "value": "12222222222222222222222222222222222222222222222222222222222222222222222222222222222"}], "start": 1694700806238, "stop": 1694700806308, "uuid": "24e15d8a-2e53-42b6-9ca3-5cb3f7a805ac", "historyId": "26584e9bf8c97b92984e38e8faf1e9c0", "testCaseId": "f2b47d120f9c4c760b25d3a9829e41d4", "fullName": "tests.4 test_projects.test_projects#test_33_move_project_with_invalid_orders", "labels": [{"name": "parentSuite", "value": "tests.4 test_projects"}, {"name": "suite", "value": "test_projects"}, {"name": "host", "value": "WIN-V4MLJNPG1BI"}, {"name": "thread", "value": "17340-MainThread"}, {"name": "framework", "value": "pytest"}, {"name": "language", "value": "cpython3"}, {"name": "package", "value": "tests.4 test_projects.test_projects"}]}