{"name": "PATCH /spaces/space_id/columns/column_id/name", "status": "failed", "statusDetails": {"message": "AssertionError: assert 403 == 400\n +  where 403 = <Response [403]>.status_code", "trace": "login_spaces = <requests.sessions.Session object at 0x000001B1A22681D0>, space_id = 10\n\n    @allure.title(\"PATCH /spaces/space_id/columns/column_id/name\")\n    @pytest.mark.parametrize(\"space_id\", valid_ids)\n    def test_56_change_column_name_with_invalid_space_and_invalid_column(\n        login_spaces, space_id\n    ):\n        response = login_spaces.patch(\n            HOST + f\"/spaces/{space_id}/columns/231123/name\",\n            json={\"name\": \"Колонка\"},\n        )\n>       assert response.status_code == 400\nE       assert 403 == 400\nE        +  where 403 = <Response [403]>.status_code\n\ntests\\3 test_spaces\\test_spaces.py:541: AssertionError"}, "parameters": [{"name": "space_id", "value": "10"}], "start": 1694611963449, "stop": 1694611963461, "uuid": "96534b18-82a5-4637-901c-a57aaf7a9971", "historyId": "b4376d6a81a7cbde740ce2a9522a4438", "testCaseId": "c349f709f5cae2196a02b3c95b0519f5", "fullName": "tests.3 test_spaces.test_spaces#test_56_change_column_name_with_invalid_space_and_invalid_column", "labels": [{"name": "parentSuite", "value": "tests.3 test_spaces"}, {"name": "suite", "value": "test_spaces"}, {"name": "host", "value": "WIN-V4MLJNPG1BI"}, {"name": "thread", "value": "12412-MainThread"}, {"name": "framework", "value": "pytest"}, {"name": "language", "value": "cpython3"}, {"name": "package", "value": "tests.3 test_spaces.test_spaces"}]}