{"name": "DELETE /tasks/task_id/remove-member/user_id", "status": "failed", "statusDetails": {"message": "AssertionError: assert 500 == 400\n +  where 500 = <Response [500]>.status_code", "trace": "login_tasks = <requests.sessions.Session object at 0x000001BF5BD60B50>, task_id = 3\n\n    @allure.title(\"DELETE /tasks/task_id/remove-member/user_id\")\n    @pytest.mark.parametrize(\"task_id\", valid_ids)\n    def test_86_add_member_task(login_tasks, task_id):\n        response = login_tasks.delete(HOST + f\"/tasks/{task_id}/remove-member/1\")\n>       assert response.status_code == 400\nE       assert 500 == 400\nE        +  where 500 = <Response [500]>.status_code\n\ntests\\5 test_tasks\\test_tasks.py:1053: AssertionError"}, "parameters": [{"name": "task_id", "value": "3"}], "start": 1694700857801, "stop": 1694700857827, "uuid": "e0e072c3-1aea-4924-8df1-375b422e9568", "historyId": "b45079ad17e865f37e68b7db87dd8cb1", "testCaseId": "38c6a4c3163e3bdf803666456d599266", "fullName": "tests.5 test_tasks.test_tasks#test_86_add_member_task", "labels": [{"name": "parentSuite", "value": "tests.5 test_tasks"}, {"name": "suite", "value": "test_tasks"}, {"name": "host", "value": "WIN-V4MLJNPG1BI"}, {"name": "thread", "value": "17340-MainThread"}, {"name": "framework", "value": "pytest"}, {"name": "language", "value": "cpython3"}, {"name": "package", "value": "tests.5 test_tasks.test_tasks"}]}