{"name": "GET /spaces/space_id/reglaments", "status": "failed", "statusDetails": {"message": "AssertionError: assert 403 == 400\n +  where 403 = <Response [403]>.status_code", "trace": "login_spaces = <requests.sessions.Session object at 0x000001B1A22681D0>, space_id = -10\n\n    @allure.title(\"GET /spaces/space_id/reglaments\")\n    @pytest.mark.parametrize(\"space_id\", invalid_space_id)\n    def test_69_get_invalid_space_reglaments(login_spaces, space_id):\n        response = login_spaces.get(HOST + f\"/spaces/{space_id}/reglaments\")\n>       assert response.status_code == 400\nE       assert 403 == 400\nE        +  where 403 = <Response [403]>.status_code\n\ntests\\3 test_spaces\\test_spaces.py:683: AssertionError"}, "parameters": [{"name": "space_id", "value": "-10"}], "start": 1694611965882, "stop": 1694611965889, "uuid": "3b6ab3a4-599d-4054-8d2d-e5699b37e585", "historyId": "032b1641463305e0b2eb8b725196eea8", "testCaseId": "e60bc77b1d70d8e88e689f19f6abbdae", "fullName": "tests.3 test_spaces.test_spaces#test_69_get_invalid_space_reglaments", "labels": [{"name": "parentSuite", "value": "tests.3 test_spaces"}, {"name": "suite", "value": "test_spaces"}, {"name": "host", "value": "WIN-V4MLJNPG1BI"}, {"name": "thread", "value": "12412-MainThread"}, {"name": "framework", "value": "pytest"}, {"name": "language", "value": "cpython3"}, {"name": "package", "value": "tests.3 test_spaces.test_spaces"}]}