{"name": "PATCH /projects/project_id/stages/stage_id/limit", "status": "failed", "statusDetails": {"message": "AssertionError: assert 200 == 400\n +  where 200 = <Response [200]>.status_code", "trace": "login_projects = <requests.sessions.Session object at 0x000001BF5B54D390>, task_limit = 122222222222222222...2222222222222222222\n\n    @allure.title(\"PATCH /projects/project_id/stages/stage_id/limit\")\n    @pytest.mark.parametrize(\"task_limit\", invalid_project_limit)\n    def test_63_change_project_stage_limit(login_projects, task_limit):\n        project = login_projects.get(HOST + \"/projects/all-projects\").json()[0]\n        project_id = project[\"id\"]\n        project_stage_id = project[\"stages\"][0][\"id\"]\n        response = login_projects.patch(\n            HOST + f\"/projects/{project_id}/stages/{project_stage_id}/limit\",\n            json={\"taskLimit\": task_limit},\n        )\n>       assert response.status_code == 400\nE       assert 200 == 400\nE        +  where 200 = <Response [200]>.status_code\n\ntests\\4 test_projects\\test_projects.py:792: AssertionError"}, "parameters": [{"name": "task_limit", "value": "12222222222222222222222222222222222222222222222222222222222222222222222222222222222"}], "start": 1694700814957, "stop": 1694700815004, "uuid": "9c1034e1-e106-4c0d-8dfd-6a2643c6dfe6", "historyId": "40c5bb6f27253d101f5a79156b85547d", "testCaseId": "455627f4dc863e8e15648df67a427420", "fullName": "tests.4 test_projects.test_projects#test_63_change_project_stage_limit", "labels": [{"name": "parentSuite", "value": "tests.4 test_projects"}, {"name": "suite", "value": "test_projects"}, {"name": "host", "value": "WIN-V4MLJNPG1BI"}, {"name": "thread", "value": "17340-MainThread"}, {"name": "framework", "value": "pytest"}, {"name": "language", "value": "cpython3"}, {"name": "package", "value": "tests.4 test_projects.test_projects"}]}