{"name": "PATCH /spaces/space_id/order", "status": "failed", "statusDetails": {"message": "AssertionError: assert 403 == 400\n +  where 403 = <Response [403]>.status_code", "trace": "login_spaces = <requests.sessions.Session object at 0x000001B1A22681D0>, order = 12222222, space_id = -10\n\n    @allure.title(\"PATCH /spaces/space_id/order\")\n    @pytest.mark.parametrize(\"order\", valid_orders)\n    @pytest.mark.parametrize(\"space_id\", invalid_space_id)\n    def test_35_change_order_invalid_space(login_spaces, order, space_id):\n        response = login_spaces.patch(\n            HOST + f\"/spaces/{space_id}/order\", json={\"order\": order}\n        )\n>       assert response.status_code == 400\nE       assert 403 == 400\nE        +  where 403 = <Response [403]>.status_code\n\ntests\\3 test_spaces\\test_spaces.py:306: AssertionError"}, "parameters": [{"name": "space_id", "value": "-10"}, {"name": "order", "value": "12222222"}], "start": 1694611948680, "stop": 1694611948689, "uuid": "58f3648d-53ae-4868-8020-dd44ecb44a71", "historyId": "814c6f4ad5e5e67f5392bb2da1226964", "testCaseId": "4f50262e911d0b044ed04e6a3bf8f8c6", "fullName": "tests.3 test_spaces.test_spaces#test_35_change_order_invalid_space", "labels": [{"name": "parentSuite", "value": "tests.3 test_spaces"}, {"name": "suite", "value": "test_spaces"}, {"name": "host", "value": "WIN-V4MLJNPG1BI"}, {"name": "thread", "value": "12412-MainThread"}, {"name": "framework", "value": "pytest"}, {"name": "language", "value": "cpython3"}, {"name": "package", "value": "tests.3 test_spaces.test_spaces"}]}