{"name": "GET /tasks/task_id/history", "status": "failed", "statusDetails": {"message": "AssertionError: assert 200 == 400\n +  where 200 = <Response [200]>.status_code", "trace": "login_tasks = <requests.sessions.Session object at 0x000001B19ECB4B10>, task_id = 5\n\n    @allure.title(\"GET /tasks/task_id/history\")\n    @pytest.mark.parametrize(\"task_id\", valid_ids)\n    def test_63_get_task_history(login_tasks, task_id):\n        response = login_tasks.get(HOST + f\"/tasks/{task_id}/history\")\n>       assert response.status_code == 400\nE       assert 200 == 400\nE        +  where 200 = <Response [200]>.status_code\n\ntests\\5 test_tasks\\test_tasks.py:769: AssertionError"}, "parameters": [{"name": "task_id", "value": "5"}], "start": 1694612041330, "stop": 1694612041351, "uuid": "97e79258-0392-4ffc-9d53-ecb565f9e8a9", "historyId": "3d5912ceb697137dc7cf14f1013e2bb4", "testCaseId": "e42a6c03fabe60ee4a3f86a25f74bb54", "fullName": "tests.5 test_tasks.test_tasks#test_63_get_task_history", "labels": [{"name": "parentSuite", "value": "tests.5 test_tasks"}, {"name": "suite", "value": "test_tasks"}, {"name": "host", "value": "WIN-V4MLJNPG1BI"}, {"name": "thread", "value": "12412-MainThread"}, {"name": "framework", "value": "pytest"}, {"name": "language", "value": "cpython3"}, {"name": "package", "value": "tests.5 test_tasks.test_tasks"}]}