{"name": "PATCH /projects/project_id/changeTimelineViewType", "status": "failed", "statusDetails": {"message": "AssertionError: assert 500 == 400\n +  where 500 = <Response [500]>.status_code", "trace": "login_projects = <requests.sessions.Session object at 0x000001BF5B54D390>, project_id = 2\n\n    @allure.title(\"PATCH /projects/project_id/changeTimelineViewType\")\n    @pytest.mark.parametrize(\"project_id\", valid_ids)\n    def test_111_change_project_into_new_column(login_projects, project_id):\n        response = login_projects.patch(\n            HOST + f\"/projects/{project_id}/changeTimelineViewType\", json={\"type\": True}\n        )\n>       assert response.status_code == 400\nE       assert 500 == 400\nE        +  where 500 = <Response [500]>.status_code\n\ntests\\4 test_projects\\test_projects.py:1302: AssertionError"}, "parameters": [{"name": "project_id", "value": "2"}], "start": 1694700827799, "stop": 1694700827806, "uuid": "51b973c8-5449-49ba-a8e5-034995773a7e", "historyId": "e2eff083fad567a7ba4ba9a68553e9f3", "testCaseId": "1c355bffc3d05b7fdcd59deefce5a481", "fullName": "tests.4 test_projects.test_projects#test_111_change_project_into_new_column", "labels": [{"name": "parentSuite", "value": "tests.4 test_projects"}, {"name": "suite", "value": "test_projects"}, {"name": "host", "value": "WIN-V4MLJNPG1BI"}, {"name": "thread", "value": "17340-MainThread"}, {"name": "framework", "value": "pytest"}, {"name": "language", "value": "cpython3"}, {"name": "package", "value": "tests.4 test_projects.test_projects"}]}