{"name": "DELETE /reglaments/reglament_id/usersPassed", "status": "failed", "statusDetails": {"message": "AssertionError: assert 404 == 400\n +  where 404 = <Response [404]>.status_code", "trace": "login_reglaments = <requests.sessions.Session object at 0x0000014FB70F2990>, reglament_id = -10\n\n    @allure.title(\"DELETE /reglaments/reglament_id/usersPassed\")\n    @pytest.mark.parametrize(\"reglament_id\", invalid_space_id)\n    def test_25_delete_users_passed_reglament(login_reglaments, reglament_id):\n        response = login_reglaments.delete(HOST + f\"/reglaments/{reglament_id}/usersPassed\")\n>       assert response.status_code == 400\nE       assert 404 == 400\nE        +  where 404 = <Response [404]>.status_code\n\ntests\\6 test_reglaments\\test_reglaments.py:273: AssertionError"}, "parameters": [{"name": "reglament_id", "value": "-10"}], "start": 1694700356914, "stop": 1694700356926, "uuid": "837763f3-fac4-4633-9d21-19d966d5ea63", "historyId": "95446282393612d915c004a76cad13f8", "testCaseId": "fd6573f04ecde799da884f319eab49e7", "fullName": "tests.6 test_reglaments.test_reglaments#test_25_delete_users_passed_reglament", "labels": [{"name": "parentSuite", "value": "tests.6 test_reglaments"}, {"name": "suite", "value": "test_reglaments"}, {"name": "host", "value": "WIN-V4MLJNPG1BI"}, {"name": "thread", "value": "8080-MainThread"}, {"name": "framework", "value": "pytest"}, {"name": "language", "value": "cpython3"}, {"name": "package", "value": "tests.6 test_reglaments.test_reglaments"}]}