{"name": "GET /spaces/space_id/projects", "status": "failed", "statusDetails": {"message": "AssertionError: assert 403 == 400\n +  where 403 = <Response [403]>.status_code", "trace": "login_spaces = <requests.sessions.Session object at 0x000001B1A22681D0>, space_id = 2\n\n    @allure.title(\"GET /spaces/space_id/projects\")\n    @pytest.mark.parametrize(\"space_id\", valid_ids)\n    def test_26_get_projects_from_invalid_space(login_spaces, space_id):\n        response = login_spaces.get(HOST + f\"/spaces/{space_id}/projects\")\n>       assert response.status_code == 400\nE       assert 403 == 400\nE        +  where 403 = <Response [403]>.status_code\n\ntests\\3 test_spaces\\test_spaces.py:220: AssertionError"}, "parameters": [{"name": "space_id", "value": "2"}], "start": 1694611946461, "stop": 1694611946471, "uuid": "e76764aa-71cd-4102-bd25-432f383852f9", "historyId": "69f956b7c581b19255acc9f57eabfa54", "testCaseId": "d40e09f31aba588ddfb68051e4a3db62", "fullName": "tests.3 test_spaces.test_spaces#test_26_get_projects_from_invalid_space", "labels": [{"name": "parentSuite", "value": "tests.3 test_spaces"}, {"name": "suite", "value": "test_spaces"}, {"name": "host", "value": "WIN-V4MLJNPG1BI"}, {"name": "thread", "value": "12412-MainThread"}, {"name": "framework", "value": "pytest"}, {"name": "language", "value": "cpython3"}, {"name": "package", "value": "tests.3 test_spaces.test_spaces"}]}