{"name": "POST /spaces/space_id/share-link/on", "status": "failed", "statusDetails": {"message": "AssertionError: assert 403 == 400\n +  where 403 = <Response [403]>.status_code", "trace": "login_spaces = <requests.sessions.Session object at 0x000001B1A22681D0>, space_id = -10\n\n    @allure.title(\"POST /spaces/space_id/share-link/on\")\n    @pytest.mark.parametrize(\"space_id\", invalid_space_id)\n    def test_22_invalid_space_share_link_on(login_spaces, space_id):\n        response = login_spaces.post(HOST + f\"/spaces/{space_id}/share-link/on\")\n>       assert response.status_code == 400\nE       assert 403 == 400\nE        +  where 403 = <Response [403]>.status_code\n\ntests\\3 test_spaces\\test_spaces.py:192: AssertionError"}, "parameters": [{"name": "space_id", "value": "-10"}], "start": 1694611945523, "stop": 1694611945530, "uuid": "190d8f4d-12da-4d01-b0dd-e79cca3873da", "historyId": "2c9f0e23dee9b3fa9cfc90d5ca877f0e", "testCaseId": "347942eca24eaeb88c8b9e707db35d73", "fullName": "tests.3 test_spaces.test_spaces#test_22_invalid_space_share_link_on", "labels": [{"name": "parentSuite", "value": "tests.3 test_spaces"}, {"name": "suite", "value": "test_spaces"}, {"name": "host", "value": "WIN-V4MLJNPG1BI"}, {"name": "thread", "value": "12412-MainThread"}, {"name": "framework", "value": "pytest"}, {"name": "language", "value": "cpython3"}, {"name": "package", "value": "tests.3 test_spaces.test_spaces"}]}