{"name": "GET /projects/project_id/tasks", "status": "failed", "statusDetails": {"message": "AssertionError: assert 500 == 400\n +  where 500 = <Response [500]>.status_code", "trace": "login_projects = <requests.sessions.Session object at 0x000001B1A2B795D0>, project_id = 122222222222222222...2222222222222222222\n\n    @allure.title(\"GET /projects/project_id/tasks\")\n    @pytest.mark.parametrize(\"project_id\", invalid_space_id)\n    def test_77_get_tasks_into_project(login_projects, project_id):\n        response = login_projects.get(HOST + f\"/projects/{project_id}/tasks\")\n>       assert response.status_code == 400\nE       assert 500 == 400\nE        +  where 500 = <Response [500]>.status_code\n\ntests\\4 test_projects\\test_projects.py:952: AssertionError"}, "parameters": [{"name": "project_id", "value": "12222222222222222222222222222222222222222222222222222222222222222222222222222222222"}], "start": 1694612005522, "stop": 1694612005531, "uuid": "a07b7e1d-6026-4666-9a4a-b31d9de66a3a", "historyId": "6696fe259d0670cefd80a1f64fde2071", "testCaseId": "f7c84cb64dd8baf60471e5d7b3b00a7c", "fullName": "tests.4 test_projects.test_projects#test_77_get_tasks_into_project", "labels": [{"name": "parentSuite", "value": "tests.4 test_projects"}, {"name": "suite", "value": "test_projects"}, {"name": "host", "value": "WIN-V4MLJNPG1BI"}, {"name": "thread", "value": "12412-MainThread"}, {"name": "framework", "value": "pytest"}, {"name": "language", "value": "cpython3"}, {"name": "package", "value": "tests.4 test_projects.test_projects"}]}