{"name": "PATCH /projects/changeEmbedOrder/embed_id/order", "status": "failed", "statusDetails": {"message": "AssertionError: assert 500 == 400\n +  where 500 = <Response [500]>.status_code", "trace": "login_projects = <requests.sessions.Session object at 0x000001B1A2B795D0>, order = 122222222222222222...2222222222222222222\n\n    @allure.title(\"PATCH /projects/changeEmbedOrder/embed_id/order\")\n    @pytest.mark.parametrize(\"order\", invalid_orders)\n    def test_96_change_embed_order(login_projects, order):\n        project = login_projects.get(HOST + \"/projects/all-projects\").json()[0]\n        project_embed_id = project[\"embeddings\"][0][\"id\"]\n        response = login_projects.patch(\n            HOST + f\"/projects/changeEmbedOrder/{project_embed_id}/order\",\n            json={\n                \"order\": order,\n            },\n        )\n>       assert response.status_code == 400\nE       assert 500 == 400\nE        +  where 500 = <Response [500]>.status_code\n\ntests\\4 test_projects\\test_projects.py:1149: AssertionError"}, "parameters": [{"name": "order", "value": "12222222222222222222222222222222222222222222222222222222222222222222222222222222222"}], "start": 1694612010531, "stop": 1694612010598, "uuid": "38664e97-80d2-4533-a16f-5a3e1981ac56", "historyId": "8638c2a25e33589249fd192a6d54605b", "testCaseId": "bfbae689eac3831d5db249621aa409f4", "fullName": "tests.4 test_projects.test_projects#test_96_change_embed_order", "labels": [{"name": "parentSuite", "value": "tests.4 test_projects"}, {"name": "suite", "value": "test_projects"}, {"name": "host", "value": "WIN-V4MLJNPG1BI"}, {"name": "thread", "value": "12412-MainThread"}, {"name": "framework", "value": "pytest"}, {"name": "language", "value": "cpython3"}, {"name": "package", "value": "tests.4 test_projects.test_projects"}]}