{"name": "PATCH /spaces/space_id/reglaments-columns/column_id/order", "status": "failed", "statusDetails": {"message": "AssertionError: assert 500 == 400\n +  where 500 = <Response [500]>.status_code", "trace": "login_spaces = <requests.sessions.Session object at 0x000001B1A22681D0>, space_reglament_column_id = 10\n\n    @allure.title(\"PATCH /spaces/space_id/reglaments-columns/column_id/order\")\n    @pytest.mark.parametrize(\"space_reglament_column_id\", valid_ids)\n    def test_85_change_reglament_column_order_with_invalid_column(\n        login_spaces, space_reglament_column_id\n    ):\n        space = login_spaces.get(HOST + \"/spaces\").json()[0]\n        space_id = space[\"id\"]\n        response = login_spaces.patch(\n            HOST\n            + f\"/spaces/{space_id}/reglament-columns/{space_reglament_column_id}/order\",\n            json={\"order\": 0},\n        )\n>       assert response.status_code == 400\nE       assert 500 == 400\nE        +  where 500 = <Response [500]>.status_code\n\ntests\\3 test_spaces\\test_spaces.py:873: AssertionError"}, "parameters": [{"name": "space_reglament_column_id", "value": "10"}], "start": 1694611970582, "stop": 1694611970631, "uuid": "d9d42a3a-451f-4bd2-ae0e-ba03ea4a8703", "historyId": "a025274baf0d4445c3dfb7078c062d9c", "testCaseId": "9dbaa0d4aa06bfea3ad5eb68306c4070", "fullName": "tests.3 test_spaces.test_spaces#test_85_change_reglament_column_order_with_invalid_column", "labels": [{"name": "parentSuite", "value": "tests.3 test_spaces"}, {"name": "suite", "value": "test_spaces"}, {"name": "host", "value": "WIN-V4MLJNPG1BI"}, {"name": "thread", "value": "12412-MainThread"}, {"name": "framework", "value": "pytest"}, {"name": "language", "value": "cpython3"}, {"name": "package", "value": "tests.3 test_spaces.test_spaces"}]}