{"name": "PATCH /projects/project_id/memo", "status": "failed", "statusDetails": {"message": "AssertionError: assert 500 == 400\n +  where 500 = <Response [500]>.status_code", "trace": "login_projects = <requests.sessions.Session object at 0x000001B1A2B795D0>, project_id = 111\n\n    @allure.title(\"PATCH /projects/project_id/memo\")\n    @pytest.mark.parametrize(\"project_id\", valid_ids)\n    def test_26_get_change_project_memo_with_invalid_project_id(login_projects, project_id):\n        response = login_projects.patch(\n            HOST + f\"/projects/{project_id}/memo\", json={\"memo\": \"string\"}\n        )\n>       assert response.status_code == 400\nE       assert 500 == 400\nE        +  where 500 = <Response [500]>.status_code\n\ntests\\4 test_projects\\test_projects.py:370: AssertionError"}, "parameters": [{"name": "project_id", "value": "111"}], "start": 1694611986194, "stop": 1694611986200, "uuid": "6b216c0c-cb6c-4499-b176-b4ca1ce8a97f", "historyId": "14d88e3b5619cf733d23c42334eef5d7", "testCaseId": "3dab2e80aebd5483c3870fb1e36f5c3e", "fullName": "tests.4 test_projects.test_projects#test_26_get_change_project_memo_with_invalid_project_id", "labels": [{"name": "parentSuite", "value": "tests.4 test_projects"}, {"name": "suite", "value": "test_projects"}, {"name": "host", "value": "WIN-V4MLJNPG1BI"}, {"name": "thread", "value": "12412-MainThread"}, {"name": "framework", "value": "pytest"}, {"name": "language", "value": "cpython3"}, {"name": "package", "value": "tests.4 test_projects.test_projects"}]}