{"name": "POST /spaces/space_id/share-link/on", "status": "failed", "statusDetails": {"message": "AssertionError: assert 403 == 400\n +  where 403 = <Response [403]>.status_code", "trace": "login_spaces = <requests.sessions.Session object at 0x000001BF5AE33690>, space_id = 2\n\n    @allure.title(\"POST /spaces/space_id/share-link/on\")\n    @pytest.mark.parametrize(\"space_id\", valid_ids)\n    def test_24_invalid_space_share_link_on(login_spaces, space_id):\n        response = login_spaces.post(HOST + f\"/spaces/{space_id}/share-link/on\")\n>       assert response.status_code == 400\nE       assert 403 == 400\nE        +  where 403 = <Response [403]>.status_code\n\ntests\\3 test_spaces\\test_spaces.py:206: AssertionError"}, "parameters": [{"name": "space_id", "value": "2"}], "start": 1694700759303, "stop": 1694700759311, "uuid": "c749f806-fbbc-46dd-9b71-5d5079b16a93", "historyId": "a76b023f27bd66675181d392dfd3f292", "testCaseId": "9c34bcfd6f432d767d86197994229c52", "fullName": "tests.3 test_spaces.test_spaces#test_24_invalid_space_share_link_on", "labels": [{"name": "parentSuite", "value": "tests.3 test_spaces"}, {"name": "suite", "value": "test_spaces"}, {"name": "host", "value": "WIN-V4MLJNPG1BI"}, {"name": "thread", "value": "17340-MainThread"}, {"name": "framework", "value": "pytest"}, {"name": "language", "value": "cpython3"}, {"name": "package", "value": "tests.3 test_spaces.test_spaces"}]}