{"name": "DELETE /projects/project_id/stages/stage_id", "status": "failed", "statusDetails": {"message": "AssertionError: assert 500 == 400\n +  where 500 = <Response [500]>.status_code", "trace": "login_projects = <requests.sessions.Session object at 0x000001BF5B54D390>, project_id = 8\n\n    @allure.title(\"DELETE /projects/project_id/stages/stage_id\")\n    @pytest.mark.parametrize(\"project_id\", valid_ids)\n    def test_48_delete_stage_into_invalid_project(login_projects, project_id):\n        response = login_projects.delete(HOST + f\"/projects/{project_id}/stages/1\")\n>       assert response.status_code == 400\nE       assert 500 == 400\nE        +  where 500 = <Response [500]>.status_code\n\ntests\\4 test_projects\\test_projects.py:605: AssertionError"}, "parameters": [{"name": "project_id", "value": "8"}], "start": 1694700809481, "stop": 1694700809488, "uuid": "0a8aefac-4140-4939-a76b-2e60b61125af", "historyId": "993afecf18c0f580a590031722cb0cc5", "testCaseId": "55cdded11d90a6b1b62278a2994ded8e", "fullName": "tests.4 test_projects.test_projects#test_48_delete_stage_into_invalid_project", "labels": [{"name": "parentSuite", "value": "tests.4 test_projects"}, {"name": "suite", "value": "test_projects"}, {"name": "host", "value": "WIN-V4MLJNPG1BI"}, {"name": "thread", "value": "17340-MainThread"}, {"name": "framework", "value": "pytest"}, {"name": "language", "value": "cpython3"}, {"name": "package", "value": "tests.4 test_projects.test_projects"}]}