{"name": "PATCH /projects/project_id/showProjectReviewTab", "status": "failed", "statusDetails": {"message": "AssertionError: assert 500 == 400\n +  where 500 = <Response [500]>.status_code", "trace": "login_projects = <requests.sessions.Session object at 0x000001BF5B54D390>, project_id = 5\n\n    @allure.title(\"PATCH /projects/project_id/showProjectReviewTab\")\n    @pytest.mark.parametrize(\"project_id\", valid_ids)\n    def test_74_show_project_review_tab(login_projects, project_id):\n        response = login_projects.patch(\n            HOST + f\"/projects/{project_id}/showProjectReviewTab\",\n            json={\n                \"show\": True,\n            },\n        )\n>       assert response.status_code == 400\nE       assert 500 == 400\nE        +  where 500 = <Response [500]>.status_code\n\ntests\\4 test_projects\\test_projects.py:930: AssertionError"}, "parameters": [{"name": "project_id", "value": "5"}], "start": 1694700818194, "stop": 1694700818209, "uuid": "d4df1c24-210e-4f61-a083-caaa4467b8a7", "historyId": "5ee645859fa05f2325bca682d0c79fc7", "testCaseId": "edfc16429faa27138cdef0f870b6980c", "fullName": "tests.4 test_projects.test_projects#test_74_show_project_review_tab", "labels": [{"name": "parentSuite", "value": "tests.4 test_projects"}, {"name": "suite", "value": "test_projects"}, {"name": "host", "value": "WIN-V4MLJNPG1BI"}, {"name": "thread", "value": "17340-MainThread"}, {"name": "framework", "value": "pytest"}, {"name": "language", "value": "cpython3"}, {"name": "package", "value": "tests.4 test_projects.test_projects"}]}