{"name": "PATCH /projects/project_id/stages/stage_id/limit", "status": "failed", "statusDetails": {"message": "AssertionError: assert 500 == 400\n +  where 500 = <Response [500]>.status_code", "trace": "login_projects = <requests.sessions.Session object at 0x000001B1A2B795D0>, project_stage_id = 4\n\n    @allure.title(\"PATCH /projects/project_id/stages/stage_id/limit\")\n    @pytest.mark.parametrize(\"project_stage_id\", valid_ids)\n    def test_60_change_project_stage_limit_with_invalid_project_stage(\n        login_projects, project_stage_id\n    ):\n        project = login_projects.get(HOST + \"/projects/all-projects\").json()[0]\n        project_id = project[\"id\"]\n        response = login_projects.patch(\n            HOST + f\"/projects/{project_id}/stages/{project_stage_id}/limit\",\n            json={\"taskLimit\": None},\n        )\n>       assert response.status_code == 400\nE       assert 500 == 400\nE        +  where 500 = <Response [500]>.status_code\n\ntests\\4 test_projects\\test_projects.py:752: AssertionError"}, "parameters": [{"name": "project_stage_id", "value": "4"}], "start": 1694611998455, "stop": 1694611998536, "uuid": "0ea33cba-b3ad-4ab6-8fc5-e3d48984b7f0", "historyId": "4d275e962275fdbb6fab42c037ad3199", "testCaseId": "82c126b6d040a412651a650de84c6727", "fullName": "tests.4 test_projects.test_projects#test_60_change_project_stage_limit_with_invalid_project_stage", "labels": [{"name": "parentSuite", "value": "tests.4 test_projects"}, {"name": "suite", "value": "test_projects"}, {"name": "host", "value": "WIN-V4MLJNPG1BI"}, {"name": "thread", "value": "12412-MainThread"}, {"name": "framework", "value": "pytest"}, {"name": "language", "value": "cpython3"}, {"name": "package", "value": "tests.4 test_projects.test_projects"}]}