{"name": "PATCH /reglaments/reglament_id/name", "status": "failed", "statusDetails": {"message": "AssertionError: assert 500 == 400\n +  where 500 = <Response [500]>.status_code", "trace": "login_reglaments = <requests.sessions.Session object at 0x0000020532F52990>, reglament_id = 122222222222222222...2222222222222222222\n\n    @allure.title(\"PATCH /reglaments/reglament_id/name\")\n    @pytest.mark.parametrize(\"reglament_id\", invalid_space_id)\n    def test_42_change_reglament_name(login_reglaments, reglament_id):\n        response = login_reglaments.patch(\n            HOST + f\"/reglaments/{reglament_id}/name\",\n            json={\n                \"name\": \"string\",\n            },\n        )\n>       assert response.status_code == 400\nE       assert 500 == 400\nE        +  where 500 = <Response [500]>.status_code\n\ntests\\6 test_reglaments\\test_reglaments.py:464: AssertionError"}, "parameters": [{"name": "reglament_id", "value": "12222222222222222222222222222222222222222222222222222222222222222222222222222222222"}], "start": 1694700175599, "stop": 1694700175606, "uuid": "06c06515-721d-4d29-93b1-1290b8b2ea79", "historyId": "7160444bf109ff8a73f2c1cf9b38d698", "testCaseId": "048e4bc411dfb5ec0eeb56d5e0f82687", "fullName": "tests.6 test_reglaments.test_reglaments#test_42_change_reglament_name", "labels": [{"name": "parentSuite", "value": "tests.6 test_reglaments"}, {"name": "suite", "value": "test_reglaments"}, {"name": "host", "value": "WIN-V4MLJNPG1BI"}, {"name": "thread", "value": "15248-MainThread"}, {"name": "framework", "value": "pytest"}, {"name": "language", "value": "cpython3"}, {"name": "package", "value": "tests.6 test_reglaments.test_reglaments"}]}