{"name": "POST /projects/project_id/stages", "status": "failed", "statusDetails": {"message": "AssertionError: assert 201 == 400\n +  where 201 = <Response [201]>.status_code", "trace": "login_projects = <requests.sessions.Session object at 0x000001B1A2B795D0>, name = ' '\n\n    @allure.title(\"POST /projects/project_id/stages\")\n    @pytest.mark.parametrize(\"name\", invalid_names)\n    def test_35_create_stage_into_project_with_invalid_name(login_projects, name):\n        project = login_projects.get(HOST + \"/projects/all-projects\").json()[0]\n        project_id = project[\"id\"]\n        response = login_projects.post(\n            HOST + f\"/projects/{project_id}/stages\",\n            json={\"name\": name, \"order\": 0, \"tasks\": []},\n        )\n>       assert response.status_code == 400\nE       assert 201 == 400\nE        +  where 201 = <Response [201]>.status_code\n\ntests\\4 test_projects\\test_projects.py:477: AssertionError"}, "parameters": [{"name": "name", "value": "' '"}], "start": 1694611988686, "stop": 1694611988742, "uuid": "b51c205f-f36b-4cfd-8a55-11f52196919f", "historyId": "ee226c4b8bb2b9d76ec649264300c910", "testCaseId": "ede728ae1ed76b6e8a5e201fdd4ceb51", "fullName": "tests.4 test_projects.test_projects#test_35_create_stage_into_project_with_invalid_name", "labels": [{"name": "parentSuite", "value": "tests.4 test_projects"}, {"name": "suite", "value": "test_projects"}, {"name": "host", "value": "WIN-V4MLJNPG1BI"}, {"name": "thread", "value": "12412-MainThread"}, {"name": "framework", "value": "pytest"}, {"name": "language", "value": "cpython3"}, {"name": "package", "value": "tests.4 test_projects.test_projects"}]}