{"name": "DELETE /projects/project_id", "status": "failed", "statusDetails": {"message": "AssertionError: assert 500 == 400\n +  where 500 = <Response [500]>.status_code", "trace": "login_projects = <requests.sessions.Session object at 0x000001BF5B54D390>, project_id = 7\n\n    @allure.title(\"DELETE /projects/project_id\")\n    @pytest.mark.parametrize(\"project_id\", valid_ids)\n    def test_23_get_project_with_invalid_id(login_projects, project_id):\n        response = login_projects.delete(HOST + f\"/projects/{project_id}\")\n>       assert response.status_code == 400\nE       assert 500 == 400\nE        +  where 500 = <Response [500]>.status_code\n\ntests\\4 test_projects\\test_projects.py:342: AssertionError"}, "parameters": [{"name": "project_id", "value": "7"}], "start": 1694700803406, "stop": 1694700803413, "uuid": "282db248-b922-4f58-854d-6c843a17ffb9", "historyId": "1efa3fbb5b479b2e6dd1353e297c399c", "testCaseId": "c43855db6a99f2aa6c9714a77ecc1059", "fullName": "tests.4 test_projects.test_projects#test_23_get_project_with_invalid_id", "labels": [{"name": "parentSuite", "value": "tests.4 test_projects"}, {"name": "suite", "value": "test_projects"}, {"name": "host", "value": "WIN-V4MLJNPG1BI"}, {"name": "thread", "value": "17340-MainThread"}, {"name": "framework", "value": "pytest"}, {"name": "language", "value": "cpython3"}, {"name": "package", "value": "tests.4 test_projects.test_projects"}]}