{"name": "DELETE /projects/project_id/stages/stage_id", "status": "failed", "statusDetails": {"message": "AssertionError: assert 500 == 400\n +  where 500 = <Response [500]>.status_code", "trace": "login_projects = <requests.sessions.Session object at 0x000001B1A2B795D0>, project_id = 3\n\n    @allure.title(\"DELETE /projects/project_id/stages/stage_id\")\n    @pytest.mark.parametrize(\"project_id\", valid_ids)\n    def test_48_delete_stage_into_invalid_project(login_projects, project_id):\n        response = login_projects.delete(HOST + f\"/projects/{project_id}/stages/1\")\n>       assert response.status_code == 400\nE       assert 500 == 400\nE        +  where 500 = <Response [500]>.status_code\n\ntests\\4 test_projects\\test_projects.py:605: AssertionError"}, "parameters": [{"name": "project_id", "value": "3"}], "start": 1694611992160, "stop": 1694611992182, "uuid": "41b3c9b1-0126-46a4-a02e-7c3e7136df08", "historyId": "96216867d9765444f1551215db653233", "testCaseId": "55cdded11d90a6b1b62278a2994ded8e", "fullName": "tests.4 test_projects.test_projects#test_48_delete_stage_into_invalid_project", "labels": [{"name": "parentSuite", "value": "tests.4 test_projects"}, {"name": "suite", "value": "test_projects"}, {"name": "host", "value": "WIN-V4MLJNPG1BI"}, {"name": "thread", "value": "12412-MainThread"}, {"name": "framework", "value": "pytest"}, {"name": "language", "value": "cpython3"}, {"name": "package", "value": "tests.4 test_projects.test_projects"}]}