{"name": "PATCH /spaces/space_id/columns/column_id", "status": "failed", "statusDetails": {"message": "AssertionError: assert 403 == 400\n +  where 403 = <Response [403]>.status_code", "trace": "login_spaces = <requests.sessions.Session object at 0x000001B1A22681D0>, order = 0, space_id = 8\n\n    @allure.title(\"PATCH /spaces/space_id/columns/column_id\")\n    @pytest.mark.parametrize(\"order\", valid_orders)\n    @pytest.mark.parametrize(\"space_id\", valid_ids)\n    def test_40_change_column_invalid_order_space(login_spaces, order, space_id):\n        space = login_spaces.get(HOST + \"/spaces\").json()[0]\n        space_column_id = space[\"columns\"][0][\"id\"]\n        response = login_spaces.patch(\n            HOST + f\"/spaces/{space_id}/columns/{space_column_id}\", json={\"order\": order}\n        )\n>       assert response.status_code == 400\nE       assert 403 == 400\nE        +  where 403 = <Response [403]>.status_code\n\ntests\\3 test_spaces\\test_spaces.py:364: AssertionError"}, "parameters": [{"name": "space_id", "value": "8"}, {"name": "order", "value": "0"}], "start": 1694611952053, "stop": 1694611952089, "uuid": "5a20799c-5e62-4e22-9cf2-d62b74b425b3", "historyId": "f089c2aa91e56e17eb0b5ee786b917c4", "testCaseId": "f989c6b6a71c251598c750a5794e5851", "fullName": "tests.3 test_spaces.test_spaces#test_40_change_column_invalid_order_space", "labels": [{"name": "parentSuite", "value": "tests.3 test_spaces"}, {"name": "suite", "value": "test_spaces"}, {"name": "host", "value": "WIN-V4MLJNPG1BI"}, {"name": "thread", "value": "12412-MainThread"}, {"name": "framework", "value": "pytest"}, {"name": "language", "value": "cpython3"}, {"name": "package", "value": "tests.3 test_spaces.test_spaces"}]}