{"name": "DELETE /tasks/task_id/remove-member/user_id", "status": "failed", "statusDetails": {"message": "AssertionError: assert 500 == 400\n +  where 500 = <Response [500]>.status_code", "trace": "login_tasks = <requests.sessions.Session object at 0x000001B19ECB4B10>, user_id = 1\n\n    @allure.title(\"DELETE /tasks/task_id/remove-member/user_id\")\n    @pytest.mark.parametrize(\"user_id\", valid_ids)\n    def test_89_add_member_task(login_tasks, user_id):\n        project = login_tasks.get(HOST + \"/projects/all-projects\").json()[0]\n        project_id = project[\"id\"]\n        task = login_tasks.get(HOST + f\"/projects/{project_id}/tasks\").json()[0]\n        task_id = task[\"id\"]\n        response = login_tasks.delete(HOST + f\"/tasks/{task_id}/remove-member/{user_id}\")\n>       assert response.status_code == 400\nE       assert 500 == 400\nE        +  where 500 = <Response [500]>.status_code\n\ntests\\5 test_tasks\\test_tasks.py:1082: AssertionError"}, "parameters": [{"name": "user_id", "value": "1"}], "start": 1694612051767, "stop": 1694612051868, "uuid": "8c4cc5db-c551-4a81-bbf0-20d70e1e4f9d", "historyId": "fbf286f7f6231a8615f4803137678df6", "testCaseId": "7350a6ffd28f4d9b369fad4ee60ac265", "fullName": "tests.5 test_tasks.test_tasks#test_89_add_member_task", "labels": [{"name": "parentSuite", "value": "tests.5 test_tasks"}, {"name": "suite", "value": "test_tasks"}, {"name": "host", "value": "WIN-V4MLJNPG1BI"}, {"name": "thread", "value": "12412-MainThread"}, {"name": "framework", "value": "pytest"}, {"name": "language", "value": "cpython3"}, {"name": "package", "value": "tests.5 test_tasks.test_tasks"}]}