{"name": "PATCH /spaces/space_id/reglaments-columns/column_id/order", "status": "failed", "statusDetails": {"message": "AssertionError: assert 500 == 400\n +  where 500 = <Response [500]>.status_code", "trace": "login_spaces = <requests.sessions.Session object at 0x000001BF5AE33690>, space_reglament_column_id = 8\n\n    @allure.title(\"PATCH /spaces/space_id/reglaments-columns/column_id/order\")\n    @pytest.mark.parametrize(\"space_reglament_column_id\", valid_ids)\n    def test_85_change_reglament_column_order_with_invalid_column(\n        login_spaces, space_reglament_column_id\n    ):\n        space = login_spaces.get(HOST + \"/spaces\").json()[0]\n        space_id = space[\"id\"]\n        response = login_spaces.patch(\n            HOST\n            + f\"/spaces/{space_id}/reglament-columns/{space_reglament_column_id}/order\",\n            json={\"order\": 0},\n        )\n>       assert response.status_code == 400\nE       assert 500 == 400\nE        +  where 500 = <Response [500]>.status_code\n\ntests\\3 test_spaces\\test_spaces.py:873: AssertionError"}, "parameters": [{"name": "space_reglament_column_id", "value": "8"}], "start": 1694700787803, "stop": 1694700787857, "uuid": "996973fe-5c2d-4c9f-9a0d-cd657658422c", "historyId": "c17815d49c48ec8b5bc2a79ca2bf66e7", "testCaseId": "9dbaa0d4aa06bfea3ad5eb68306c4070", "fullName": "tests.3 test_spaces.test_spaces#test_85_change_reglament_column_order_with_invalid_column", "labels": [{"name": "parentSuite", "value": "tests.3 test_spaces"}, {"name": "suite", "value": "test_spaces"}, {"name": "host", "value": "WIN-V4MLJNPG1BI"}, {"name": "thread", "value": "17340-MainThread"}, {"name": "framework", "value": "pytest"}, {"name": "language", "value": "cpython3"}, {"name": "package", "value": "tests.3 test_spaces.test_spaces"}]}