{"name": "DELETE /projects/project_id", "status": "failed", "statusDetails": {"message": "AssertionError: assert 500 == 400\n +  where 500 = <Response [500]>.status_code", "trace": "login_projects = <requests.sessions.Session object at 0x000001BF5B54D390>, project_id = 4\n\n    @allure.title(\"DELETE /projects/project_id\")\n    @pytest.mark.parametrize(\"project_id\", valid_ids)\n    def test_23_get_project_with_invalid_id(login_projects, project_id):\n        response = login_projects.delete(HOST + f\"/projects/{project_id}\")\n>       assert response.status_code == 400\nE       assert 500 == 400\nE        +  where 500 = <Response [500]>.status_code\n\ntests\\4 test_projects\\test_projects.py:342: AssertionError"}, "parameters": [{"name": "project_id", "value": "4"}], "start": 1694700803328, "stop": 1694700803336, "uuid": "be01300a-4787-46ca-a5b9-59928d6ae8a6", "historyId": "d5b027904970f1931d706a6f42886188", "testCaseId": "c43855db6a99f2aa6c9714a77ecc1059", "fullName": "tests.4 test_projects.test_projects#test_23_get_project_with_invalid_id", "labels": [{"name": "parentSuite", "value": "tests.4 test_projects"}, {"name": "suite", "value": "test_projects"}, {"name": "host", "value": "WIN-V4MLJNPG1BI"}, {"name": "thread", "value": "17340-MainThread"}, {"name": "framework", "value": "pytest"}, {"name": "language", "value": "cpython3"}, {"name": "package", "value": "tests.4 test_projects.test_projects"}]}