{"name": "GET /projects/project_id/tasks", "status": "failed", "statusDetails": {"message": "AssertionError: assert 500 == 400\n +  where 500 = <Response [500]>.status_code", "trace": "login_projects = <requests.sessions.Session object at 0x000001BF5B54D390>, project_id = 9\n\n    @allure.title(\"GET /projects/project_id/tasks\")\n    @pytest.mark.parametrize(\"project_id\", valid_ids)\n    def test_76_get_tasks_into_project(login_projects, project_id):\n        response = login_projects.get(HOST + f\"/projects/{project_id}/tasks\")\n>       assert response.status_code == 400\nE       assert 500 == 400\nE        +  where 500 = <Response [500]>.status_code\n\ntests\\4 test_projects\\test_projects.py:945: AssertionError"}, "parameters": [{"name": "project_id", "value": "9"}], "start": 1694700818878, "stop": 1694700818886, "uuid": "bd86e458-2266-49ea-a547-58b931da17a3", "historyId": "fea93a013cc29a48c88d5c3f0ab47aba", "testCaseId": "fb5b19bc752c55730076d462219fa338", "fullName": "tests.4 test_projects.test_projects#test_76_get_tasks_into_project", "labels": [{"name": "parentSuite", "value": "tests.4 test_projects"}, {"name": "suite", "value": "test_projects"}, {"name": "host", "value": "WIN-V4MLJNPG1BI"}, {"name": "thread", "value": "17340-MainThread"}, {"name": "framework", "value": "pytest"}, {"name": "language", "value": "cpython3"}, {"name": "package", "value": "tests.4 test_projects.test_projects"}]}