{"name": "POST /projects", "status": "failed", "statusDetails": {"message": "AssertionError: assert 500 == 400\n +  where 500 = <Response [500]>.status_code", "trace": "login_projects = <requests.sessions.Session object at 0x000001B1A2B795D0>, responsible_id = 7\n\n    @allure.title(\"POST /projects\")\n    @pytest.mark.parametrize(\"responsible_id\", valid_ids)\n    def test_7_create_project_with_invalid_responsible_id(login_projects, responsible_id):\n        space = login_projects.get(HOST + \"/spaces\").json()[0]\n        space_column_id = space[\"columns\"][0][\"id\"]\n        response = login_projects.post(\n            HOST + \"/projects\",\n            json={\n                \"name\": \"Проект2\",\n                \"spaceColumnId\": space_column_id,\n                \"color\": \"string\",\n                \"responsibleId\": responsible_id,\n                \"postponingTaskDayCount\": 0,\n            },\n        )\n>       assert response.status_code == 400\nE       assert 500 == 400\nE        +  where 500 = <Response [500]>.status_code\n\ntests\\4 test_projects\\test_projects.py:124: AssertionError"}, "parameters": [{"name": "responsible_id", "value": "7"}], "start": 1694611980973, "stop": 1694611981026, "uuid": "4291701d-6ca8-45f6-b587-8e105d9f146b", "historyId": "45f4df32417532620fbe9e06d5587c3d", "testCaseId": "58e9dfad0029b0f982fd77919b204268", "fullName": "tests.4 test_projects.test_projects#test_7_create_project_with_invalid_responsible_id", "labels": [{"name": "parentSuite", "value": "tests.4 test_projects"}, {"name": "suite", "value": "test_projects"}, {"name": "host", "value": "WIN-V4MLJNPG1BI"}, {"name": "thread", "value": "12412-MainThread"}, {"name": "framework", "value": "pytest"}, {"name": "language", "value": "cpython3"}, {"name": "package", "value": "tests.4 test_projects.test_projects"}]}