{"name": "DELETE /reglaments/reglament_id/usersPassed", "status": "failed", "statusDetails": {"message": "AssertionError: assert 404 == 400\n +  where 404 = <Response [404]>.status_code", "trace": "login_reglaments = <requests.sessions.Session object at 0x000001ED198846D0>, reglament_id = 1\n\n    @allure.title('DELETE /reglaments/reglament_id/usersPassed')\n    @pytest.mark.parametrize('reglament_id', valid_ids)\n    def test_24_delete_users_passed_reglament(login_reglaments, reglament_id):\n        response = login_reglaments.delete(HOST + f'/reglaments/{reglament_id}/usersPassed')\n>       assert response.status_code == 400\nE       assert 404 == 400\nE        +  where 404 = <Response [404]>.status_code\n\ntests\\6 test_reglaments\\test_reglaments.py:238: AssertionError"}, "parameters": [{"name": "reglament_id", "value": "1"}], "start": 1694694813152, "stop": 1694694813163, "uuid": "f3ee4d43-901b-4561-b826-495477cf5474", "historyId": "b3bdb6b8aad0776129d0ca869a1c3991", "testCaseId": "dc85257ea50058c19c7d3f6dcab8c28e", "fullName": "tests.6 test_reglaments.test_reglaments#test_24_delete_users_passed_reglament", "labels": [{"name": "parentSuite", "value": "tests.6 test_reglaments"}, {"name": "suite", "value": "test_reglaments"}, {"name": "host", "value": "WIN-V4MLJNPG1BI"}, {"name": "thread", "value": "1636-MainThread"}, {"name": "framework", "value": "pytest"}, {"name": "language", "value": "cpython3"}, {"name": "package", "value": "tests.6 test_reglaments.test_reglaments"}]}