{"name": "PATCH /projects/project_id/changeColumn/column_id", "status": "failed", "statusDetails": {"message": "AssertionError: assert 500 == 400\n +  where 500 = <Response [500]>.status_code", "trace": "login_projects = <requests.sessions.Session object at 0x000001B1A2B795D0>, project_id = -10\n\n    @allure.title(\"PATCH /projects/project_id/changeColumn/column_id\")\n    @pytest.mark.parametrize(\"project_id\", invalid_space_id)\n    def test_106_change_project_into_new_column(login_projects, project_id):\n        space = login_projects.get(HOST + \"/spaces\").json()[0]\n        space_column_id = space[\"columns\"][0][\"id\"]\n        response = login_projects.patch(\n            HOST + f\"/projects/{project_id}/changeColumn/{space_column_id}\"\n        )\n>       assert response.status_code == 400\nE       assert 500 == 400\nE        +  where 500 = <Response [500]>.status_code\n\ntests\\4 test_projects\\test_projects.py:1249: AssertionError"}, "parameters": [{"name": "project_id", "value": "-10"}], "start": 1694612013448, "stop": 1694612013487, "uuid": "3dda2e19-96d8-4e44-92a3-31a9612d4a11", "historyId": "73b5b4366806bf817dcc4c31843d1097", "testCaseId": "4e142ac7076caa25ec043087e5af1ab1", "fullName": "tests.4 test_projects.test_projects#test_106_change_project_into_new_column", "labels": [{"name": "parentSuite", "value": "tests.4 test_projects"}, {"name": "suite", "value": "test_projects"}, {"name": "host", "value": "WIN-V4MLJNPG1BI"}, {"name": "thread", "value": "12412-MainThread"}, {"name": "framework", "value": "pytest"}, {"name": "language", "value": "cpython3"}, {"name": "package", "value": "tests.4 test_projects.test_projects"}]}