{"name": "POST /tasks/move", "status": "failed", "statusDetails": {"message": "AssertionError: assert 500 == 400\n +  where 500 = <Response [500]>.status_code", "trace": "login_tasks = <requests.sessions.Session object at 0x000001B19ECB4B10>, project_stage_id = 122222222222222222...2222222222222222222\n\n    @allure.title(\"POST /tasks/move\")\n    @pytest.mark.parametrize(\"project_stage_id\", invalid_space_id)\n    def test_16_task_move(login_tasks, project_stage_id):\n        project = login_tasks.get(HOST + \"/projects/all-projects\").json()[0]\n        project_id = project[\"id\"]\n        task = login_tasks.get(HOST + f\"/projects/{project_id}/tasks\").json()[0]\n        task_id = task[\"id\"]\n        response = login_tasks.post(\n            HOST + \"/tasks/move\", json={\"stageId\": project_stage_id, \"taskIds\": [task_id]}\n        )\n>       assert response.status_code == 400\nE       assert 500 == 400\nE        +  where 500 = <Response [500]>.status_code\n\ntests\\5 test_tasks\\test_tasks.py:271: AssertionError"}, "parameters": [{"name": "project_stage_id", "value": "12222222222222222222222222222222222222222222222222222222222222222222222222222222222"}], "start": 1694612019363, "stop": 1694612019440, "uuid": "b75f8de8-2778-45c3-a25b-d1d4509cae74", "historyId": "57d02f84e681fe66cf2e2890f3fbcecf", "testCaseId": "a631fac46c947343806983ef6871e822", "fullName": "tests.5 test_tasks.test_tasks#test_16_task_move", "labels": [{"name": "parentSuite", "value": "tests.5 test_tasks"}, {"name": "suite", "value": "test_tasks"}, {"name": "host", "value": "WIN-V4MLJNPG1BI"}, {"name": "thread", "value": "12412-MainThread"}, {"name": "framework", "value": "pytest"}, {"name": "language", "value": "cpython3"}, {"name": "package", "value": "tests.5 test_tasks.test_tasks"}]}