{"name": "PATCH /tasks/task_id/changeTaskDate", "status": "failed", "statusDetails": {"message": "AssertionError: assert 500 == 400\n +  where 500 = <Response [500]>.status_code", "trace": "login_tasks = <requests.sessions.Session object at 0x000001BF5BD60B50>, task_id = 9\n\n    @allure.title(\"PATCH /tasks/task_id/changeTaskDate\")\n    @pytest.mark.parametrize(\"task_id\", valid_ids)\n    def test_75_change_task_date(login_tasks, task_id):\n        response = login_tasks.patch(\n            HOST + f\"/tasks/{task_id}/changeTaskDate\",\n            json={\"dateBegin\": time_now(), \"dateEnd\": time_now()},\n        )\n>       assert response.status_code == 400\nE       assert 500 == 400\nE        +  where 500 = <Response [500]>.status_code\n\ntests\\5 test_tasks\\test_tasks.py:918: AssertionError"}, "parameters": [{"name": "task_id", "value": "9"}], "start": 1694700853672, "stop": 1694700853695, "uuid": "70999885-7fa8-4791-9436-6e0f62946610", "historyId": "cbb05c0222b654483cb4450bbcea2897", "testCaseId": "df576f5b256fb92f24c0e212d8c836be", "fullName": "tests.5 test_tasks.test_tasks#test_75_change_task_date", "labels": [{"name": "parentSuite", "value": "tests.5 test_tasks"}, {"name": "suite", "value": "test_tasks"}, {"name": "host", "value": "WIN-V4MLJNPG1BI"}, {"name": "thread", "value": "17340-MainThread"}, {"name": "framework", "value": "pytest"}, {"name": "language", "value": "cpython3"}, {"name": "package", "value": "tests.5 test_tasks.test_tasks"}]}