{"name": "PATCH /projects/project_id/stages/stage_id", "status": "failed", "statusDetails": {"message": "AssertionError: assert 500 == 400\n +  where 500 = <Response [500]>.status_code", "trace": "login_projects = <requests.sessions.Session object at 0x000001B1A2B795D0>, project_id = 7\n\n    @allure.title(\"PATCH /projects/project_id/stages/stage_id\")\n    @pytest.mark.parametrize(\"project_id\", valid_ids)\n    def test_55_change_name_stage_into_invalid_project(login_projects, project_id):\n        response = login_projects.patch(\n            HOST + f\"/projects/{project_id}/stages/1\", json={\"name\": \"Колонка\"}\n        )\n>       assert response.status_code == 400\nE       assert 500 == 400\nE        +  where 500 = <Response [500]>.status_code\n\ntests\\4 test_projects\\test_projects.py:696: AssertionError"}, "parameters": [{"name": "project_id", "value": "7"}], "start": 1694611996024, "stop": 1694611996033, "uuid": "90a7653c-9c17-43ec-a1ae-c0ef8b00b400", "historyId": "9a0a1bf2d829750b4e7d243d1db56c96", "testCaseId": "6e3dcc0cac03d669150ac23065981377", "fullName": "tests.4 test_projects.test_projects#test_55_change_name_stage_into_invalid_project", "labels": [{"name": "parentSuite", "value": "tests.4 test_projects"}, {"name": "suite", "value": "test_projects"}, {"name": "host", "value": "WIN-V4MLJNPG1BI"}, {"name": "thread", "value": "12412-MainThread"}, {"name": "framework", "value": "pytest"}, {"name": "language", "value": "cpython3"}, {"name": "package", "value": "tests.4 test_projects.test_projects"}]}