{"name": "GET /tasks/task_id/history", "status": "failed", "statusDetails": {"message": "AssertionError: assert 200 == 400\n +  where 200 = <Response [200]>.status_code", "trace": "login_tasks = <requests.sessions.Session object at 0x000001BF5BD60B50>, task_id = 2\n\n    @allure.title(\"GET /tasks/task_id/history\")\n    @pytest.mark.parametrize(\"task_id\", valid_ids)\n    def test_63_get_task_history(login_tasks, task_id):\n        response = login_tasks.get(HOST + f\"/tasks/{task_id}/history\")\n>       assert response.status_code == 400\nE       assert 200 == 400\nE        +  where 200 = <Response [200]>.status_code\n\ntests\\5 test_tasks\\test_tasks.py:769: AssertionError"}, "parameters": [{"name": "task_id", "value": "2"}], "start": 1694700849367, "stop": 1694700849385, "uuid": "faf5f55f-dc93-420b-908b-ef9953e936e3", "historyId": "e89b58133e99d009a3ef96ae95e2dd18", "testCaseId": "e42a6c03fabe60ee4a3f86a25f74bb54", "fullName": "tests.5 test_tasks.test_tasks#test_63_get_task_history", "labels": [{"name": "parentSuite", "value": "tests.5 test_tasks"}, {"name": "suite", "value": "test_tasks"}, {"name": "host", "value": "WIN-V4MLJNPG1BI"}, {"name": "thread", "value": "17340-MainThread"}, {"name": "framework", "value": "pytest"}, {"name": "language", "value": "cpython3"}, {"name": "package", "value": "tests.5 test_tasks.test_tasks"}]}