{"name": "POST /projects/project_id/stages", "status": "failed", "statusDetails": {"message": "AssertionError: assert 500 == 400\n +  where 500 = <Response [500]>.status_code", "trace": "login_projects = <requests.sessions.Session object at 0x000001B1A2B795D0>, project_id = -10\n\n    @allure.title(\"POST /projects/project_id/stages\")\n    @pytest.mark.parametrize(\"project_id\", invalid_space_id)\n    def test_36_create_stage_into_project_with_invalid_project_id(\n        login_projects, project_id\n    ):\n        response = login_projects.post(\n            HOST + f\"/projects/{project_id}/stages\",\n            json={\"name\": \"Колонка\", \"order\": 0, \"tasks\": []},\n        )\n>       assert response.status_code == 400\nE       assert 500 == 400\nE        +  where 500 = <Response [500]>.status_code\n\ntests\\4 test_projects\\test_projects.py:489: AssertionError"}, "parameters": [{"name": "project_id", "value": "-10"}], "start": 1694611988811, "stop": 1694611988820, "uuid": "db42db7d-5b3b-4ba9-a555-4199e84478c9", "historyId": "6d96a301a2505d6dad8c62868ebcca12", "testCaseId": "cd62b2e47e242d19b874579508c93e39", "fullName": "tests.4 test_projects.test_projects#test_36_create_stage_into_project_with_invalid_project_id", "labels": [{"name": "parentSuite", "value": "tests.4 test_projects"}, {"name": "suite", "value": "test_projects"}, {"name": "host", "value": "WIN-V4MLJNPG1BI"}, {"name": "thread", "value": "12412-MainThread"}, {"name": "framework", "value": "pytest"}, {"name": "language", "value": "cpython3"}, {"name": "package", "value": "tests.4 test_projects.test_projects"}]}