{"name": "PATCH /tasks/task_id/add-member", "status": "failed", "statusDetails": {"message": "AssertionError: assert 500 == 400\n +  where 500 = <Response [500]>.status_code", "trace": "login_tasks = <requests.sessions.Session object at 0x000001B19ECB4B10>, space_member_id = 2\n\n    @allure.title(\"PATCH /tasks/task_id/add-member\")\n    @pytest.mark.parametrize(\"space_member_id\", valid_ids)\n    def test_82_add_member_task(login_tasks, space_member_id):\n        project = login_tasks.get(HOST + \"/projects/all-projects\").json()[0]\n        project_id = project[\"id\"]\n        task = login_tasks.get(HOST + f\"/projects/{project_id}/tasks\").json()[0]\n        task_id = task[\"id\"]\n        response = login_tasks.post(\n            HOST + f\"/tasks/{task_id}/add-member\", json={\"userIds\": [space_member_id]}\n        )\n>       assert response.status_code == 400\nE       assert 500 == 400\nE        +  where 500 = <Response [500]>.status_code\n\ntests\\5 test_tasks\\test_tasks.py:1013: AssertionError"}, "parameters": [{"name": "space_member_id", "value": "2"}], "start": 1694612048011, "stop": 1694612048091, "uuid": "a9497ba9-95de-477f-9988-301483032cb6", "historyId": "04a13af987b47b5406973c8b0923d96f", "testCaseId": "ce765514f675c93918ecd3104d2274cd", "fullName": "tests.5 test_tasks.test_tasks#test_82_add_member_task", "labels": [{"name": "parentSuite", "value": "tests.5 test_tasks"}, {"name": "suite", "value": "test_tasks"}, {"name": "host", "value": "WIN-V4MLJNPG1BI"}, {"name": "thread", "value": "12412-MainThread"}, {"name": "framework", "value": "pytest"}, {"name": "language", "value": "cpython3"}, {"name": "package", "value": "tests.5 test_tasks.test_tasks"}]}