{"name": "PATCH /spaces/space_id/name", "status": "failed", "statusDetails": {"message": "AssertionError: assert 403 == 400\n +  where 403 = <Response [403]>.status_code", "trace": "login_spaces = <requests.sessions.Session object at 0x000001BF5AE33690>, space_id = 122222222222222222...2222222222222222222, name = 'name'\n\n    @pytest.mark.parametrize(\"space_id\", invalid_space_id)\n    @pytest.mark.parametrize(\"name\", valid_names)\n    @allure.title(\"PATCH /spaces/space_id/name\")\n    def test_8_patch_name_invalid_space_id(login_spaces, space_id, name):\n        create_space = login_spaces.patch(\n            HOST + f\"/spaces/{space_id}/name\", data={\"name\": name}\n        )\n>       assert create_space.status_code == 400\nE       assert 403 == 400\nE        +  where 403 = <Response [403]>.status_code\n\ntests\\3 test_spaces\\test_spaces.py:81: AssertionError"}, "parameters": [{"name": "name", "value": "'name'"}, {"name": "space_id", "value": "12222222222222222222222222222222222222222222222222222222222222222222222222222222222"}], "start": 1694700756245, "stop": 1694700756252, "uuid": "604f820a-df99-4c76-9a01-70fcb1f62263", "historyId": "a572c45f355a9bdbfc97fadf2ff3b279", "testCaseId": "82180916324ff49124dd4c2eb77f2bf2", "fullName": "tests.3 test_spaces.test_spaces#test_8_patch_name_invalid_space_id", "labels": [{"name": "parentSuite", "value": "tests.3 test_spaces"}, {"name": "suite", "value": "test_spaces"}, {"name": "host", "value": "WIN-V4MLJNPG1BI"}, {"name": "thread", "value": "17340-MainThread"}, {"name": "framework", "value": "pytest"}, {"name": "language", "value": "cpython3"}, {"name": "package", "value": "tests.3 test_spaces.test_spaces"}]}