{"name": "PATCH /reglaments/reglament_id/name", "status": "failed", "statusDetails": {"message": "AssertionError: assert 200 == 400\n +  where 200 = <Response [200]>.status_code", "trace": "login_reglaments = <requests.sessions.Session object at 0x000001F709A3B410>, name = ' '\n\n    @allure.title(\"PATCH /reglaments/reglament_id/name\")\n    @pytest.mark.parametrize(\"name\", invalid_names)\n    def test_41_change_reglament_name(login_reglaments, name):\n        reglament = login_reglaments.get(HOST + \"/reglaments\").json()[0]\n        reglament_id = reglament[\"id\"]\n        response = login_reglaments.patch(\n            HOST + f\"/reglaments/{reglament_id}/name\",\n            json={\n                \"name\": name,\n            },\n        )\n>       assert response.status_code == 400\nE       assert 200 == 400\nE        +  where 200 = <Response [200]>.status_code\n\ntests\\6 test_reglaments\\test_reglaments.py:452: AssertionError"}, "parameters": [{"name": "name", "value": "' '"}], "start": 1694700131613, "stop": 1694700131656, "uuid": "0529624d-486c-4be5-ae48-78cbc8a84177", "historyId": "31f98bfbc2b8cd9baad05c327c15971a", "testCaseId": "0290055d8ffd8be59e1f0e39e4524090", "fullName": "tests.6 test_reglaments.test_reglaments#test_41_change_reglament_name", "labels": [{"name": "parentSuite", "value": "tests.6 test_reglaments"}, {"name": "suite", "value": "test_reglaments"}, {"name": "host", "value": "WIN-V4MLJNPG1BI"}, {"name": "thread", "value": "5128-MainThread"}, {"name": "framework", "value": "pytest"}, {"name": "language", "value": "cpython3"}, {"name": "package", "value": "tests.6 test_reglaments.test_reglaments"}]}