{"name": "PATCH /projects/project_id", "status": "failed", "statusDetails": {"message": "AssertionError: assert 500 == 400\n +  where 500 = <Response [500]>.status_code", "trace": "login_projects = <requests.sessions.Session object at 0x000001BF5B54D390>, project_id = -10\n\n    @allure.title(\"PATCH /projects/project_id\")\n    @pytest.mark.parametrize(\"project_id\", invalid_space_id)\n    def test_12_change_project_with_invalid_project_id(login_projects, project_id):\n        response = login_projects.patch(\n            HOST + f\"/projects/{project_id}\",\n            json={\n                \"name\": \"Проект\",\n                \"color\": \"string\",\n                \"responsibleId\": None,\n                \"postponingTaskDayCount\": 0,\n            },\n        )\n>       assert response.status_code == 400\nE       assert 500 == 400\nE        +  where 500 = <Response [500]>.status_code\n\ntests\\4 test_projects\\test_projects.py:210: AssertionError"}, "parameters": [{"name": "project_id", "value": "-10"}], "start": 1694700800559, "stop": 1694700800566, "uuid": "cace976e-25a5-47b2-95c7-e2e5964fb05b", "historyId": "944aee10cd1fc8cfcef8fd49907d42c4", "testCaseId": "8e1873cfde16f755a1ee465a8fb938bb", "fullName": "tests.4 test_projects.test_projects#test_12_change_project_with_invalid_project_id", "labels": [{"name": "parentSuite", "value": "tests.4 test_projects"}, {"name": "suite", "value": "test_projects"}, {"name": "host", "value": "WIN-V4MLJNPG1BI"}, {"name": "thread", "value": "17340-MainThread"}, {"name": "framework", "value": "pytest"}, {"name": "language", "value": "cpython3"}, {"name": "package", "value": "tests.4 test_projects.test_projects"}]}