{"name": "GET /spaces/space_id/projects", "status": "failed", "statusDetails": {"message": "AssertionError: assert 403 == 400\n +  where 403 = <Response [403]>.status_code", "trace": "login_spaces = <requests.sessions.Session object at 0x000001BF5AE33690>, space_id = 5\n\n    @allure.title(\"GET /spaces/space_id/projects\")\n    @pytest.mark.parametrize(\"space_id\", valid_ids)\n    def test_26_get_projects_from_invalid_space(login_spaces, space_id):\n        response = login_spaces.get(HOST + f\"/spaces/{space_id}/projects\")\n>       assert response.status_code == 400\nE       assert 403 == 400\nE        +  where 403 = <Response [403]>.status_code\n\ntests\\3 test_spaces\\test_spaces.py:220: AssertionError"}, "parameters": [{"name": "space_id", "value": "5"}], "start": 1694700759927, "stop": 1694700759936, "uuid": "8a2bf31f-ce28-4a0d-8a05-6c930f45b754", "historyId": "e5a9dba623040f496e7a0b05d24b4ffb", "testCaseId": "d40e09f31aba588ddfb68051e4a3db62", "fullName": "tests.3 test_spaces.test_spaces#test_26_get_projects_from_invalid_space", "labels": [{"name": "parentSuite", "value": "tests.3 test_spaces"}, {"name": "suite", "value": "test_spaces"}, {"name": "host", "value": "WIN-V4MLJNPG1BI"}, {"name": "thread", "value": "17340-MainThread"}, {"name": "framework", "value": "pytest"}, {"name": "language", "value": "cpython3"}, {"name": "package", "value": "tests.3 test_spaces.test_spaces"}]}