{"name": "DELETE /projects/project_id/stages/stage_id", "status": "failed", "statusDetails": {"message": "AssertionError: assert 500 == 400\n +  where 500 = <Response [500]>.status_code", "trace": "login_projects = <requests.sessions.Session object at 0x000001B1A2B795D0>, stage_id = 6\n\n    @allure.title(\"DELETE /projects/project_id/stages/stage_id\")\n    @pytest.mark.parametrize(\"stage_id\", valid_ids)\n    def test_50_delete_invalid_stage_into_project(login_projects, stage_id):\n        project = login_projects.get(HOST + \"/projects/all-projects\").json()[0]\n        project_id = project[\"id\"]\n        response = login_projects.delete(HOST + f\"/projects/{project_id}/stages/{stage_id}\")\n>       assert response.status_code == 400\nE       assert 500 == 400\nE        +  where 500 = <Response [500]>.status_code\n\ntests\\4 test_projects\\test_projects.py:643: AssertionError"}, "parameters": [{"name": "stage_id", "value": "6"}], "start": 1694611994302, "stop": 1694611994395, "uuid": "82548013-059b-4a16-8b52-86a11766f442", "historyId": "e9386ec85af81b725721c5bb1d0d83a3", "testCaseId": "094e88328a2e1a833e31c8de617a63ba", "fullName": "tests.4 test_projects.test_projects#test_50_delete_invalid_stage_into_project", "labels": [{"name": "parentSuite", "value": "tests.4 test_projects"}, {"name": "suite", "value": "test_projects"}, {"name": "host", "value": "WIN-V4MLJNPG1BI"}, {"name": "thread", "value": "12412-MainThread"}, {"name": "framework", "value": "pytest"}, {"name": "language", "value": "cpython3"}, {"name": "package", "value": "tests.4 test_projects.test_projects"}]}