{"name": "PATCH /tasks/task_id/add-member", "status": "failed", "statusDetails": {"message": "AssertionError: assert 500 == 400\n +  where 500 = <Response [500]>.status_code", "trace": "login_tasks = <requests.sessions.Session object at 0x000001B19ECB4B10>, task_id = 1\n\n    @allure.title(\"PATCH /tasks/task_id/add-member\")\n    @pytest.mark.parametrize(\"task_id\", valid_ids)\n    def test_84_add_member_task(login_tasks, task_id):\n        space = login_tasks.get(HOST + \"/spaces\").json()[0]\n        space_member_id = space[\"members\"][0][\"id\"]\n        response = login_tasks.post(\n            HOST + f\"/tasks/{task_id}/add-member\", json={\"userIds\": [space_member_id]}\n        )\n>       assert response.status_code == 400\nE       assert 500 == 400\nE        +  where 500 = <Response [500]>.status_code\n\ntests\\5 test_tasks\\test_tasks.py:1035: AssertionError"}, "parameters": [{"name": "task_id", "value": "1"}], "start": 1694612049510, "stop": 1694612049567, "uuid": "c883d802-28d2-44fb-a40f-f2139c38e6b3", "historyId": "dc5809ec20fc53133d531339a90469b9", "testCaseId": "64a8c48d8a14375197489a7e4effca6c", "fullName": "tests.5 test_tasks.test_tasks#test_84_add_member_task", "labels": [{"name": "parentSuite", "value": "tests.5 test_tasks"}, {"name": "suite", "value": "test_tasks"}, {"name": "host", "value": "WIN-V4MLJNPG1BI"}, {"name": "thread", "value": "12412-MainThread"}, {"name": "framework", "value": "pytest"}, {"name": "language", "value": "cpython3"}, {"name": "package", "value": "tests.5 test_tasks.test_tasks"}]}