{"name": "PATCH /tasks/task_id/blockReason", "status": "failed", "statusDetails": {"message": "AssertionError: assert 500 == 400\n +  where 500 = <Response [500]>.status_code", "trace": "login_tasks = <requests.sessions.Session object at 0x000001BF5BD60B50>, task_id = 7\n\n    @allure.title(\"PATCH /tasks/task_id/blockReason\")\n    @pytest.mark.parametrize(\"task_id\", valid_ids)\n    def test_52_block_reason_for_task(login_tasks, task_id):\n        response = login_tasks.patch(\n            HOST + f\"/tasks/{task_id}/blockReason\", json={\"blockReason\": \"\"}\n        )\n>       assert response.status_code == 400\nE       assert 500 == 400\nE        +  where 500 = <Response [500]>.status_code\n\ntests\\5 test_tasks\\test_tasks.py:646: AssertionError"}, "parameters": [{"name": "task_id", "value": "7"}], "start": 1694700845281, "stop": 1694700845301, "uuid": "a45c4682-c81a-4362-b3d1-7d370b4cf7e8", "historyId": "c2042b67543c36a12f9b389f0399a430", "testCaseId": "a6aa8a7725b6e48744d2c3ff9fe3f5fc", "fullName": "tests.5 test_tasks.test_tasks#test_52_block_reason_for_task", "labels": [{"name": "parentSuite", "value": "tests.5 test_tasks"}, {"name": "suite", "value": "test_tasks"}, {"name": "host", "value": "WIN-V4MLJNPG1BI"}, {"name": "thread", "value": "17340-MainThread"}, {"name": "framework", "value": "pytest"}, {"name": "language", "value": "cpython3"}, {"name": "package", "value": "tests.5 test_tasks.test_tasks"}]}