{"name": "PATCH /projects/project_id/stages/stage_id/limit", "status": "failed", "statusDetails": {"message": "AssertionError: assert 500 == 400\n +  where 500 = <Response [500]>.status_code", "trace": "login_projects = <requests.sessions.Session object at 0x000001BF5B54D390>, project_stage_id = 10\n\n    @allure.title(\"PATCH /projects/project_id/stages/stage_id/limit\")\n    @pytest.mark.parametrize(\"project_stage_id\", valid_ids)\n    def test_60_change_project_stage_limit_with_invalid_project_stage(\n        login_projects, project_stage_id\n    ):\n        project = login_projects.get(HOST + \"/projects/all-projects\").json()[0]\n        project_id = project[\"id\"]\n        response = login_projects.patch(\n            HOST + f\"/projects/{project_id}/stages/{project_stage_id}/limit\",\n            json={\"taskLimit\": None},\n        )\n>       assert response.status_code == 400\nE       assert 500 == 400\nE        +  where 500 = <Response [500]>.status_code\n\ntests\\4 test_projects\\test_projects.py:752: AssertionError"}, "parameters": [{"name": "project_stage_id", "value": "10"}], "start": 1694700813787, "stop": 1694700813843, "uuid": "a2e0fe10-8ae3-4e25-b241-0ec068566224", "historyId": "7814ebfd697b716b002bdf9e6dd3022f", "testCaseId": "82c126b6d040a412651a650de84c6727", "fullName": "tests.4 test_projects.test_projects#test_60_change_project_stage_limit_with_invalid_project_stage", "labels": [{"name": "parentSuite", "value": "tests.4 test_projects"}, {"name": "suite", "value": "test_projects"}, {"name": "host", "value": "WIN-V4MLJNPG1BI"}, {"name": "thread", "value": "17340-MainThread"}, {"name": "framework", "value": "pytest"}, {"name": "language", "value": "cpython3"}, {"name": "package", "value": "tests.4 test_projects.test_projects"}]}