{"name": "POST /spaces/space_id/share", "status": "failed", "statusDetails": {"message": "AssertionError: assert 403 == 400\n +  where 403 = <Response [403]>.status_code", "trace": "login_spaces = <requests.sessions.Session object at 0x000001BF5AE33690>, space_id = -10\n\n    @pytest.mark.parametrize(\"space_id\", invalid_space_id)\n    @allure.title(\"POST /spaces/space_id/share\")\n    def test_90_share_valid_email_to_space(login_spaces, space_id):\n        response = login_spaces.post(\n            HOST + f\"/spaces/{space_id}/share\", json={\"email\": \"test@test.ru\"}\n        )\n>       assert response.status_code == 400\nE       assert 403 == 400\nE        +  where 403 = <Response [403]>.status_code\n\ntests\\3 test_spaces\\test_spaces.py:932: AssertionError"}, "parameters": [{"name": "space_id", "value": "-10"}], "start": 1694700795045, "stop": 1694700795052, "uuid": "5f197b67-666b-4b90-a13c-a3bef60e5871", "historyId": "ed03941314fd5174839f604bd81e7cf9", "testCaseId": "7a6f200ad507cce864287d61257bdcd1", "fullName": "tests.3 test_spaces.test_spaces#test_90_share_valid_email_to_space", "labels": [{"name": "parentSuite", "value": "tests.3 test_spaces"}, {"name": "suite", "value": "test_spaces"}, {"name": "host", "value": "WIN-V4MLJNPG1BI"}, {"name": "thread", "value": "17340-MainThread"}, {"name": "framework", "value": "pytest"}, {"name": "language", "value": "cpython3"}, {"name": "package", "value": "tests.3 test_spaces.test_spaces"}]}