{"name": "DELETE /tasks/task_id/remove-member/user_id", "status": "failed", "statusDetails": {"message": "AssertionError: assert 500 == 400\n +  where 500 = <Response [500]>.status_code", "trace": "login_tasks = <requests.sessions.Session object at 0x000001B19ECB4B10>, task_id = 4\n\n    @allure.title(\"DELETE /tasks/task_id/remove-member/user_id\")\n    @pytest.mark.parametrize(\"task_id\", valid_ids)\n    def test_86_add_member_task(login_tasks, task_id):\n        response = login_tasks.delete(HOST + f\"/tasks/{task_id}/remove-member/1\")\n>       assert response.status_code == 400\nE       assert 500 == 400\nE        +  where 500 = <Response [500]>.status_code\n\ntests\\5 test_tasks\\test_tasks.py:1053: AssertionError"}, "parameters": [{"name": "task_id", "value": "4"}], "start": 1694612050833, "stop": 1694612050857, "uuid": "db6026fd-8b62-469f-a36f-89f3c35e0910", "historyId": "d08dd1c812641459b9006f49d3f0dbdc", "testCaseId": "38c6a4c3163e3bdf803666456d599266", "fullName": "tests.5 test_tasks.test_tasks#test_86_add_member_task", "labels": [{"name": "parentSuite", "value": "tests.5 test_tasks"}, {"name": "suite", "value": "test_tasks"}, {"name": "host", "value": "WIN-V4MLJNPG1BI"}, {"name": "thread", "value": "12412-MainThread"}, {"name": "framework", "value": "pytest"}, {"name": "language", "value": "cpython3"}, {"name": "package", "value": "tests.5 test_tasks.test_tasks"}]}