{"name": "POST /reglaments", "status": "failed", "statusDetails": {"message": "AssertionError: assert 500 == 400\n +  where 500 = <Response [500]>.status_code", "trace": "login_reglaments = <requests.sessions.Session object at 0x00000211EF9AB550>, reglament_column_id = 1\n\n    @allure.title(\"POST /reglaments\")\n    @pytest.mark.parametrize(\"reglament_column_id\", valid_ids)\n    def test_4_create_reglament(login_reglaments, reglament_column_id):\n        response = login_reglaments.post(\n            HOST + \"/reglaments\",\n            json={\n                \"name\": \"string\",\n                \"reglamentColumnId\": reglament_column_id,\n                \"content\": \"string\",\n                \"order\": 0,\n            },\n        )\n>       assert response.status_code == 400\nE       assert 500 == 400\nE        +  where 500 = <Response [500]>.status_code\n\ntests\\6 test_reglaments\\test_reglaments.py:63: AssertionError"}, "parameters": [{"name": "reglament_column_id", "value": "1"}], "start": 1694700567921, "stop": 1694700567928, "uuid": "2eba324a-d82e-4281-87d7-22e3226e03cb", "historyId": "0c16f4f4e6a6d979701acd348c8e24d6", "testCaseId": "7df0468ff26bc01cf18bc77dc13558b6", "fullName": "tests.6 test_reglaments.test_reglaments#test_4_create_reglament", "labels": [{"name": "parentSuite", "value": "tests.6 test_reglaments"}, {"name": "suite", "value": "test_reglaments"}, {"name": "host", "value": "WIN-V4MLJNPG1BI"}, {"name": "thread", "value": "13736-MainThread"}, {"name": "framework", "value": "pytest"}, {"name": "language", "value": "cpython3"}, {"name": "package", "value": "tests.6 test_reglaments.test_reglaments"}]}