{"name": "PATCH /tasks/complete", "status": "failed", "statusDetails": {"message": "AssertionError: assert 500 == 400\n +  where 500 = <Response [500]>.status_code", "trace": "login_tasks = <requests.sessions.Session object at 0x000001B19ECB4B10>, project_stage_id = -10\n\n    @allure.title(\"PATCH /tasks/complete\")\n    @pytest.mark.parametrize(\"project_stage_id\", invalid_space_id)\n    def test_21_task_complete(login_tasks, project_stage_id):\n        project = login_tasks.get(HOST + \"/projects/all-projects\").json()[0]\n        project_id = project[\"id\"]\n        task = login_tasks.get(HOST + f\"/projects/{project_id}/tasks\").json()[0]\n        task_id = task[\"id\"]\n        response = login_tasks.patch(\n            HOST + \"/tasks/complete\",\n            json={\"stageId\": project_stage_id, \"tasksIds\": [task_id]},\n        )\n>       assert response.status_code == 400\nE       assert 500 == 400\nE        +  where 500 = <Response [500]>.status_code\n\ntests\\5 test_tasks\\test_tasks.py:334: AssertionError"}, "parameters": [{"name": "project_stage_id", "value": "-10"}], "start": 1694612022719, "stop": 1694612022783, "uuid": "af7dab5c-89c1-4873-9c34-fc4f3b95fb1d", "historyId": "2effea22d45819f7191ce205e967ba06", "testCaseId": "c90998a487c82f1e2a9f26536a782536", "fullName": "tests.5 test_tasks.test_tasks#test_21_task_complete", "labels": [{"name": "parentSuite", "value": "tests.5 test_tasks"}, {"name": "suite", "value": "test_tasks"}, {"name": "host", "value": "WIN-V4MLJNPG1BI"}, {"name": "thread", "value": "12412-MainThread"}, {"name": "framework", "value": "pytest"}, {"name": "language", "value": "cpython3"}, {"name": "package", "value": "tests.5 test_tasks.test_tasks"}]}