{"name": "PATCH /reglaments/reglament_id/changeReglamentColumnAndOrder", "status": "failed", "statusDetails": {"message": "AssertionError: assert 500 == 400\n +  where 500 = <Response [500]>.status_code", "trace": "login_reglaments = <requests.sessions.Session object at 0x000001F709A3B410>, reglament_column_id = 4\n\n    @allure.title(\"PATCH /reglaments/reglament_id/changeReglamentColumnAndOrder\")\n    @pytest.mark.parametrize(\"reglament_column_id\", valid_ids)\n    def test_35_change_reglament_column_and_order(login_reglaments, reglament_column_id):\n        reglament = login_reglaments.get(HOST + \"/reglaments\").json()[0]\n        reglament_id = reglament[\"id\"]\n        response = login_reglaments.patch(\n            HOST + f\"/reglaments/{reglament_id}/changeReglamentColumnAndOrder\",\n            json={\"columnId\": reglament_column_id, \"order\": 0},\n        )\n>       assert response.status_code == 400\nE       assert 500 == 400\nE        +  where 500 = <Response [500]>.status_code\n\ntests\\6 test_reglaments\\test_reglaments.py:372: AssertionError"}, "parameters": [{"name": "reglament_column_id", "value": "4"}], "start": 1694700130132, "stop": 1694700130174, "uuid": "1a52231d-af3f-4bf1-9b5b-3e0d7b003549", "historyId": "eaf3fec2e9923e9426f8d0bce63e79ad", "testCaseId": "716a0934b70277851e1a849236959cf6", "fullName": "tests.6 test_reglaments.test_reglaments#test_35_change_reglament_column_and_order", "labels": [{"name": "parentSuite", "value": "tests.6 test_reglaments"}, {"name": "suite", "value": "test_reglaments"}, {"name": "host", "value": "WIN-V4MLJNPG1BI"}, {"name": "thread", "value": "5128-MainThread"}, {"name": "framework", "value": "pytest"}, {"name": "language", "value": "cpython3"}, {"name": "package", "value": "tests.6 test_reglaments.test_reglaments"}]}