{"name": "PATCH /tasks/task_id/changeColumnAndOrder", "status": "failed", "statusDetails": {"message": "AssertionError: assert 500 == 400\n +  where 500 = <Response [500]>.status_code", "trace": "login_tasks = <requests.sessions.Session object at 0x000001B19ECB4B10>, project_stage_id = 666\n\n    @allure.title(\"PATCH /tasks/task_id/changeColumnAndOrder\")\n    @pytest.mark.parametrize(\"project_stage_id\", valid_ids)\n    def test_68_change_order_and_column_task(login_tasks, project_stage_id):\n        project = login_tasks.get(HOST + \"/projects/all-projects\").json()[0]\n        project_id = project[\"id\"]\n        task = login_tasks.get(HOST + f\"/projects/{project_id}/tasks\").json()[0]\n        task_id = task[\"id\"]\n        response = login_tasks.patch(\n            HOST + f\"/tasks/{task_id}/changeColumnAndOrder\",\n            json={\"stageId\": project_stage_id, \"order\": 0},\n        )\n>       assert response.status_code == 400\nE       assert 500 == 400\nE        +  where 500 = <Response [500]>.status_code\n\ntests\\5 test_tasks\\test_tasks.py:828: AssertionError"}, "parameters": [{"name": "project_stage_id", "value": "666"}], "start": 1694612044592, "stop": 1694612044679, "uuid": "5a5d97fa-72a0-47bc-8fe7-9517713bc348", "historyId": "7262e47523e12b8662ae1ca3607626a1", "testCaseId": "fe0d0520c3ca67e3cee21d1a5ac3b03f", "fullName": "tests.5 test_tasks.test_tasks#test_68_change_order_and_column_task", "labels": [{"name": "parentSuite", "value": "tests.5 test_tasks"}, {"name": "suite", "value": "test_tasks"}, {"name": "host", "value": "WIN-V4MLJNPG1BI"}, {"name": "thread", "value": "12412-MainThread"}, {"name": "framework", "value": "pytest"}, {"name": "language", "value": "cpython3"}, {"name": "package", "value": "tests.5 test_tasks.test_tasks"}]}