{"name": "Непонятный запрос PATCH /tasks/task_id/tag/tag_id", "status": "failed", "statusDetails": {"message": "AssertionError: assert 500 == 400\n +  where 500 = <Response [500]>.status_code", "trace": "login_tasks = <requests.sessions.Session object at 0x000001BF5BD60B50>, tag_id = 2\n\n    @allure.title(\"Непонятный запрос PATCH /tasks/task_id/tag/tag_id\")\n    @pytest.mark.parametrize(\"tag_id\", valid_ids)\n    def test_39_delete_tag_from_task(login_tasks, tag_id):\n        project = login_tasks.get(HOST + \"/projects/all-projects\").json()[0]\n        project_id = project[\"id\"]\n        task = login_tasks.get(HOST + f\"/projects/{project_id}/tasks\").json()[0]\n        task_id = task[\"id\"]\n        response = login_tasks.patch(HOST + f\"/tasks/{task_id}/tag/{tag_id}\")\n>       assert response.status_code == 400\nE       assert 500 == 400\nE        +  where 500 = <Response [500]>.status_code\n\ntests\\5 test_tasks\\test_tasks.py:513: AssertionError"}, "parameters": [{"name": "tag_id", "value": "2"}], "start": 1694700840859, "stop": 1694700840938, "uuid": "6820c667-ab62-485c-88c5-850a897e15a2", "historyId": "9def7f0355dcf66327225f286b245aab", "testCaseId": "a592d822927a00aa1f9a7e76c7cd224c", "fullName": "tests.5 test_tasks.test_tasks#test_39_delete_tag_from_task", "labels": [{"name": "parentSuite", "value": "tests.5 test_tasks"}, {"name": "suite", "value": "test_tasks"}, {"name": "host", "value": "WIN-V4MLJNPG1BI"}, {"name": "thread", "value": "17340-MainThread"}, {"name": "framework", "value": "pytest"}, {"name": "language", "value": "cpython3"}, {"name": "package", "value": "tests.5 test_tasks.test_tasks"}]}