{"name": "GET /spaces/space_id/projects", "status": "failed", "statusDetails": {"message": "AssertionError: assert 403 == 400\n +  where 403 = <Response [403]>.status_code", "trace": "login_spaces = <requests.sessions.Session object at 0x000001BF5AE33690>, space_id = -10\n\n    @allure.title(\"GET /spaces/space_id/projects\")\n    @pytest.mark.parametrize(\"space_id\", invalid_space_id)\n    def test_25_get_projects_from_invalid_space(login_spaces, space_id):\n        response = login_spaces.get(HOST + f\"/spaces/{space_id}/projects\")\n>       assert response.status_code == 400\nE       assert 403 == 400\nE        +  where 403 = <Response [403]>.status_code\n\ntests\\3 test_spaces\\test_spaces.py:213: AssertionError"}, "parameters": [{"name": "space_id", "value": "-10"}], "start": 1694700759764, "stop": 1694700759771, "uuid": "8de92d6b-eb7b-4be3-84d6-421260a2bf37", "historyId": "f219fb1670fb7f0882cbbb2f6f1716fd", "testCaseId": "01c2316e591c8358977d765b5042afd1", "fullName": "tests.3 test_spaces.test_spaces#test_25_get_projects_from_invalid_space", "labels": [{"name": "parentSuite", "value": "tests.3 test_spaces"}, {"name": "suite", "value": "test_spaces"}, {"name": "host", "value": "WIN-V4MLJNPG1BI"}, {"name": "thread", "value": "17340-MainThread"}, {"name": "framework", "value": "pytest"}, {"name": "language", "value": "cpython3"}, {"name": "package", "value": "tests.3 test_spaces.test_spaces"}]}