{"name": "GET /spaces/space_id/projects", "status": "failed", "statusDetails": {"message": "AssertionError: assert 403 == 400\n +  where 403 = <Response [403]>.status_code", "trace": "login_spaces = <requests.sessions.Session object at 0x000001BF5AE33690>, space_id = 6\n\n    @allure.title(\"GET /spaces/space_id/projects\")\n    @pytest.mark.parametrize(\"space_id\", valid_ids)\n    def test_26_get_projects_from_invalid_space(login_spaces, space_id):\n        response = login_spaces.get(HOST + f\"/spaces/{space_id}/projects\")\n>       assert response.status_code == 400\nE       assert 403 == 400\nE        +  where 403 = <Response [403]>.status_code\n\ntests\\3 test_spaces\\test_spaces.py:220: AssertionError"}, "parameters": [{"name": "space_id", "value": "6"}], "start": 1694700759958, "stop": 1694700759970, "uuid": "a04711f1-c1f8-4c54-8e42-9770f0b73920", "historyId": "b0b62704a671aadcfd5901362343b241", "testCaseId": "d40e09f31aba588ddfb68051e4a3db62", "fullName": "tests.3 test_spaces.test_spaces#test_26_get_projects_from_invalid_space", "labels": [{"name": "parentSuite", "value": "tests.3 test_spaces"}, {"name": "suite", "value": "test_spaces"}, {"name": "host", "value": "WIN-V4MLJNPG1BI"}, {"name": "thread", "value": "17340-MainThread"}, {"name": "framework", "value": "pytest"}, {"name": "language", "value": "cpython3"}, {"name": "package", "value": "tests.3 test_spaces.test_spaces"}]}