{"name": "PATCH /reglaments/reglament_id/required", "status": "failed", "statusDetails": {"message": "AssertionError: assert 500 == 400\n +  where 500 = <Response [500]>.status_code", "trace": "login_reglaments = <requests.sessions.Session object at 0x000001E0B19E4C50>, reglament_id = 122222222222222222...2222222222222222222\n\n    @allure.title(\"PATCH /reglaments/reglament_id/required\")\n    @pytest.mark.parametrize(\"reglament_id\", invalid_space_id)\n    def test_11_change_reglament_to_required(login_reglaments, reglament_id):\n        response = login_reglaments.patch(\n            HOST + f\"/reglaments/{reglament_id}/required\", json={\"required\": False}\n        )\n>       assert response.status_code == 400\nE       assert 500 == 400\nE        +  where 500 = <Response [500]>.status_code\n\ntests\\6 test_reglaments\\test_reglaments.py:160: AssertionError"}, "parameters": [{"name": "reglament_id", "value": "12222222222222222222222222222222222222222222222222222222222222222222222222222222222"}], "start": 1694699759467, "stop": 1694699759475, "uuid": "207bb9c2-dacd-4e78-8b26-517a0e34959a", "historyId": "7d354a04173d0403ff5093c8cb705046", "testCaseId": "055bf14f7cd2ed133197aef2c12399f5", "fullName": "tests.6 test_reglaments.test_reglaments#test_11_change_reglament_to_required", "labels": [{"name": "parentSuite", "value": "tests.6 test_reglaments"}, {"name": "suite", "value": "test_reglaments"}, {"name": "host", "value": "WIN-V4MLJNPG1BI"}, {"name": "thread", "value": "16852-MainThread"}, {"name": "framework", "value": "pytest"}, {"name": "language", "value": "cpython3"}, {"name": "package", "value": "tests.6 test_reglaments.test_reglaments"}]}