{"name": "PATCH /tasks/complete", "status": "failed", "statusDetails": {"message": "AssertionError: assert 403 == 400\n +  where 403 = <Response [403]>.status_code", "trace": "login_tasks = <requests.sessions.Session object at 0x000001BF5BD60B50>, project_stage_id = 0\n\n    @allure.title(\"PATCH /tasks/complete\")\n    @pytest.mark.parametrize(\"project_stage_id\", invalid_space_id)\n    def test_21_task_complete(login_tasks, project_stage_id):\n        project = login_tasks.get(HOST + \"/projects/all-projects\").json()[0]\n        project_id = project[\"id\"]\n        task = login_tasks.get(HOST + f\"/projects/{project_id}/tasks\").json()[0]\n        task_id = task[\"id\"]\n        response = login_tasks.patch(\n            HOST + \"/tasks/complete\",\n            json={\"stageId\": project_stage_id, \"tasksIds\": [task_id]},\n        )\n>       assert response.status_code == 400\nE       assert 403 == 400\nE        +  where 403 = <Response [403]>.status_code\n\ntests\\5 test_tasks\\test_tasks.py:334: AssertionError"}, "parameters": [{"name": "project_stage_id", "value": "0"}], "start": 1694700833514, "stop": 1694700833579, "uuid": "4667763e-c541-4329-b70d-02533078c094", "historyId": "069e11e8a1fe3332df6b99102f05d549", "testCaseId": "c90998a487c82f1e2a9f26536a782536", "fullName": "tests.5 test_tasks.test_tasks#test_21_task_complete", "labels": [{"name": "parentSuite", "value": "tests.5 test_tasks"}, {"name": "suite", "value": "test_tasks"}, {"name": "host", "value": "WIN-V4MLJNPG1BI"}, {"name": "thread", "value": "17340-MainThread"}, {"name": "framework", "value": "pytest"}, {"name": "language", "value": "cpython3"}, {"name": "package", "value": "tests.5 test_tasks.test_tasks"}]}