{"name": "GET /projects/project_id/storageTasks/page", "status": "failed", "statusDetails": {"message": "AssertionError: assert 500 == 400\n +  where 500 = <Response [500]>.status_code", "trace": "login_projects = <requests.sessions.Session object at 0x000001B1A2B795D0>, project_id = 5\n\n    @allure.title(\"GET /projects/project_id/storageTasks/page\")\n    @pytest.mark.parametrize(\"project_id\", valid_ids)\n    def test_85_get_storage_task_into_project(login_projects, project_id):\n        response = login_projects.get(HOST + f\"/projects/{project_id}/storageTasks/1\")\n>       assert response.status_code == 400\nE       assert 500 == 400\nE        +  where 500 = <Response [500]>.status_code\n\ntests\\4 test_projects\\test_projects.py:1014: AssertionError"}, "parameters": [{"name": "project_id", "value": "5"}], "start": 1694612007644, "stop": 1694612007654, "uuid": "83d719f2-f7fb-4f44-9b1c-37b347e5da84", "historyId": "fcd54adc1e618409018e2601b13e49c8", "testCaseId": "4351d61f651f2ca651cdb692ddac8a23", "fullName": "tests.4 test_projects.test_projects#test_85_get_storage_task_into_project", "labels": [{"name": "parentSuite", "value": "tests.4 test_projects"}, {"name": "suite", "value": "test_projects"}, {"name": "host", "value": "WIN-V4MLJNPG1BI"}, {"name": "thread", "value": "12412-MainThread"}, {"name": "framework", "value": "pytest"}, {"name": "language", "value": "cpython3"}, {"name": "package", "value": "tests.4 test_projects.test_projects"}]}