{"name": "DELETE /reglaments/reglament_id/usersPassed", "status": "failed", "statusDetails": {"message": "AssertionError: assert 500 == 400\n +  where 500 = <Response [500]>.status_code", "trace": "login_reglaments = <requests.sessions.Session object at 0x000001E3CAFB82D0>, reglament_id = 122222222222222222...2222222222222222222\n\n    @allure.title('DELETE /reglaments/reglament_id/usersPassed')\n    @pytest.mark.parametrize('reglament_id', invalid_space_id)\n    def test_25_delete_users_passed_reglament(login_reglaments, reglament_id):\n        response = login_reglaments.delete(HOST + f'/reglaments/{reglament_id}/usersPassed')\n>       assert response.status_code == 400\nE       assert 500 == 400\nE        +  where 500 = <Response [500]>.status_code\n\ntests\\6 test_reglaments\\test_reglaments.py:245: AssertionError"}, "parameters": [{"name": "reglament_id", "value": "12222222222222222222222222222222222222222222222222222222222222222222222222222222222"}], "start": 1694694753526, "stop": 1694694753546, "uuid": "24c69e1d-0666-4ca9-8495-d047c7c79c2b", "historyId": "9d0fe3ec16859c7ff871c681b8099cc1", "testCaseId": "fd6573f04ecde799da884f319eab49e7", "fullName": "tests.6 test_reglaments.test_reglaments#test_25_delete_users_passed_reglament", "labels": [{"name": "parentSuite", "value": "tests.6 test_reglaments"}, {"name": "suite", "value": "test_reglaments"}, {"name": "host", "value": "WIN-V4MLJNPG1BI"}, {"name": "thread", "value": "13648-MainThread"}, {"name": "framework", "value": "pytest"}, {"name": "language", "value": "cpython3"}, {"name": "package", "value": "tests.6 test_reglaments.test_reglaments"}]}