{"name": "PATCH /tasks/task_id/add-member", "status": "failed", "statusDetails": {"message": "AssertionError: assert 500 == 400\n +  where 500 = <Response [500]>.status_code", "trace": "login_tasks = <requests.sessions.Session object at 0x000001BF5BD60B50>, task_id = 6\n\n    @allure.title(\"PATCH /tasks/task_id/add-member\")\n    @pytest.mark.parametrize(\"task_id\", valid_ids)\n    def test_84_add_member_task(login_tasks, task_id):\n        space = login_tasks.get(HOST + \"/spaces\").json()[0]\n        space_member_id = space[\"members\"][0][\"id\"]\n        response = login_tasks.post(\n            HOST + f\"/tasks/{task_id}/add-member\", json={\"userIds\": [space_member_id]}\n        )\n>       assert response.status_code == 400\nE       assert 500 == 400\nE        +  where 500 = <Response [500]>.status_code\n\ntests\\5 test_tasks\\test_tasks.py:1035: AssertionError"}, "parameters": [{"name": "task_id", "value": "6"}], "start": 1694700857093, "stop": 1694700857132, "uuid": "f09afe3a-1b19-4dd8-8197-bb7bf3c924f4", "historyId": "f06301c6a9c92aa65ccac52bd7c95d23", "testCaseId": "64a8c48d8a14375197489a7e4effca6c", "fullName": "tests.5 test_tasks.test_tasks#test_84_add_member_task", "labels": [{"name": "parentSuite", "value": "tests.5 test_tasks"}, {"name": "suite", "value": "test_tasks"}, {"name": "host", "value": "WIN-V4MLJNPG1BI"}, {"name": "thread", "value": "17340-MainThread"}, {"name": "framework", "value": "pytest"}, {"name": "language", "value": "cpython3"}, {"name": "package", "value": "tests.5 test_tasks.test_tasks"}]}