{"name": "PATCH /projects/project_id/stages/stage_id/limit", "status": "failed", "statusDetails": {"message": "AssertionError: assert 500 == 400\n +  where 500 = <Response [500]>.status_code", "trace": "login_projects = <requests.sessions.Session object at 0x000001BF5B54D390>, project_id = 5\n\n    @allure.title(\"PATCH /projects/project_id/stages/stage_id/limit\")\n    @pytest.mark.parametrize(\"project_id\", valid_ids)\n    def test_59_change_project_stage_limit_with_invalid_project(login_projects, project_id):\n        response = login_projects.patch(\n            HOST + f\"/projects/{project_id}/stages/1/limit\", json={\"taskLimit\": None}\n        )\n>       assert response.status_code == 400\nE       assert 500 == 400\nE        +  where 500 = <Response [500]>.status_code\n\ntests\\4 test_projects\\test_projects.py:738: AssertionError"}, "parameters": [{"name": "project_id", "value": "5"}], "start": 1694700812802, "stop": 1694700812810, "uuid": "127acccb-0f8c-4acf-b966-304fe32703de", "historyId": "2572059775cbddf0e3c182a746f931f6", "testCaseId": "47cf72c40ff5d313a7a5d46e851d174f", "fullName": "tests.4 test_projects.test_projects#test_59_change_project_stage_limit_with_invalid_project", "labels": [{"name": "parentSuite", "value": "tests.4 test_projects"}, {"name": "suite", "value": "test_projects"}, {"name": "host", "value": "WIN-V4MLJNPG1BI"}, {"name": "thread", "value": "17340-MainThread"}, {"name": "framework", "value": "pytest"}, {"name": "language", "value": "cpython3"}, {"name": "package", "value": "tests.4 test_projects.test_projects"}]}