{"name": "POST /reglaments/reglament_id/complete-intro", "status": "failed", "statusDetails": {"message": "AssertionError: assert 500 == 400\n +  where 500 = <Response [500]>.status_code", "trace": "login_reglaments = <requests.sessions.Session object at 0x000002C4F541BC50>, reglament_id = 122222222222222222...2222222222222222222\n\n    @allure.title(\"POST /reglaments/reglament_id/complete-intro\")\n    @pytest.mark.parametrize(\"reglament_id\", invalid_space_id)\n    def test_54_reglament_complete_intro(login_reglaments, reglament_id):\n        response = login_reglaments.post(\n            HOST + f\"/reglaments/{reglament_id}/complete-intro\")\n>       assert response.status_code == 400\nE       assert 500 == 400\nE        +  where 500 = <Response [500]>.status_code\n\ntests\\6 test_reglaments\\test_reglaments.py:590: AssertionError"}, "parameters": [{"name": "reglament_id", "value": "12222222222222222222222222222222222222222222222222222222222222222222222222222222222"}], "start": 1694700648346, "stop": 1694700648353, "uuid": "d1ebe863-0953-4f2d-9d2c-1757ca53d33d", "historyId": "14580d5d9dbc93089e998082766799b7", "testCaseId": "c40f1153db965de1c15972c58271b610", "fullName": "tests.6 test_reglaments.test_reglaments#test_54_reglament_complete_intro", "labels": [{"name": "parentSuite", "value": "tests.6 test_reglaments"}, {"name": "suite", "value": "test_reglaments"}, {"name": "host", "value": "WIN-V4MLJNPG1BI"}, {"name": "thread", "value": "13756-MainThread"}, {"name": "framework", "value": "pytest"}, {"name": "language", "value": "cpython3"}, {"name": "package", "value": "tests.6 test_reglaments.test_reglaments"}]}