{"name": "POST /reglaments/reglament_id/questions", "status": "failed", "statusDetails": {"message": "AssertionError: assert 404 == 400\n +  where 404 = <Response [404]>.status_code", "trace": "login_reglaments = <requests.sessions.Session object at 0x000001E0B19E4C50>, reglament_id = -10\n\n    @allure.title(\"POST /reglaments/reglament_id/questions\")\n    @pytest.mark.parametrize(\"reglament_id\", invalid_space_id)\n    def test_31_create_questions_reglament(login_reglaments, reglament_id):\n        response = login_reglaments.post(\n            HOST + f\"/reglaments/{reglament_id}/questions\", json={\"name\": \"string\"}\n        )\n>       assert response.status_code == 400\nE       assert 404 == 400\nE        +  where 404 = <Response [404]>.status_code\n\ntests\\6 test_reglaments\\test_reglaments.py:326: AssertionError"}, "parameters": [{"name": "reglament_id", "value": "-10"}], "start": 1694699761505, "stop": 1694699761513, "uuid": "5a7c7f2a-ff91-440d-b3b6-b3cce7974550", "historyId": "915639e8b2990cf0ac26e1639dd0a570", "testCaseId": "4898ca9cea76fc79e99a304e1db0c565", "fullName": "tests.6 test_reglaments.test_reglaments#test_31_create_questions_reglament", "labels": [{"name": "parentSuite", "value": "tests.6 test_reglaments"}, {"name": "suite", "value": "test_reglaments"}, {"name": "host", "value": "WIN-V4MLJNPG1BI"}, {"name": "thread", "value": "16852-MainThread"}, {"name": "framework", "value": "pytest"}, {"name": "language", "value": "cpython3"}, {"name": "package", "value": "tests.6 test_reglaments.test_reglaments"}]}