{"name": "POST /tasks", "status": "failed", "statusDetails": {"message": "AssertionError: assert 500 == 400\n +  where 500 = <Response [500]>.status_code", "trace": "login_tasks = <requests.sessions.Session object at 0x000001B19ECB4B10>, stage_id = 6\n\n    @allure.title(\"POST /tasks\")\n    @pytest.mark.parametrize(\"stage_id\", valid_ids)\n    def test_3_create_task(login_tasks, stage_id):\n        response = login_tasks.post(\n            HOST + \"/tasks\",\n            json={\n                \"name\": \"string\",\n                \"stageId\": stage_id,\n                \"order\": 0,\n                \"responsibleUserId\": None,\n                \"description\": \"string\",\n                \"color\": \"string\",\n                \"dateBegin\": time_now(),\n                \"dateEnd\": time_now(),\n            },\n        )\n>       assert response.status_code == 400\nE       assert 500 == 400\nE        +  where 500 = <Response [500]>.status_code\n\ntests\\5 test_tasks\\test_tasks.py:57: AssertionError"}, "parameters": [{"name": "stage_id", "value": "6"}], "start": 1694612017549, "stop": 1694612017558, "uuid": "e27c6bd3-cbbe-45ce-94e8-cb9b0a257901", "historyId": "9c87d6bf5b660380f8a01e333ac32573", "testCaseId": "26b4f05599b9473becd61e8d660ecf68", "fullName": "tests.5 test_tasks.test_tasks#test_3_create_task", "labels": [{"name": "parentSuite", "value": "tests.5 test_tasks"}, {"name": "suite", "value": "test_tasks"}, {"name": "host", "value": "WIN-V4MLJNPG1BI"}, {"name": "thread", "value": "12412-MainThread"}, {"name": "framework", "value": "pytest"}, {"name": "language", "value": "cpython3"}, {"name": "package", "value": "tests.5 test_tasks.test_tasks"}]}