{"name": "POST /projects", "status": "failed", "statusDetails": {"message": "AssertionError: assert 500 == 400\n +  where 500 = <Response [500]>.status_code", "trace": "login_projects = <requests.sessions.Session object at 0x000001BF5B54D390>, space_column_id = 7\n\n    @allure.title(\"POST /projects\")\n    @pytest.mark.parametrize(\"space_column_id\", valid_ids)\n    def test_5_create_project_with_invalid_space_column_id(login_projects, space_column_id):\n        response = login_projects.post(\n            HOST + \"/projects\",\n            json={\n                \"name\": \"Проект\",\n                \"spaceColumnId\": space_column_id,\n                \"color\": \"string\",\n                \"responsibleId\": None,\n                \"postponingTaskDayCount\": 0,\n            },\n        )\n>       assert response.status_code == 400\nE       assert 500 == 400\nE        +  where 500 = <Response [500]>.status_code\n\ntests\\4 test_projects\\test_projects.py:88: AssertionError"}, "parameters": [{"name": "space_column_id", "value": "7"}], "start": 1694700798495, "stop": 1694700798504, "uuid": "23410715-c3b9-4c6c-a429-103220ab7a8e", "historyId": "8f27e1f624218189403cc1ec1fc7f076", "testCaseId": "e199a20962cebcee995115f7f6d60ff0", "fullName": "tests.4 test_projects.test_projects#test_5_create_project_with_invalid_space_column_id", "labels": [{"name": "parentSuite", "value": "tests.4 test_projects"}, {"name": "suite", "value": "test_projects"}, {"name": "host", "value": "WIN-V4MLJNPG1BI"}, {"name": "thread", "value": "17340-MainThread"}, {"name": "framework", "value": "pytest"}, {"name": "language", "value": "cpython3"}, {"name": "package", "value": "tests.4 test_projects.test_projects"}]}