{"name": "POST /projects/project_id/stages", "status": "failed", "statusDetails": {"message": "AssertionError: assert 201 == 400\n +  where 201 = <Response [201]>.status_code", "trace": "login_projects = <requests.sessions.Session object at 0x000001B1A2B795D0>, task = 9\n\n    @allure.title(\"POST /projects/project_id/stages\")\n    @pytest.mark.parametrize(\"task\", valid_ids)\n    def test_40_create_stage_into_project_with_invalid_task(login_projects, task):\n        project = login_projects.get(HOST + \"/projects/all-projects\").json()[0]\n        project_id = project[\"id\"]\n        response = login_projects.post(\n            HOST + f\"/projects/{project_id}/stages\",\n            json={\"name\": \"Колонка\", \"order\": 0, \"tasks\": [task]},\n        )\n>       assert response.status_code == 400\nE       assert 201 == 400\nE        +  where 201 = <Response [201]>.status_code\n\ntests\\4 test_projects\\test_projects.py:537: AssertionError"}, "parameters": [{"name": "task", "value": "9"}], "start": 1694611990351, "stop": 1694611990408, "uuid": "374720d2-c24d-4899-bbf0-fcbcc2b4a027", "historyId": "58db3b100d02a50bc580c6c5f657a2db", "testCaseId": "0f07bfb2e4d3363b75aab347c20a6867", "fullName": "tests.4 test_projects.test_projects#test_40_create_stage_into_project_with_invalid_task", "labels": [{"name": "parentSuite", "value": "tests.4 test_projects"}, {"name": "suite", "value": "test_projects"}, {"name": "host", "value": "WIN-V4MLJNPG1BI"}, {"name": "thread", "value": "12412-MainThread"}, {"name": "framework", "value": "pytest"}, {"name": "language", "value": "cpython3"}, {"name": "package", "value": "tests.4 test_projects.test_projects"}]}