{"name": "DELETE /projects/project_id/embed/embed_id", "status": "failed", "statusDetails": {"message": "AssertionError: assert 500 == 400\n +  where 500 = <Response [500]>.status_code", "trace": "login_projects = <requests.sessions.Session object at 0x000001BF5B54D390>, project_embed_id = 5\n\n    @allure.title(\"DELETE /projects/project_id/embed/embed_id\")\n    @pytest.mark.parametrize(\"project_embed_id\", valid_ids)\n    def test_103_delete_embed(login_projects, project_embed_id):\n        project = login_projects.get(HOST + \"/projects/all-projects\").json()[0]\n        project_id = project[\"id\"]\n        response = login_projects.delete(\n            HOST + f\"/projects/{project_id}/embed/{project_embed_id}\"\n        )\n>       assert response.status_code == 400\nE       assert 500 == 400\nE        +  where 500 = <Response [500]>.status_code\n\ntests\\4 test_projects\\test_projects.py:1220: AssertionError"}, "parameters": [{"name": "project_embed_id", "value": "5"}], "start": 1694700824948, "stop": 1694700824990, "uuid": "230c7eac-fc89-4a4c-8861-536f98b28a0d", "historyId": "04fe1e7b341785a9e4875eb1a4ce570f", "testCaseId": "cc630cd129e4e80c2806e1984c9886fd", "fullName": "tests.4 test_projects.test_projects#test_103_delete_embed", "labels": [{"name": "parentSuite", "value": "tests.4 test_projects"}, {"name": "suite", "value": "test_projects"}, {"name": "host", "value": "WIN-V4MLJNPG1BI"}, {"name": "thread", "value": "17340-MainThread"}, {"name": "framework", "value": "pytest"}, {"name": "language", "value": "cpython3"}, {"name": "package", "value": "tests.4 test_projects.test_projects"}]}