{"name": "PATCH /projects/updateProjectStage/moveProject", "status": "failed", "statusDetails": {"message": "AssertionError: assert 500 == 400\n +  where 500 = <Response [500]>.status_code", "trace": "login_projects = <requests.sessions.Session object at 0x000001BF5B54D390>, project_stage_id = 111\n\n    @allure.title(\"PATCH /projects/updateProjectStage/moveProject\")\n    @pytest.mark.parametrize(\"project_stage_id\", valid_ids)\n    def test_70_update_project_stage(login_projects, project_stage_id):\n        project = login_projects.get(HOST + \"/projects/all-projects\").json()[0]\n        project_id = project[\"id\"]\n        response = login_projects.patch(\n            HOST + f\"/projects/updateProjectStage/moveProject\",\n            json={\"stageId\": project_stage_id, \"newProjectId\": project_id},\n        )\n>       assert response.status_code == 400\nE       assert 500 == 400\nE        +  where 500 = <Response [500]>.status_code\n\ntests\\4 test_projects\\test_projects.py:880: AssertionError"}, "parameters": [{"name": "project_stage_id", "value": "111"}], "start": 1694700817557, "stop": 1694700817598, "uuid": "8ba5508e-3a0b-4668-9cf9-454e8161e458", "historyId": "af76f119ab04fcb029f1936f01973a79", "testCaseId": "6d52161de6420a7f906df02cf1ddaf1d", "fullName": "tests.4 test_projects.test_projects#test_70_update_project_stage", "labels": [{"name": "parentSuite", "value": "tests.4 test_projects"}, {"name": "suite", "value": "test_projects"}, {"name": "host", "value": "WIN-V4MLJNPG1BI"}, {"name": "thread", "value": "17340-MainThread"}, {"name": "framework", "value": "pytest"}, {"name": "language", "value": "cpython3"}, {"name": "package", "value": "tests.4 test_projects.test_projects"}]}