{"name": "PATCH /spaces/space_id/name", "status": "failed", "statusDetails": {"message": "AssertionError: assert 403 == 400\n +  where 403 = <Response [403]>.status_code", "trace": "login_spaces = <requests.sessions.Session object at 0x000001BF5AE33690>, space_id = 3, name = 'name'\n\n    @pytest.mark.parametrize(\"space_id\", valid_ids)\n    @pytest.mark.parametrize(\"name\", valid_names)\n    @allure.title(\"PATCH /spaces/space_id/name\")\n    def test_9_patch_name_invalid_space_id(login_spaces, space_id, name):\n        create_space = login_spaces.patch(\n            HOST + f\"/spaces/{space_id}/name\", data={\"name\": name}\n        )\n>       assert create_space.status_code == 400\nE       assert 403 == 400\nE        +  where 403 = <Response [403]>.status_code\n\ntests\\3 test_spaces\\test_spaces.py:91: AssertionError"}, "parameters": [{"name": "name", "value": "'name'"}, {"name": "space_id", "value": "3"}], "start": 1694700756770, "stop": 1694700756780, "uuid": "6bd70ee9-667c-4d52-b5c1-7e831880ffbc", "historyId": "4f1f8e535a1f8d3e5c2c7d8d282e9310", "testCaseId": "3626543acc3c6170d7b9c6026a518166", "fullName": "tests.3 test_spaces.test_spaces#test_9_patch_name_invalid_space_id", "labels": [{"name": "parentSuite", "value": "tests.3 test_spaces"}, {"name": "suite", "value": "test_spaces"}, {"name": "host", "value": "WIN-V4MLJNPG1BI"}, {"name": "thread", "value": "17340-MainThread"}, {"name": "framework", "value": "pytest"}, {"name": "language", "value": "cpython3"}, {"name": "package", "value": "tests.3 test_spaces.test_spaces"}]}