{"name": "PATCH /projects/project_id/move", "status": "failed", "statusDetails": {"message": "AssertionError: assert 500 == 400\n +  where 500 = <Response [500]>.status_code", "trace": "login_projects = <requests.sessions.Session object at 0x000001BF5B54D390>, project_id = 2\n\n    @allure.title(\"PATCH /projects/project_id/move\")\n    @pytest.mark.parametrize(\"project_id\", valid_ids)\n    def test_28_move_project_with_invalid_id(login_projects, project_id):\n        response = login_projects.patch(\n            HOST + f\"/projects/{project_id}/move\", json={\"columnId\": 0, \"order\": 0}\n        )\n>       assert response.status_code == 400\nE       assert 500 == 400\nE        +  where 500 = <Response [500]>.status_code\n\ntests\\4 test_projects\\test_projects.py:388: AssertionError"}, "parameters": [{"name": "project_id", "value": "2"}], "start": 1694700804341, "stop": 1694700804349, "uuid": "339b623e-ce4b-4781-a92a-c0b0222ce2ac", "historyId": "20e79df3129c727ec14cf317ae627476", "testCaseId": "9333440e6309c4fbe011b99473195d00", "fullName": "tests.4 test_projects.test_projects#test_28_move_project_with_invalid_id", "labels": [{"name": "parentSuite", "value": "tests.4 test_projects"}, {"name": "suite", "value": "test_projects"}, {"name": "host", "value": "WIN-V4MLJNPG1BI"}, {"name": "thread", "value": "17340-MainThread"}, {"name": "framework", "value": "pytest"}, {"name": "language", "value": "cpython3"}, {"name": "package", "value": "tests.4 test_projects.test_projects"}]}