{"name": "PATCH /projects/project_id/move", "status": "failed", "statusDetails": {"message": "AssertionError: assert 500 == 400\n +  where 500 = <Response [500]>.status_code", "trace": "login_projects = <requests.sessions.Session object at 0x000001BF5B54D390>, space_column_id = 2\n\n    @allure.title(\"PATCH /projects/project_id/move\")\n    @pytest.mark.parametrize(\"space_column_id\", valid_ids)\n    def test_29_move_project_with_invalid_column_id(login_projects, space_column_id):\n        project = login_projects.get(HOST + \"/projects/all-projects\").json()[0]\n        project_id = project[\"id\"]\n        response = login_projects.patch(\n            HOST + f\"/projects/{project_id}/move\",\n            json={\"columnId\": space_column_id, \"order\": 0},\n        )\n>       assert response.status_code == 400\nE       assert 500 == 400\nE        +  where 500 = <Response [500]>.status_code\n\ntests\\4 test_projects\\test_projects.py:400: AssertionError"}, "parameters": [{"name": "space_column_id", "value": "2"}], "start": 1694700804871, "stop": 1694700804925, "uuid": "3e1c486c-3dc5-4728-bc01-6032678e6a7b", "historyId": "340b41af8a066611e23d2b83295b7135", "testCaseId": "d66297fd487e0af3e4d03ede5caed895", "fullName": "tests.4 test_projects.test_projects#test_29_move_project_with_invalid_column_id", "labels": [{"name": "parentSuite", "value": "tests.4 test_projects"}, {"name": "suite", "value": "test_projects"}, {"name": "host", "value": "WIN-V4MLJNPG1BI"}, {"name": "thread", "value": "17340-MainThread"}, {"name": "framework", "value": "pytest"}, {"name": "language", "value": "cpython3"}, {"name": "package", "value": "tests.4 test_projects.test_projects"}]}