{"name": "POST /reglaments/reglament_id/questions", "status": "failed", "statusDetails": {"message": "AssertionError: assert 500 == 400\n +  where 500 = <Response [500]>.status_code", "trace": "login_reglaments = <requests.sessions.Session object at 0x0000019203BC0350>, reglament_id = 122222222222222222...2222222222222222222\n\n    @allure.title(\"POST /reglaments/reglament_id/questions\")\n    @pytest.mark.parametrize(\"reglament_id\", invalid_space_id)\n    def test_31_create_questions_reglament(login_reglaments, reglament_id):\n        response = login_reglaments.post(\n            HOST + f\"/reglaments/{reglament_id}/questions\", json={\"name\": \"string\"}\n        )\n>       assert response.status_code == 400\nE       assert 500 == 400\nE        +  where 500 = <Response [500]>.status_code\n\ntests\\6 test_reglaments\\test_reglaments.py:326: AssertionError"}, "parameters": [{"name": "reglament_id", "value": "12222222222222222222222222222222222222222222222222222222222222222222222222222222222"}], "start": 1694700002657, "stop": 1694700002666, "uuid": "b5b5cc9b-dc55-4196-b27f-27f70620d2d3", "historyId": "3d6f73f9de7e18b47b1c965b0cfe97ac", "testCaseId": "4898ca9cea76fc79e99a304e1db0c565", "fullName": "tests.6 test_reglaments.test_reglaments#test_31_create_questions_reglament", "labels": [{"name": "parentSuite", "value": "tests.6 test_reglaments"}, {"name": "suite", "value": "test_reglaments"}, {"name": "host", "value": "WIN-V4MLJNPG1BI"}, {"name": "thread", "value": "17256-MainThread"}, {"name": "framework", "value": "pytest"}, {"name": "language", "value": "cpython3"}, {"name": "package", "value": "tests.6 test_reglaments.test_reglaments"}]}