{"name": "GET /spaces/space_id/projects", "status": "failed", "statusDetails": {"message": "AssertionError: assert 403 == 400\n +  where 403 = <Response [403]>.status_code", "trace": "login_spaces = <requests.sessions.Session object at 0x000001B1A22681D0>, space_id = 122222222222222222...2222222222222222222\n\n    @allure.title(\"GET /spaces/space_id/projects\")\n    @pytest.mark.parametrize(\"space_id\", invalid_space_id)\n    def test_25_get_projects_from_invalid_space(login_spaces, space_id):\n        response = login_spaces.get(HOST + f\"/spaces/{space_id}/projects\")\n>       assert response.status_code == 400\nE       assert 403 == 400\nE        +  where 403 = <Response [403]>.status_code\n\ntests\\3 test_spaces\\test_spaces.py:213: AssertionError"}, "parameters": [{"name": "space_id", "value": "12222222222222222222222222222222222222222222222222222222222222222222222222222222222"}], "start": 1694611946354, "stop": 1694611946362, "uuid": "9eeb4d27-9aa5-473b-bafb-ff493efeb2e5", "historyId": "1cbcbe4a85003b685f7a2b04c93b173a", "testCaseId": "01c2316e591c8358977d765b5042afd1", "fullName": "tests.3 test_spaces.test_spaces#test_25_get_projects_from_invalid_space", "labels": [{"name": "parentSuite", "value": "tests.3 test_spaces"}, {"name": "suite", "value": "test_spaces"}, {"name": "host", "value": "WIN-V4MLJNPG1BI"}, {"name": "thread", "value": "12412-MainThread"}, {"name": "framework", "value": "pytest"}, {"name": "language", "value": "cpython3"}, {"name": "package", "value": "tests.3 test_spaces.test_spaces"}]}