{"name": "POST /spaces/space_id/share-link/off", "status": "failed", "statusDetails": {"message": "AssertionError: assert 403 == 400\n +  where 403 = <Response [403]>.status_code", "trace": "login_spaces = <requests.sessions.Session object at 0x000001B1A22681D0>, space_id = 9\n\n    @allure.title(\"POST /spaces/space_id/share-link/off\")\n    @pytest.mark.parametrize(\"space_id\", valid_ids)\n    def test_23_invalid_space_share_link_on(login_spaces, space_id):\n        response = login_spaces.post(HOST + f\"/spaces/{space_id}/share-link/off\")\n>       assert response.status_code == 400\nE       assert 403 == 400\nE        +  where 403 = <Response [403]>.status_code\n\ntests\\3 test_spaces\\test_spaces.py:199: AssertionError"}, "parameters": [{"name": "space_id", "value": "9"}], "start": 1694611945821, "stop": 1694611945830, "uuid": "6b83fa5f-8ca3-4e2b-9c0e-e0273a4226e1", "historyId": "c7a1fd15272d4093a336e74bfe162c17", "testCaseId": "30fe040f443dbb0f930313494df8ebe3", "fullName": "tests.3 test_spaces.test_spaces#test_23_invalid_space_share_link_on", "labels": [{"name": "parentSuite", "value": "tests.3 test_spaces"}, {"name": "suite", "value": "test_spaces"}, {"name": "host", "value": "WIN-V4MLJNPG1BI"}, {"name": "thread", "value": "12412-MainThread"}, {"name": "framework", "value": "pytest"}, {"name": "language", "value": "cpython3"}, {"name": "package", "value": "tests.3 test_spaces.test_spaces"}]}