{"name": "PATCH /reglaments/reglament_id/content", "status": "failed", "statusDetails": {"message": "AssertionError: assert 500 == 400\n +  where 500 = <Response [500]>.status_code", "trace": "login_reglaments = <requests.sessions.Session object at 0x000002C4F541BC50>, reglament_id = 122222222222222222...2222222222222222222\n\n    @allure.title(\"PATCH /reglaments/reglament_id/content\")\n    @pytest.mark.parametrize(\"reglament_id\", invalid_space_id)\n    def test_44_change_reglament_content(login_reglaments, reglament_id):\n        response = login_reglaments.patch(\n            HOST + f\"/reglaments/{reglament_id}/content\",\n            json={\n                \"content\": \"string\",\n            },\n        )\n>       assert response.status_code == 400\nE       assert 500 == 400\nE        +  where 500 = <Response [500]>.status_code\n\ntests\\6 test_reglaments\\test_reglaments.py:488: AssertionError"}, "parameters": [{"name": "reglament_id", "value": "12222222222222222222222222222222222222222222222222222222222222222222222222222222222"}], "start": 1694700647311, "stop": 1694700647320, "uuid": "53dce603-bcfd-4b5e-9704-661c6b544b79", "historyId": "b049e96e7cae0532abab3b199fcb20ab", "testCaseId": "f696d7a5eaf25856f3f1fc20ecee17e5", "fullName": "tests.6 test_reglaments.test_reglaments#test_44_change_reglament_content", "labels": [{"name": "parentSuite", "value": "tests.6 test_reglaments"}, {"name": "suite", "value": "test_reglaments"}, {"name": "host", "value": "WIN-V4MLJNPG1BI"}, {"name": "thread", "value": "13756-MainThread"}, {"name": "framework", "value": "pytest"}, {"name": "language", "value": "cpython3"}, {"name": "package", "value": "tests.6 test_reglaments.test_reglaments"}]}