{"name": "PATCH /projects/project_id/showProjectReviewTab", "status": "failed", "statusDetails": {"message": "AssertionError: assert 500 == 400\n +  where 500 = <Response [500]>.status_code", "trace": "login_projects = <requests.sessions.Session object at 0x000001B1A2B795D0>, project_id = 4\n\n    @allure.title(\"PATCH /projects/project_id/showProjectReviewTab\")\n    @pytest.mark.parametrize(\"project_id\", valid_ids)\n    def test_74_show_project_review_tab(login_projects, project_id):\n        response = login_projects.patch(\n            HOST + f\"/projects/{project_id}/showProjectReviewTab\",\n            json={\n                \"show\": True,\n            },\n        )\n>       assert response.status_code == 400\nE       assert 500 == 400\nE        +  where 500 = <Response [500]>.status_code\n\ntests\\4 test_projects\\test_projects.py:930: AssertionError"}, "parameters": [{"name": "project_id", "value": "4"}], "start": 1694612004474, "stop": 1694612004493, "uuid": "7147d11d-a28c-44ee-8c17-9dbc54456307", "historyId": "0e098730c9b6d2327736001133808c9e", "testCaseId": "edfc16429faa27138cdef0f870b6980c", "fullName": "tests.4 test_projects.test_projects#test_74_show_project_review_tab", "labels": [{"name": "parentSuite", "value": "tests.4 test_projects"}, {"name": "suite", "value": "test_projects"}, {"name": "host", "value": "WIN-V4MLJNPG1BI"}, {"name": "thread", "value": "12412-MainThread"}, {"name": "framework", "value": "pytest"}, {"name": "language", "value": "cpython3"}, {"name": "package", "value": "tests.4 test_projects.test_projects"}]}