{"name": "POST /tasks", "status": "failed", "statusDetails": {"message": "AssertionError: assert 500 == 400\n +  where 500 = <Response [500]>.status_code", "trace": "login_tasks = <requests.sessions.Session object at 0x000001BF5BD60B50>, order = 122222222222222222...2222222222222222222\n\n    @allure.title(\"POST /tasks\")\n    @pytest.mark.parametrize(\"order\", invalid_orders)\n    def test_6_create_task(login_tasks, order):\n        project = login_tasks.get(HOST + \"/projects/all-projects\").json()[0]\n        project_stage_id = project[\"stages\"][0][\"id\"]\n        response = login_tasks.post(\n            HOST + \"/tasks\",\n            json={\n                \"name\": \"Задача\",\n                \"stageId\": project_stage_id,\n                \"order\": order,\n                \"responsibleUserId\": None,\n                \"description\": \"string\",\n                \"color\": \"string\",\n                \"dateBegin\": time_now(),\n                \"dateEnd\": time_now(),\n            },\n        )\n>       assert response.status_code == 400\nE       assert 500 == 400\nE        +  where 500 = <Response [500]>.status_code\n\ntests\\5 test_tasks\\test_tasks.py:120: AssertionError"}, "parameters": [{"name": "order", "value": "12222222222222222222222222222222222222222222222222222222222222222222222222222222222"}], "start": 1694700830007, "stop": 1694700830063, "uuid": "6915a4d9-a32e-4eb2-bc72-5e5a452f1000", "historyId": "d4ef952c93170545b958361dd2ba9adb", "testCaseId": "85225e8ed9b0a858905c03b8c6013579", "fullName": "tests.5 test_tasks.test_tasks#test_6_create_task", "labels": [{"name": "parentSuite", "value": "tests.5 test_tasks"}, {"name": "suite", "value": "test_tasks"}, {"name": "host", "value": "WIN-V4MLJNPG1BI"}, {"name": "thread", "value": "17340-MainThread"}, {"name": "framework", "value": "pytest"}, {"name": "language", "value": "cpython3"}, {"name": "package", "value": "tests.5 test_tasks.test_tasks"}]}