{"name": "GET /projects/project_id/description", "status": "failed", "statusDetails": {"message": "AssertionError: assert 500 == 400\n +  where 500 = <Response [500]>.status_code", "trace": "login_projects = <requests.sessions.Session object at 0x000001B1A2B795D0>, project_id = -10\n\n    @allure.title(\"GET /projects/project_id/description\")\n    @pytest.mark.parametrize(\"project_id\", invalid_space_id)\n    def test_42_get_project_description_with_invalid_id(login_projects, project_id):\n        response = login_projects.get(HOST + f\"/projects/{project_id}/description\")\n>       assert response.status_code == 400\nE       assert 500 == 400\nE        +  where 500 = <Response [500]>.status_code\n\ntests\\4 test_projects\\test_projects.py:551: AssertionError"}, "parameters": [{"name": "project_id", "value": "-10"}], "start": 1694611991427, "stop": 1694611991436, "uuid": "5a9e5f84-dd31-4ea1-bc39-b109a152b999", "historyId": "7cf4004185a065a000481569598b928d", "testCaseId": "a7b1fe5d38bcc26e64d382c164e6f1db", "fullName": "tests.4 test_projects.test_projects#test_42_get_project_description_with_invalid_id", "labels": [{"name": "parentSuite", "value": "tests.4 test_projects"}, {"name": "suite", "value": "test_projects"}, {"name": "host", "value": "WIN-V4MLJNPG1BI"}, {"name": "thread", "value": "12412-MainThread"}, {"name": "framework", "value": "pytest"}, {"name": "language", "value": "cpython3"}, {"name": "package", "value": "tests.4 test_projects.test_projects"}]}