{"name": "DELETE /reglaments/reglament_id/usersPassed", "status": "failed", "statusDetails": {"message": "AssertionError: assert 404 == 400\n +  where 404 = <Response [404]>.status_code", "trace": "login_reglaments = <requests.sessions.Session object at 0x0000019203BC0350>, reglament_id = 7\n\n    @allure.title(\"DELETE /reglaments/reglament_id/usersPassed\")\n    @pytest.mark.parametrize(\"reglament_id\", valid_ids)\n    def test_24_delete_users_passed_reglament(login_reglaments, reglament_id):\n        response = login_reglaments.delete(HOST + f\"/reglaments/{reglament_id}/usersPassed\")\n>       assert response.status_code == 400\nE       assert 404 == 400\nE        +  where 404 = <Response [404]>.status_code\n\ntests\\6 test_reglaments\\test_reglaments.py:266: AssertionError"}, "parameters": [{"name": "reglament_id", "value": "7"}], "start": 1694700001992, "stop": 1694700001999, "uuid": "bc5302a5-bf2d-4bdc-9b1a-a84ed0f18366", "historyId": "81a7b0793adf817fa3eac8cb9f1e7052", "testCaseId": "dc85257ea50058c19c7d3f6dcab8c28e", "fullName": "tests.6 test_reglaments.test_reglaments#test_24_delete_users_passed_reglament", "labels": [{"name": "parentSuite", "value": "tests.6 test_reglaments"}, {"name": "suite", "value": "test_reglaments"}, {"name": "host", "value": "WIN-V4MLJNPG1BI"}, {"name": "thread", "value": "17256-MainThread"}, {"name": "framework", "value": "pytest"}, {"name": "language", "value": "cpython3"}, {"name": "package", "value": "tests.6 test_reglaments.test_reglaments"}]}