{"name": "POST /projects", "status": "failed", "statusDetails": {"message": "AssertionError: assert 500 == 400\n +  where 500 = <Response [500]>.status_code", "trace": "login_projects = <requests.sessions.Session object at 0x000001B1A2B795D0>, space_column_id = 666\n\n    @allure.title(\"POST /projects\")\n    @pytest.mark.parametrize(\"space_column_id\", valid_ids)\n    def test_5_create_project_with_invalid_space_column_id(login_projects, space_column_id):\n        response = login_projects.post(\n            HOST + \"/projects\",\n            json={\n                \"name\": \"Проект\",\n                \"spaceColumnId\": space_column_id,\n                \"color\": \"string\",\n                \"responsibleId\": None,\n                \"postponingTaskDayCount\": 0,\n            },\n        )\n>       assert response.status_code == 400\nE       assert 500 == 400\nE        +  where 500 = <Response [500]>.status_code\n\ntests\\4 test_projects\\test_projects.py:88: AssertionError"}, "parameters": [{"name": "space_column_id", "value": "666"}], "start": 1694611980292, "stop": 1694611980300, "uuid": "ac1976e6-9fb0-4069-92a8-ab2ad0710802", "historyId": "5a7839cc9f5154c84ac538e46c80ac0e", "testCaseId": "e199a20962cebcee995115f7f6d60ff0", "fullName": "tests.4 test_projects.test_projects#test_5_create_project_with_invalid_space_column_id", "labels": [{"name": "parentSuite", "value": "tests.4 test_projects"}, {"name": "suite", "value": "test_projects"}, {"name": "host", "value": "WIN-V4MLJNPG1BI"}, {"name": "thread", "value": "12412-MainThread"}, {"name": "framework", "value": "pytest"}, {"name": "language", "value": "cpython3"}, {"name": "package", "value": "tests.4 test_projects.test_projects"}]}