{"name": "PATCH /projects/project_id", "status": "failed", "statusDetails": {"message": "AssertionError: assert 500 == 400\n +  where 500 = <Response [500]>.status_code", "trace": "login_projects = <requests.sessions.Session object at 0x000001B1A2B795D0>, responsible_id = 2\n\n    @allure.title(\"PATCH /projects/project_id\")\n    @pytest.mark.parametrize(\"responsible_id\", valid_ids)\n    def test_15_change_project_with_invalid_responsible_id(login_projects, responsible_id):\n        project = login_projects.get(HOST + \"/projects/all-projects\").json()[0]\n        project_id = project[\"id\"]\n        response = login_projects.patch(\n            HOST + f\"/projects/{project_id}\",\n            json={\n                \"name\": \"Проект\",\n                \"color\": \"string\",\n                \"responsibleId\": responsible_id,\n                \"postponingTaskDayCount\": 0,\n            },\n        )\n>       assert response.status_code == 400\nE       assert 500 == 400\nE        +  where 500 = <Response [500]>.status_code\n\ntests\\4 test_projects\\test_projects.py:259: AssertionError"}, "parameters": [{"name": "responsible_id", "value": "2"}], "start": 1694611983079, "stop": 1694611983131, "uuid": "1e3ccfb4-de54-4f43-8af5-32cbfa8cbbe5", "historyId": "811630812d4097898c2ddfe794e1753f", "testCaseId": "546492d1f148ef1810bdeb183237e5c6", "fullName": "tests.4 test_projects.test_projects#test_15_change_project_with_invalid_responsible_id", "labels": [{"name": "parentSuite", "value": "tests.4 test_projects"}, {"name": "suite", "value": "test_projects"}, {"name": "host", "value": "WIN-V4MLJNPG1BI"}, {"name": "thread", "value": "12412-MainThread"}, {"name": "framework", "value": "pytest"}, {"name": "language", "value": "cpython3"}, {"name": "package", "value": "tests.4 test_projects.test_projects"}]}