{"name": "POST /spaces/space_id/share-link/on", "status": "failed", "statusDetails": {"message": "AssertionError: assert 403 == 400\n +  where 403 = <Response [403]>.status_code", "trace": "login_spaces = <requests.sessions.Session object at 0x000001B1A22681D0>, space_id = 122222222222222222...2222222222222222222\n\n    @allure.title(\"POST /spaces/space_id/share-link/on\")\n    @pytest.mark.parametrize(\"space_id\", invalid_space_id)\n    def test_22_invalid_space_share_link_on(login_spaces, space_id):\n        response = login_spaces.post(HOST + f\"/spaces/{space_id}/share-link/on\")\n>       assert response.status_code == 400\nE       assert 403 == 400\nE        +  where 403 = <Response [403]>.status_code\n\ntests\\3 test_spaces\\test_spaces.py:192: AssertionError"}, "parameters": [{"name": "space_id", "value": "12222222222222222222222222222222222222222222222222222222222222222222222222222222222"}], "start": 1694611945478, "stop": 1694611945486, "uuid": "af0c8faa-5eb8-48db-a7f9-50d79fbb0e8f", "historyId": "aa55a9aca2859b684a12e1de6daa62e7", "testCaseId": "347942eca24eaeb88c8b9e707db35d73", "fullName": "tests.3 test_spaces.test_spaces#test_22_invalid_space_share_link_on", "labels": [{"name": "parentSuite", "value": "tests.3 test_spaces"}, {"name": "suite", "value": "test_spaces"}, {"name": "host", "value": "WIN-V4MLJNPG1BI"}, {"name": "thread", "value": "12412-MainThread"}, {"name": "framework", "value": "pytest"}, {"name": "language", "value": "cpython3"}, {"name": "package", "value": "tests.3 test_spaces.test_spaces"}]}