{"name": "PATCH /spaces/space_id/order", "status": "failed", "statusDetails": {"message": "AssertionError: assert 403 == 400\n +  where 403 = <Response [403]>.status_code", "trace": "login_spaces = <requests.sessions.Session object at 0x000001B1A22681D0>, order = 12222222, space_id = 3\n\n    @allure.title(\"PATCH /spaces/space_id/order\")\n    @pytest.mark.parametrize(\"order\", valid_orders)\n    @pytest.mark.parametrize(\"space_id\", valid_ids)\n    def test_36_change_order_invalid_space(login_spaces, order, space_id):\n        response = login_spaces.patch(\n            HOST + f\"/spaces/{space_id}/order\", json={\"order\": order}\n        )\n>       assert response.status_code == 400\nE       assert 403 == 400\nE        +  where 403 = <Response [403]>.status_code\n\ntests\\3 test_spaces\\test_spaces.py:316: AssertionError"}, "parameters": [{"name": "space_id", "value": "3"}, {"name": "order", "value": "12222222"}], "start": 1694611948993, "stop": 1694611949001, "uuid": "8e439d6b-2a72-474f-b768-d371a60b6877", "historyId": "5f82f7686ad3c690061008215c72df59", "testCaseId": "d9dcade6ed4b3f212c871a9e66c3ba7b", "fullName": "tests.3 test_spaces.test_spaces#test_36_change_order_invalid_space", "labels": [{"name": "parentSuite", "value": "tests.3 test_spaces"}, {"name": "suite", "value": "test_spaces"}, {"name": "host", "value": "WIN-V4MLJNPG1BI"}, {"name": "thread", "value": "12412-MainThread"}, {"name": "framework", "value": "pytest"}, {"name": "language", "value": "cpython3"}, {"name": "package", "value": "tests.3 test_spaces.test_spaces"}]}