{"name": "PATCH /tasks/task_id/changeTaskStatus", "status": "failed", "statusDetails": {"message": "AssertionError: assert 200 == 400\n +  where 200 = <Response [200]>.status_code", "trace": "login_tasks = <requests.sessions.Session object at 0x000001B19ECB4B10>, status = -10\n\n    @allure.title(\"PATCH /tasks/task_id/changeTaskStatus\")\n    @pytest.mark.parametrize(\"status\", invalid_post_task_day_count)\n    def test_77_change_task_status(login_tasks, status):\n        project = login_tasks.get(HOST + \"/projects/all-projects\").json()[0]\n        project_id = project[\"id\"]\n        task = login_tasks.get(HOST + f\"/projects/{project_id}/tasks\").json()[0]\n        task_id = task[\"id\"]\n        response = login_tasks.patch(\n            HOST + f\"/tasks/{task_id}/changeTaskStatus\",\n            json={\n                \"status\": status,\n            },\n        )\n>       assert response.status_code == 400\nE       assert 200 == 400\nE        +  where 200 = <Response [200]>.status_code\n\ntests\\5 test_tasks\\test_tasks.py:949: AssertionError"}, "parameters": [{"name": "status", "value": "-10"}], "start": 1694612046505, "stop": 1694612046608, "uuid": "9f633013-71ce-4a41-aae6-6f65e261ca60", "historyId": "d8b1aec51d6902e26d77ce9387d7208a", "testCaseId": "514253080efda38e89e171014c66f401", "fullName": "tests.5 test_tasks.test_tasks#test_77_change_task_status", "labels": [{"name": "parentSuite", "value": "tests.5 test_tasks"}, {"name": "suite", "value": "test_tasks"}, {"name": "host", "value": "WIN-V4MLJNPG1BI"}, {"name": "thread", "value": "12412-MainThread"}, {"name": "framework", "value": "pytest"}, {"name": "language", "value": "cpython3"}, {"name": "package", "value": "tests.5 test_tasks.test_tasks"}]}