{"name": "POST /spaces/space_id/share-link/off", "status": "failed", "statusDetails": {"message": "AssertionError: assert 403 == 400\n +  where 403 = <Response [403]>.status_code", "trace": "login_spaces = <requests.sessions.Session object at 0x000001B1A22681D0>, space_id = -10\n\n    @allure.title(\"POST /spaces/space_id/share-link/off\")\n    @pytest.mark.parametrize(\"space_id\", invalid_space_id)\n    def test_21_invalid_space_share_link_on(login_spaces, space_id):\n        response = login_spaces.post(HOST + f\"/spaces/{space_id}/share-link/off\")\n>       assert response.status_code == 400\nE       assert 403 == 400\nE        +  where 403 = <Response [403]>.status_code\n\ntests\\3 test_spaces\\test_spaces.py:185: AssertionError"}, "parameters": [{"name": "space_id", "value": "-10"}], "start": 1694611945454, "stop": 1694611945460, "uuid": "1e0deb81-f6f9-4032-9fbe-98ce4ac97108", "historyId": "f0429673b9258a58d453c68acc10d6c2", "testCaseId": "ee3503adb34bd64a0fccbdac0f9ec157", "fullName": "tests.3 test_spaces.test_spaces#test_21_invalid_space_share_link_on", "labels": [{"name": "parentSuite", "value": "tests.3 test_spaces"}, {"name": "suite", "value": "test_spaces"}, {"name": "host", "value": "WIN-V4MLJNPG1BI"}, {"name": "thread", "value": "12412-MainThread"}, {"name": "framework", "value": "pytest"}, {"name": "language", "value": "cpython3"}, {"name": "package", "value": "tests.3 test_spaces.test_spaces"}]}