{"name": "POST /projects/project_id/stages", "status": "failed", "statusDetails": {"message": "AssertionError: assert 500 == 400\n +  where 500 = <Response [500]>.status_code", "trace": "login_projects = <requests.sessions.Session object at 0x000001BF5B54D390>, project_id = 1\n\n    @allure.title(\"POST /projects/project_id/stages\")\n    @pytest.mark.parametrize(\"project_id\", valid_ids)\n    def test_37_create_stage_into_project_with_invalid_project_id(\n        login_projects, project_id\n    ):\n        response = login_projects.post(\n            HOST + f\"/projects/{project_id}/stages\",\n            json={\"name\": \"Колонка\", \"order\": 0, \"tasks\": []},\n        )\n>       assert response.status_code == 400\nE       assert 500 == 400\nE        +  where 500 = <Response [500]>.status_code\n\ntests\\4 test_projects\\test_projects.py:501: AssertionError"}, "parameters": [{"name": "project_id", "value": "1"}], "start": 1694700806649, "stop": 1694700806657, "uuid": "aad74173-6747-4eea-b075-e42e4458c49b", "historyId": "f82f21fefdad711c4c742bf5308f043f", "testCaseId": "21e01c0dca459b8d0f47d9ce7963dbc4", "fullName": "tests.4 test_projects.test_projects#test_37_create_stage_into_project_with_invalid_project_id", "labels": [{"name": "parentSuite", "value": "tests.4 test_projects"}, {"name": "suite", "value": "test_projects"}, {"name": "host", "value": "WIN-V4MLJNPG1BI"}, {"name": "thread", "value": "17340-MainThread"}, {"name": "framework", "value": "pytest"}, {"name": "language", "value": "cpython3"}, {"name": "package", "value": "tests.4 test_projects.test_projects"}]}