{"name": "POST /reglaments/reglament_id/questions", "status": "failed", "statusDetails": {"message": "AssertionError: assert 201 == 400\n +  where 201 = <Response [201]>.status_code", "trace": "login_reglaments = <requests.sessions.Session object at 0x000001F709A3B410>, name = ' '\n\n    @allure.title(\"POST /reglaments/reglament_id/questions\")\n    @pytest.mark.parametrize(\"name\", invalid_names)\n    def test_30_create_questions_reglament(login_reglaments, name):\n        reglament = login_reglaments.get(HOST + \"/reglaments\").json()[0]\n        reglament_id = reglament[\"id\"]\n        response = login_reglaments.post(\n            HOST + f\"/reglaments/{reglament_id}/questions\", json={\"name\": name}\n        )\n>       assert response.status_code == 400\nE       assert 201 == 400\nE        +  where 201 = <Response [201]>.status_code\n\ntests\\6 test_reglaments\\test_reglaments.py:317: AssertionError"}, "parameters": [{"name": "name", "value": "' '"}], "start": 1694700129630, "stop": 1694700129674, "uuid": "5c2d12f1-dc79-4c0f-9724-1e578f5d0e4b", "historyId": "83ffb42deae6d6767fed454e84b0235c", "testCaseId": "d5ac7e1da481c10c2fd387143420c737", "fullName": "tests.6 test_reglaments.test_reglaments#test_30_create_questions_reglament", "labels": [{"name": "parentSuite", "value": "tests.6 test_reglaments"}, {"name": "suite", "value": "test_reglaments"}, {"name": "host", "value": "WIN-V4MLJNPG1BI"}, {"name": "thread", "value": "5128-MainThread"}, {"name": "framework", "value": "pytest"}, {"name": "language", "value": "cpython3"}, {"name": "package", "value": "tests.6 test_reglaments.test_reglaments"}]}