{"name": "PATCH /tasks/complete", "status": "failed", "statusDetails": {"message": "AssertionError: assert 403 == 200\n +  where 403 = <Response [403]>.status_code", "trace": "login_tasks = <requests.sessions.Session object at 0x000001BF5BD60B50>\n\n    @allure.title(\"PATCH /tasks/complete\")\n    def test_20_task_complete(login_tasks):\n        project = login_tasks.get(HOST + \"/projects/all-projects\").json()[0]\n        project_id = project[\"id\"]\n        project_stage_id = project[\"stages\"][0][\"id\"]\n        task = login_tasks.get(HOST + f\"/projects/{project_id}/tasks\").json()[0]\n        task_id = task[\"id\"]\n        response = login_tasks.patch(\n            HOST + \"/tasks/complete\",\n            json={\"stageId\": project_stage_id, \"tasksIds\": [task_id]},\n        )\n>       assert response.status_code == 200\nE       assert 403 == 200\nE        +  where 403 = <Response [403]>.status_code\n\ntests\\5 test_tasks\\test_tasks.py:320: AssertionError"}, "start": 1694700833342, "stop": 1694700833417, "uuid": "3bc192de-d0fd-4bc5-bd42-a99bd50fdb9b", "historyId": "723e8302516874b59b48f18e9743b2dd", "testCaseId": "723e8302516874b59b48f18e9743b2dd", "fullName": "tests.5 test_tasks.test_tasks#test_20_task_complete", "labels": [{"name": "parentSuite", "value": "tests.5 test_tasks"}, {"name": "suite", "value": "test_tasks"}, {"name": "host", "value": "WIN-V4MLJNPG1BI"}, {"name": "thread", "value": "17340-MainThread"}, {"name": "framework", "value": "pytest"}, {"name": "language", "value": "cpython3"}, {"name": "package", "value": "tests.5 test_tasks.test_tasks"}]}