{"name": "DELETE /spaces/space_id/members/member_id", "status": "failed", "statusDetails": {"message": "AssertionError: assert 403 == 400\n +  where 403 = <Response [403]>.status_code", "trace": "login_spaces = <requests.sessions.Session object at 0x000001B1A22681D0>, space_id = 3\n\n    @allure.title(\"DELETE /spaces/space_id/members/member_id\")\n    @pytest.mark.parametrize(\"space_id\", valid_ids)\n    def test_30_delete_member_from_space(login_spaces, space_id):\n        response = login_spaces.delete(HOST + f\"/spaces/{space_id}/members/12345\")\n>       assert response.status_code == 400\nE       assert 403 == 400\nE        +  where 403 = <Response [403]>.status_code\n\ntests\\3 test_spaces\\test_spaces.py:252: AssertionError"}, "parameters": [{"name": "space_id", "value": "3"}], "start": 1694611947145, "stop": 1694611947157, "uuid": "e345a0c9-3b8a-43e3-824b-f1d812417b1b", "historyId": "fe95ffab273eaead35af6e93d532e2e2", "testCaseId": "c4fa023b0617af43ebf3b4a7d835edfe", "fullName": "tests.3 test_spaces.test_spaces#test_30_delete_member_from_space", "labels": [{"name": "parentSuite", "value": "tests.3 test_spaces"}, {"name": "suite", "value": "test_spaces"}, {"name": "host", "value": "WIN-V4MLJNPG1BI"}, {"name": "thread", "value": "12412-MainThread"}, {"name": "framework", "value": "pytest"}, {"name": "language", "value": "cpython3"}, {"name": "package", "value": "tests.3 test_spaces.test_spaces"}]}