{"name": "PATCH /projects/updateStageOrder/stage_id", "status": "failed", "statusDetails": {"message": "AssertionError: assert 500 == 400\n +  where 500 = <Response [500]>.status_code", "trace": "login_projects = <requests.sessions.Session object at 0x000001BF5B54D390>, project_stage_id = 7\n\n    @allure.title(\"PATCH /projects/updateStageOrder/stage_id\")\n    @pytest.mark.parametrize(\"project_stage_id\", valid_ids)\n    def test_65_update_stage_order_with_invalid_stage_id(login_projects, project_stage_id):\n        response = login_projects.patch(\n            HOST + f\"/projects/updateStageOrder/{project_stage_id}\", json={\"order\": 1}\n        )\n>       assert response.status_code == 400\nE       assert 500 == 400\nE        +  where 500 = <Response [500]>.status_code\n\ntests\\4 test_projects\\test_projects.py:820: AssertionError"}, "parameters": [{"name": "project_stage_id", "value": "7"}], "start": 1694700815412, "stop": 1694700815426, "uuid": "0398872c-28f4-4681-b998-42f86ccd56c3", "historyId": "9664d7e378c6ff1b31e3ec361d0f9e80", "testCaseId": "38c837830fa7790d154a529edd49e496", "fullName": "tests.4 test_projects.test_projects#test_65_update_stage_order_with_invalid_stage_id", "labels": [{"name": "parentSuite", "value": "tests.4 test_projects"}, {"name": "suite", "value": "test_projects"}, {"name": "host", "value": "WIN-V4MLJNPG1BI"}, {"name": "thread", "value": "17340-MainThread"}, {"name": "framework", "value": "pytest"}, {"name": "language", "value": "cpython3"}, {"name": "package", "value": "tests.4 test_projects.test_projects"}]}